{10:13:25 pm} - [INCOMING] > <policy-file-request/>
{11:20:31 am} - [INCOMING] > <policy-file-request/>
{11:20:31 am} - [INCOMING] > <msg t='sys'><body action='verChk' r='0'><ver v='153' /></body></msg>
{11:20:31 am} - [INCOMING] > <msg t='sys'><body action='rndK' r='-1'></body></msg>
{11:20:31 am} - [INCOMING] > <msg t='sys'><body action='login' r='0'><login z='w1'><nick><![CDATA[zaseth]]></nick><pword><![CDATA[H@@EG@D@FEBE]]></pword></login></body></msg>
{11:20:36 am} - [INCOMING] > <policy-file-request/>
{11:20:36 am} - [INCOMING] > <msg t='sys'><body action='verChk' r='0'><ver v='153' /></body></msg>
{11:20:36 am} - [INCOMING] > <msg t='sys'><body action='rndK' r='-1'></body></msg>
{11:20:36 am} - [INCOMING] > <msg t='sys'><body action='login' r='0'><login z='w1'><nick><![CDATA[zaseth]]></nick><pword><![CDATA[G@K@J@@@DEB@]]></pword></login></body></msg>
{11:20:36 am} - [INCOMING] > %xt%s%j#js%-1%%6991f1785150%en%
{11:20:36 am} - [INCOMING] > %xt%s%i#gi%-1%
{11:20:36 am} - [INCOMING] > %xt%s%b#gb%-1%
{11:20:36 am} - [INCOMING] > %xt%s%n#gn%-1%
{11:20:31 am} - [INCOMING] > <policy-file-request/>
{11:20:31 am} - [INCOMING] > <msg t='sys'><body action='verChk' r='0'><ver v='153' /></body></msg>
{11:20:31 am} - [INCOMING] > <msg t='sys'><body action='rndK' r='-1'></body></msg>
{11:20:31 am} - [INCOMING] > <msg t='sys'><body action='login' r='0'><login z='w1'><nick><![CDATA[Daan]]></nick><pword><![CDATA[I@C@F@@@B@B@]]></pword></login></body></msg>
{11:20:36 am} - [INCOMING] > <policy-file-request/>
{11:20:36 am} - [INCOMING] > <msg t='sys'><body action='verChk' r='0'><ver v='153' /></body></msg>
{11:20:36 am} - [INCOMING] > <msg t='sys'><body action='rndK' r='-1'></body></msg>
{11:20:36 am} - [INCOMING] > <msg t='sys'><body action='login' r='0'><login z='w1'><nick><![CDATA[Daan]]></nick><pword><![CDATA[B@F@B@E@E@BE]]></pword></login></body></msg>
{11:20:36 am} - [INCOMING] > %xt%s%j#js%-1%%34147abb88ae%en%
{11:20:36 am} - [INCOMING] > %xt%s%i#gi%-1%
{11:20:36 am} - [INCOMING] > %xt%s%b#gb%-1%
{11:20:36 am} - [INCOMING] > %xt%s%n#gn%-1%
{11:20:36 am} - [INCOMING] > %xt%s%u#glr%-1%
{11:20:36 am} - [INCOMING] > %xt%s%i#qpa%-1%101%
{11:20:36 am} - [INCOMING] > %xt%s%u#sp%-1%278%405%
{11:20:36 am} - [INCOMING] > %xt%s%u#sp%-1%442%385%
{11:20:36 am} - [INCOMING] > %xt%s%g#gr%-1%
{11:20:36 am} - [INCOMING] > %xt%s%b#br%-1%101%
{11:20:36 am} - [INCOMING] > %xt%s%b#ba%-1%100%
{11:20:36 am} - [INCOMING] > %xt%s%u#gp%-1%101%
{11:20:36 am} - [INCOMING] > %xt%s%g#gr%-1%
{11:20:31 am} - [INCOMING] > <policy-file-request/>
{11:20:31 am} - [INCOMING] > <msg t='sys'><body action='verChk' r='0'><ver v='153' /></body></msg>
{11:20:31 am} - [INCOMING] > <msg t='sys'><body action='rndK' r='-1'></body></msg>
{11:20:31 am} - [INCOMING] > <msg t='sys'><body action='login' r='0'><login z='w1'><nick><![CDATA[zaseth]]></nick><pword><![CDATA[CEK@BECEGEFE]]></pword></login></body></msg>
{11:20:36 am} - [INCOMING] > <policy-file-request/>
{11:20:36 am} - [INCOMING] > <msg t='sys'><body action='verChk' r='0'><ver v='153' /></body></msg>
{11:20:36 am} - [INCOMING] > <msg t='sys'><body action='rndK' r='-1'></body></msg>
{11:20:36 am} - [INCOMING] > <msg t='sys'><body action='login' r='0'><login z='w1'><nick><![CDATA[zaseth]]></nick><pword><![CDATA[EEFEJ@E@@EG@]]></pword></login></body></msg>
{11:20:36 am} - [INCOMING] > %xt%s%j#js%-1%%dd94b44dfc2d%en%
{11:20:36 am} - [INCOMING] > %xt%s%i#gi%-1%
{11:20:36 am} - [INCOMING] > %xt%s%b#gb%-1%
{11:20:36 am} - [INCOMING] > %xt%s%n#gn%-1%
{11:20:31 am} - [INCOMING] > <policy-file-request/>
{11:20:31 am} - [INCOMING] > <msg t='sys'><body action='verChk' r='0'><ver v='153' /></body></msg>
{11:20:31 am} - [INCOMING] > <msg t='sys'><body action='rndK' r='-1'></body></msg>
{11:20:31 am} - [INCOMING] > <msg t='sys'><body action='login' r='0'><login z='w1'><nick><![CDATA[Daan]]></nick><pword><![CDATA[EEDEGEI@AEC@]]></pword></login></body></msg>
{11:20:36 am} - [INCOMING] > <policy-file-request/>
{11:20:36 am} - [INCOMING] > <msg t='sys'><body action='verChk' r='0'><ver v='153' /></body></msg>
{11:20:36 am} - [INCOMING] > <msg t='sys'><body action='rndK' r='-1'></body></msg>
{11:20:36 am} - [INCOMING] > <msg t='sys'><body action='login' r='0'><login z='w1'><nick><![CDATA[Daan]]></nick><pword><![CDATA[DEA@GECEAED@]]></pword></login></body></msg>
{11:20:36 am} - [INCOMING] > %xt%s%j#js%-1%%e3dbc7e26c38%en%
{11:20:36 am} - [INCOMING] > %xt%s%i#gi%-1%
{11:20:36 am} - [INCOMING] > %xt%s%b#gb%-1%
{11:20:36 am} - [INCOMING] > %xt%s%n#gn%-1%
{11:20:36 am} - [INCOMING] > %xt%s%u#glr%-1%
{11:20:36 am} - [INCOMING] > %xt%s%i#qpa%-1%101%
{11:20:31 am} - [INCOMING] > <policy-file-request/>
{11:20:31 am} - [INCOMING] > <msg t='sys'><body action='verChk' r='0'><ver v='153' /></body></msg>
{11:20:31 am} - [INCOMING] > <msg t='sys'><body action='rndK' r='-1'></body></msg>
{11:20:31 am} - [INCOMING] > <msg t='sys'><body action='login' r='0'><login z='w1'><nick><![CDATA[zaseth]]></nick><pword><![CDATA[B@F@EEBEC@J@]]></pword></login></body></msg>
{11:23:58 am} - [INCOMING] > <policy-file-request/>
{11:23:58 am} - [INCOMING] > <msg t='sys'><body action='verChk' r='0'><ver v='153' /></body></msg>
{11:23:58 am} - [INCOMING] > <msg t='sys'><body action='rndK' r='-1'></body></msg>
{11:23:58 am} - [INCOMING] > <msg t='sys'><body action='login' r='0'><login z='w1'><nick><![CDATA[zaseth]]></nick><pword><![CDATA[F@DEG@F@@ED@]]></pword></login></body></msg>
{11:23:58 am} - [INCOMING] > %xt%s%j#js%-1%%7f47b773ab8f%en%
{11:23:58 am} - [INCOMING] > %xt%s%i#gi%-1%
{11:23:58 am} - [INCOMING] > %xt%s%b#gb%-1%
{11:23:58 am} - [INCOMING] > %xt%s%n#gn%-1%
{11:23:58 am} - [INCOMING] > %xt%s%u#glr%-1%
{11:23:58 am} - [INCOMING] > %xt%s%i#qpa%-1%100%
{11:23:58 am} - [INCOMING] > %xt%s%u#sp%-1%315%370%
{11:23:58 am} - [INCOMING] > %xt%s%u#sp%-1%471%345%
{11:20:31 am} - [INCOMING] > <policy-file-request/>
{11:20:31 am} - [INCOMING] > <msg t='sys'><body action='verChk' r='0'><ver v='153' /></body></msg>
{11:20:31 am} - [INCOMING] > <msg t='sys'><body action='rndK' r='-1'></body></msg>
{11:20:31 am} - [INCOMING] > <msg t='sys'><body action='login' r='0'><login z='w1'><nick><![CDATA[Daan]]></nick><pword><![CDATA[G@G@FEDEGEK@]]></pword></login></body></msg>
{11:24:27 am} - [INCOMING] > <policy-file-request/>
{11:24:27 am} - [INCOMING] > <msg t='sys'><body action='verChk' r='0'><ver v='153' /></body></msg>
{11:24:27 am} - [INCOMING] > <msg t='sys'><body action='rndK' r='-1'></body></msg>
{11:24:27 am} - [INCOMING] > <msg t='sys'><body action='login' r='0'><login z='w1'><nick><![CDATA[zaseth]]></nick><pword><![CDATA[CEC@BEA@B@@E]]></pword></login></body></msg>
{11:24:25 am} - [INCOMING] > <policy-file-request/>
{11:24:25 am} - [INCOMING] > <msg t='sys'><body action='verChk' r='0'><ver v='153' /></body></msg>
{11:24:25 am} - [INCOMING] > <msg t='sys'><body action='rndK' r='-1'></body></msg>
{11:24:25 am} - [INCOMING] > <msg t='sys'><body action='login' r='0'><login z='w1'><nick><![CDATA[zaseth]]></nick><pword><![CDATA[A@FEA@CE@@F@]]></pword></login></body></msg>
{11:24:25 am} - [INCOMING] > %xt%s%j#js%-1%%0d2b25745f17%en%
{11:24:25 am} - [INCOMING] > %xt%s%i#gi%-1%
{11:24:25 am} - [INCOMING] > %xt%s%b#gb%-1%
{11:24:25 am} - [INCOMING] > %xt%s%n#gn%-1%
{11:24:25 am} - [INCOMING] > %xt%s%u#glr%-1%
{11:24:25 am} - [INCOMING] > %xt%s%u#sp%-1%230%285%
{11:24:25 am} - [INCOMING] > %xt%s%u#sp%-1%297%295%
{11:24:27 am} - [INCOMING] > <policy-file-request/>
{11:24:27 am} - [INCOMING] > <msg t='sys'><body action='verChk' r='0'><ver v='153' /></body></msg>
{11:24:27 am} - [INCOMING] > <msg t='sys'><body action='rndK' r='-1'></body></msg>
{11:24:27 am} - [INCOMING] > <msg t='sys'><body action='login' r='0'><login z='w1'><nick><![CDATA[Daan]]></nick><pword><![CDATA[A@K@EECEC@@E]]></pword></login></body></msg>
{11:24:25 am} - [INCOMING] > <policy-file-request/>
{11:24:25 am} - [INCOMING] > <msg t='sys'><body action='verChk' r='0'><ver v='153' /></body></msg>
{11:24:25 am} - [INCOMING] > <msg t='sys'><body action='rndK' r='-1'></body></msg>
{11:24:25 am} - [INCOMING] > <msg t='sys'><body action='login' r='0'><login z='w1'><nick><![CDATA[Daan]]></nick><pword><![CDATA[BEGEB@C@AEK@]]></pword></login></body></msg>
{11:24:25 am} - [INCOMING] > %xt%s%j#js%-1%%ce12c89ef4cd%en%
{11:24:25 am} - [INCOMING] > %xt%s%i#gi%-1%
{11:24:25 am} - [INCOMING] > %xt%s%b#gb%-1%
{11:24:25 am} - [INCOMING] > %xt%s%n#gn%-1%
{11:24:25 am} - [INCOMING] > %xt%s%u#glr%-1%
{11:24:25 am} - [INCOMING] > %xt%s%u#sp%-1%247%330%
{11:24:25 am} - [INCOMING] > %xt%s%u#sp%-1%279%321%
{11:24:25 am} - [INCOMING] > %xt%s%g#gr%-1%
{11:24:27 am} - [INCOMING] > <policy-file-request/>
{11:24:27 am} - [INCOMING] > <msg t='sys'><body action='verChk' r='0'><ver v='153' /></body></msg>
{11:24:27 am} - [INCOMING] > <msg t='sys'><body action='rndK' r='-1'></body></msg>
{11:24:27 am} - [INCOMING] > <msg t='sys'><body action='login' r='0'><login z='w1'><nick><![CDATA[zaseth]]></nick><pword><![CDATA[I@@EFEB@@EB@]]></pword></login></body></msg>
{11:26:43 am} - [INCOMING] > <policy-file-request/>
{11:26:43 am} - [INCOMING] > <msg t='sys'><body action='verChk' r='0'><ver v='153' /></body></msg>
{11:26:43 am} - [INCOMING] > <msg t='sys'><body action='rndK' r='-1'></body></msg>
{11:26:43 am} - [INCOMING] > <msg t='sys'><body action='login' r='0'><login z='w1'><nick><![CDATA[zaseth]]></nick><pword><![CDATA[G@J@B@@E@@GE]]></pword></login></body></msg>
{11:26:45 am} - [INCOMING] > <policy-file-request/>
{11:26:45 am} - [INCOMING] > <msg t='sys'><body action='verChk' r='0'><ver v='153' /></body></msg>
{11:26:45 am} - [INCOMING] > <msg t='sys'><body action='rndK' r='-1'></body></msg>
{11:26:45 am} - [INCOMING] > <msg t='sys'><body action='login' r='0'><login z='w1'><nick><![CDATA[zaseth]]></nick><pword><![CDATA[C@GEG@@@GEGE]]></pword></login></body></msg>
{11:26:45 am} - [INCOMING] > %xt%s%j#js%-1%%2e41ed192b98%en%
{11:26:45 am} - [INCOMING] > %xt%s%i#gi%-1%
{11:26:45 am} - [INCOMING] > %xt%s%b#gb%-1%
{11:26:45 am} - [INCOMING] > %xt%s%n#gn%-1%
{11:26:45 am} - [INCOMING] > %xt%s%u#glr%-1%
{11:26:45 am} - [INCOMING] > %xt%s%i#qpa%-1%100%
{11:26:45 am} - [INCOMING] > %xt%s%u#sp%-1%322%302%
{11:26:45 am} - [INCOMING] > %xt%s%g#gr%-1%
{11:26:45 am} - [INCOMING] > %xt%s%i#qpp%-1%100%
{11:26:45 am} - [INCOMING] > %xt%s%st#gsbcd%-1%100%
{11:26:45 am} - [INCOMING] > %xt%s%st#gps%-1%100%
{11:26:45 am} - [INCOMING] > %xt%s%i#qpa%-1%100%
{11:26:45 am} - [INCOMING] > %xt%s%st#gmres%-1%
{11:26:45 am} - [INCOMING] > %xt%s%g#gr%-1%
{11:26:45 am} - [INCOMING] > %xt%s%i#qpp%-1%0%
{11:26:45 am} - [INCOMING] > %xt%s%st#gsbcd%-1%0%
{11:27:49 am} - [INCOMING] > <policy-file-request/>
{11:27:49 am} - [INCOMING] > <msg t='sys'><body action='verChk' r='0'><ver v='153' /></body></msg>
{11:27:49 am} - [INCOMING] > <msg t='sys'><body action='rndK' r='-1'></body></msg>
{11:27:49 am} - [INCOMING] > <msg t='sys'><body action='login' r='0'><login z='w1'><nick><![CDATA[zaseth]]></nick><pword><![CDATA[@EE@K@H@GEGE]]></pword></login></body></msg>
{11:27:50 am} - [INCOMING] > <policy-file-request/>
{11:27:50 am} - [INCOMING] > <msg t='sys'><body action='verChk' r='0'><ver v='153' /></body></msg>
{11:27:50 am} - [INCOMING] > <msg t='sys'><body action='rndK' r='-1'></body></msg>
{11:27:50 am} - [INCOMING] > <msg t='sys'><body action='login' r='0'><login z='w1'><nick><![CDATA[zaseth]]></nick><pword><![CDATA[G@CEB@I@FEE@]]></pword></login></body></msg>
{11:27:50 am} - [INCOMING] > %xt%s%j#js%-1%%6a18d65df746%en%
{11:27:50 am} - [INCOMING] > %xt%s%i#gi%-1%
{11:27:50 am} - [INCOMING] > %xt%s%b#gb%-1%
{11:27:50 am} - [INCOMING] > %xt%s%n#gn%-1%
{11:27:50 am} - [INCOMING] > %xt%s%u#glr%-1%
{11:27:50 am} - [INCOMING] > %xt%s%i#qpa%-1%100%
{11:27:50 am} - [INCOMING] > %xt%s%g#gr%-1%
{11:27:50 am} - [INCOMING] > %xt%s%i#qpp%-1%0%
{11:27:50 am} - [INCOMING] > %xt%s%st#gsbcd%-1%0%
{11:27:49 am} - [INCOMING] > <policy-file-request/>
{11:27:49 am} - [INCOMING] > <msg t='sys'><body action='verChk' r='0'><ver v='153' /></body></msg>
{11:27:49 am} - [INCOMING] > <msg t='sys'><body action='rndK' r='-1'></body></msg>
{11:27:49 am} - [INCOMING] > <msg t='sys'><body action='login' r='0'><login z='w1'><nick><![CDATA[zaseth]]></nick><pword><![CDATA[EEE@GEE@G@AE]]></pword></login></body></msg>
{11:28:45 am} - [INCOMING] > <policy-file-request/>
{11:28:45 am} - [INCOMING] > <msg t='sys'><body action='verChk' r='0'><ver v='153' /></body></msg>
{11:28:45 am} - [INCOMING] > <msg t='sys'><body action='rndK' r='-1'></body></msg>
{11:28:45 am} - [INCOMING] > <msg t='sys'><body action='login' r='0'><login z='w1'><nick><![CDATA[zaseth]]></nick><pword><![CDATA[D@AEC@EE@ED@]]></pword></login></body></msg>
{11:28:45 am} - [INCOMING] > %xt%s%j#js%-1%%5c0db7577153%en%
{11:28:45 am} - [INCOMING] > %xt%s%i#gi%-1%
{11:28:45 am} - [INCOMING] > %xt%s%b#gb%-1%
{11:28:45 am} - [INCOMING] > %xt%s%n#gn%-1%
{11:28:45 am} - [INCOMING] > %xt%s%g#gr%-1%
{11:28:45 am} - [INCOMING] > %xt%s%i#qpp%-1%0%
{11:28:45 am} - [INCOMING] > %xt%s%st#gsbcd%-1%0%
{11:27:49 am} - [INCOMING] > <policy-file-request/>
{11:27:49 am} - [INCOMING] > <msg t='sys'><body action='verChk' r='0'><ver v='153' /></body></msg>
{11:27:49 am} - [INCOMING] > <msg t='sys'><body action='rndK' r='-1'></body></msg>
{11:27:49 am} - [INCOMING] > <msg t='sys'><body action='login' r='0'><login z='w1'><nick><![CDATA[zaseth]]></nick><pword><![CDATA[F@AEJ@EEK@BE]]></pword></login></body></msg>
{11:29:54 am} - [INCOMING] > <policy-file-request/>
{11:29:54 am} - [INCOMING] > <msg t='sys'><body action='verChk' r='0'><ver v='153' /></body></msg>
{11:29:54 am} - [INCOMING] > <msg t='sys'><body action='rndK' r='-1'></body></msg>
{11:29:54 am} - [INCOMING] > <msg t='sys'><body action='login' r='0'><login z='w1'><nick><![CDATA[zaseth]]></nick><pword><![CDATA[@EB@J@D@@@AE]]></pword></login></body></msg>
{11:29:54 am} - [INCOMING] > %xt%s%j#js%-1%%a0952b4620ed%en%
{11:29:54 am} - [INCOMING] > %xt%s%i#gi%-1%
{11:29:54 am} - [INCOMING] > %xt%s%b#gb%-1%
{11:29:54 am} - [INCOMING] > %xt%s%n#gn%-1%
{11:29:54 am} - [INCOMING] > %xt%s%g#gr%-1%
{11:29:54 am} - [INCOMING] > %xt%s%i#qpp%-1%0%
{11:29:54 am} - [INCOMING] > %xt%s%st#gsbcd%-1%0%
{11:27:49 am} - [INCOMING] > <policy-file-request/>
{11:27:49 am} - [INCOMING] > <msg t='sys'><body action='verChk' r='0'><ver v='153' /></body></msg>
{11:27:49 am} - [INCOMING] > <msg t='sys'><body action='rndK' r='-1'></body></msg>
{11:27:49 am} - [INCOMING] > <msg t='sys'><body action='login' r='0'><login z='w1'><nick><![CDATA[zaseth]]></nick><pword><![CDATA[CEAEB@D@G@AE]]></pword></login></body></msg>
{11:34:28 am} - [INCOMING] > <policy-file-request/>
{11:34:28 am} - [INCOMING] > <msg t='sys'><body action='verChk' r='0'><ver v='153' /></body></msg>
{11:34:28 am} - [INCOMING] > <msg t='sys'><body action='rndK' r='-1'></body></msg>
{11:34:28 am} - [INCOMING] > <msg t='sys'><body action='login' r='0'><login z='w1'><nick><![CDATA[zaseth]]></nick><pword><![CDATA[CEF@F@E@FE@@]]></pword></login></body></msg>
{11:34:28 am} - [INCOMING] > %xt%s%j#js%-1%%b454d3072b87%en%
{11:34:28 am} - [INCOMING] > %xt%s%i#gi%-1%
{11:34:28 am} - [INCOMING] > %xt%s%b#gb%-1%
{11:34:28 am} - [INCOMING] > %xt%s%n#gn%-1%
{11:34:28 am} - [INCOMING] > %xt%s%u#sp%-1%338%212%
{11:34:28 am} - [INCOMING] > %xt%s%u#sp%-1%307%224%
{11:34:28 am} - [INCOMING] > %xt%s%u#sp%-1%307%224%
{11:34:28 am} - [INCOMING] > %xt%s%g#gr%-1%
{11:34:28 am} - [INCOMING] > %xt%s%i#qpp%-1%100%
{11:27:49 am} - [INCOMING] > <policy-file-request/>
{11:27:49 am} - [INCOMING] > <msg t='sys'><body action='verChk' r='0'><ver v='153' /></body></msg>
{11:27:49 am} - [INCOMING] > <msg t='sys'><body action='rndK' r='-1'></body></msg>
{11:27:49 am} - [INCOMING] > <msg t='sys'><body action='login' r='0'><login z='w1'><nick><![CDATA[zaseth]]></nick><pword><![CDATA[DEF@G@DE@EA@]]></pword></login></body></msg>
{11:35:02 am} - [INCOMING] > <policy-file-request/>
{11:35:02 am} - [INCOMING] > <msg t='sys'><body action='verChk' r='0'><ver v='153' /></body></msg>
{11:35:02 am} - [INCOMING] > <msg t='sys'><body action='rndK' r='-1'></body></msg>
{11:35:02 am} - [INCOMING] > <msg t='sys'><body action='login' r='0'><login z='w1'><nick><![CDATA[zaseth]]></nick><pword><![CDATA[A@@@@EC@G@@E]]></pword></login></body></msg>
{11:35:02 am} - [INCOMING] > %xt%s%j#js%-1%%02c25cb3376a%en%
{11:35:02 am} - [INCOMING] > %xt%s%i#gi%-1%
{11:35:02 am} - [INCOMING] > %xt%s%b#gb%-1%
{11:35:02 am} - [INCOMING] > %xt%s%n#gn%-1%
{11:35:02 am} - [INCOMING] > %xt%s%u#sp%-1%310%229%
{11:35:02 am} - [INCOMING] > %xt%s%u#sp%-1%274%226%
{11:35:02 am} - [INCOMING] > %xt%s%g#gr%-1%
{11:35:02 am} - [INCOMING] > %xt%s%i#qpp%-1%100%
{11:35:02 am} - [INCOMING] > %xt%s%st#gsbcd%-1%100%
{11:35:02 am} - [INCOMING] > %xt%s%st#gps%-1%100%
{11:35:02 am} - [INCOMING] > %xt%s%i#qpa%-1%100%
{11:35:02 am} - [INCOMING] > %xt%s%st#gmres%-1%
{11:44:55 am} - [INCOMING] > <policy-file-request/>
{11:44:55 am} - [INCOMING] > <msg t='sys'><body action='verChk' r='0'><ver v='153' /></body></msg>
{11:44:55 am} - [INCOMING] > <msg t='sys'><body action='rndK' r='-1'></body></msg>
{11:44:55 am} - [INCOMING] > <msg t='sys'><body action='login' r='0'><login z='w1'><nick><![CDATA[zaseth]]></nick><pword><![CDATA[DEF@FEB@J@GE]]></pword></login></body></msg>
{11:44:56 am} - [INCOMING] > <policy-file-request/>
{11:44:56 am} - [INCOMING] > <msg t='sys'><body action='verChk' r='0'><ver v='153' /></body></msg>
{11:44:56 am} - [INCOMING] > <msg t='sys'><body action='rndK' r='-1'></body></msg>
{11:44:56 am} - [INCOMING] > <msg t='sys'><body action='login' r='0'><login z='w1'><nick><![CDATA[zaseth]]></nick><pword><![CDATA[G@AE@@F@@ED@]]></pword></login></body></msg>
{11:44:56 am} - [INCOMING] > %xt%s%j#js%-1%%6c37b70ef873%en%
{11:44:56 am} - [INCOMING] > %xt%s%i#gi%-1%
{11:44:56 am} - [INCOMING] > %xt%s%b#gb%-1%
{11:44:56 am} - [INCOMING] > %xt%s%n#gn%-1%
{11:44:56 am} - [INCOMING] > %xt%s%u#glr%-1%
{11:44:56 am} - [INCOMING] > %xt%s%i#qpa%-1%100%
{11:44:56 am} - [INCOMING] > %xt%s%u#sp%-1%325%317%
{11:44:56 am} - [INCOMING] > %xt%s%u#sp%-1%358%276%
{11:44:56 am} - [INCOMING] > %xt%s%u#sp%-1%353%340%
{11:44:55 am} - [INCOMING] > <policy-file-request/>
{11:44:55 am} - [INCOMING] > <msg t='sys'><body action='verChk' r='0'><ver v='153' /></body></msg>
{11:44:55 am} - [INCOMING] > <msg t='sys'><body action='rndK' r='-1'></body></msg>
{11:44:55 am} - [INCOMING] > <msg t='sys'><body action='login' r='0'><login z='w1'><nick><![CDATA[Daan]]></nick><pword><![CDATA[H@E@E@BE@@GE]]></pword></login></body></msg>
{11:49:42 am} - [INCOMING] > <policy-file-request/>
{11:49:42 am} - [INCOMING] > <msg t='sys'><body action='verChk' r='0'><ver v='153' /></body></msg>
{11:49:42 am} - [INCOMING] > <msg t='sys'><body action='rndK' r='-1'></body></msg>
{11:49:42 am} - [INCOMING] > <msg t='sys'><body action='login' r='0'><login z='w1'><nick><![CDATA[zaseth]]></nick><pword><![CDATA[EEDEBECEA@C@]]></pword></login></body></msg>
{11:52:47 am} - [INCOMING] > <policy-file-request/>
{11:52:47 am} - [INCOMING] > <msg t='sys'><body action='verChk' r='0'><ver v='153' /></body></msg>
{11:52:47 am} - [INCOMING] > <msg t='sys'><body action='rndK' r='-1'></body></msg>
{11:52:47 am} - [INCOMING] > <msg t='sys'><body action='login' r='0'><login z='w1'><nick><![CDATA[zaseth]]></nick><pword><![CDATA[EEA@D@DEE@G@]]></pword></login></body></msg>
{11:52:51 am} - [INCOMING] > <policy-file-request/>
{11:52:51 am} - [INCOMING] > <msg t='sys'><body action='verChk' r='0'><ver v='153' /></body></msg>
{11:52:51 am} - [INCOMING] > <msg t='sys'><body action='rndK' r='-1'></body></msg>
{11:52:51 am} - [INCOMING] > <msg t='sys'><body action='login' r='0'><login z='w1'><nick><![CDATA[zaseth]]></nick><pword><![CDATA[A@DEG@@EJ@FE]]></pword></login></body></msg>
{11:52:51 am} - [INCOMING] > %xt%s%j#js%-1%%0f4a8e94fe87%en%
{11:52:51 am} - [INCOMING] > %xt%s%i#gi%-1%
{11:52:51 am} - [INCOMING] > %xt%s%b#gb%-1%
{11:52:51 am} - [INCOMING] > %xt%s%n#gn%-1%
{11:52:51 am} - [INCOMING] > %xt%s%u#glr%-1%
{11:52:51 am} - [INCOMING] > %xt%s%i#qpa%-1%100%
{11:52:51 am} - [INCOMING] > %xt%s%u#sp%-1%334%292%
{11:52:51 am} - [INCOMING] > %xt%s%g#gr%-1%
{11:52:51 am} - [INCOMING] > %xt%s%i#qpp%-1%100%
{11:52:51 am} - [INCOMING] > %xt%s%st#gsbcd%-1%100%
{11:52:51 am} - [INCOMING] > %xt%s%st#gps%-1%100%
{11:52:51 am} - [INCOMING] > %xt%s%i#qpa%-1%100%
{11:52:51 am} - [INCOMING] > %xt%s%st#gmres%-1%
{11:52:51 am} - [INCOMING] > %xt%s%i#qpp%-1%100%
{11:52:51 am} - [INCOMING] > %xt%s%st#gsbcd%-1%100%
{11:52:51 am} - [INCOMING] > %xt%s%st#gps%-1%100%
{11:52:51 am} - [INCOMING] > %xt%s%i#qpa%-1%100%
{11:52:51 am} - [INCOMING] > %xt%s%st#gmres%-1%
{11:52:51 am} - [INCOMING] > %xt%s%u#h%-1%
{11:52:51 am} - [INCOMING] > %xt%s%u#h%-1%
{11:52:47 am} - [INCOMING] > <policy-file-request/>
{11:52:47 am} - [INCOMING] > <msg t='sys'><body action='verChk' r='0'><ver v='153' /></body></msg>
{11:52:47 am} - [INCOMING] > <msg t='sys'><body action='rndK' r='-1'></body></msg>
{11:52:47 am} - [INCOMING] > <msg t='sys'><body action='login' r='0'><login z='w1'><nick><![CDATA[zaseth]]></nick><pword><![CDATA[F@E@C@I@K@GE]]></pword></login></body></msg>
{11:55:33 am} - [INCOMING] > <policy-file-request/>
{11:55:33 am} - [INCOMING] > <msg t='sys'><body action='verChk' r='0'><ver v='153' /></body></msg>
{11:55:33 am} - [INCOMING] > <msg t='sys'><body action='rndK' r='-1'></body></msg>
{11:55:33 am} - [INCOMING] > <msg t='sys'><body action='login' r='0'><login z='w1'><nick><![CDATA[zaseth]]></nick><pword><![CDATA[CEA@AEF@E@BE]]></pword></login></body></msg>
{11:55:33 am} - [INCOMING] > %xt%s%j#js%-1%%b3b77a1ce2e2%en%
{11:55:33 am} - [INCOMING] > %xt%s%i#gi%-1%
{11:55:33 am} - [INCOMING] > %xt%s%b#gb%-1%
{11:55:33 am} - [INCOMING] > %xt%s%n#gn%-1%
{11:55:33 am} - [INCOMING] > %xt%s%u#glr%-1%
{11:55:33 am} - [INCOMING] > %xt%s%i#qpa%-1%100%
{11:55:33 am} - [INCOMING] > %xt%s%g#gr%-1%
{11:55:33 am} - [INCOMING] > %xt%s%i#qpp%-1%100%
{11:55:33 am} - [INCOMING] > %xt%s%st#gsbcd%-1%100%
{11:55:33 am} - [INCOMING] > %xt%s%st#gps%-1%100%
{11:55:33 am} - [INCOMING] > %xt%s%i#qpa%-1%100%
{11:55:33 am} - [INCOMING] > %xt%s%st#gmres%-1%
{11:52:47 am} - [INCOMING] > <policy-file-request/>
{11:52:47 am} - [INCOMING] > <msg t='sys'><body action='verChk' r='0'><ver v='153' /></body></msg>
{11:52:47 am} - [INCOMING] > <msg t='sys'><body action='rndK' r='-1'></body></msg>
{11:52:47 am} - [INCOMING] > <msg t='sys'><body action='login' r='0'><login z='w1'><nick><![CDATA[zaseth]]></nick><pword><![CDATA[BE@EE@BEJ@J@]]></pword></login></body></msg>
{11:56:24 am} - [INCOMING] > <policy-file-request/>
{11:56:24 am} - [INCOMING] > <msg t='sys'><body action='verChk' r='0'><ver v='153' /></body></msg>
{11:56:24 am} - [INCOMING] > <msg t='sys'><body action='rndK' r='-1'></body></msg>
{11:56:24 am} - [INCOMING] > <msg t='sys'><body action='login' r='0'><login z='w1'><nick><![CDATA[zaseth]]></nick><pword><![CDATA[C@J@D@E@G@J@]]></pword></login></body></msg>
{11:56:24 am} - [INCOMING] > %xt%s%j#js%-1%%287459a707db%en%
{11:56:24 am} - [INCOMING] > %xt%s%i#gi%-1%
{11:56:24 am} - [INCOMING] > %xt%s%b#gb%-1%
{11:56:24 am} - [INCOMING] > %xt%s%n#gn%-1%
{11:56:24 am} - [INCOMING] > %xt%s%u#glr%-1%
{11:56:24 am} - [INCOMING] > %xt%s%i#qpa%-1%100%
{11:56:24 am} - [INCOMING] > %xt%s%g#gr%-1%
{11:56:24 am} - [INCOMING] > %xt%s%i#qpp%-1%100%
{11:56:24 am} - [INCOMING] > %xt%s%st#gsbcd%-1%100%
{11:56:24 am} - [INCOMING] > %xt%s%st#gps%-1%100%
{11:56:24 am} - [INCOMING] > %xt%s%i#qpa%-1%100%
{11:56:24 am} - [INCOMING] > %xt%s%st#gmres%-1%
{11:56:24 am} - [INCOMING] > %xt%s%st#ssbcd%-1%4%10%1%1%
{11:56:24 am} - [INCOMING] > %xt%s%u#h%-1%
{11:52:47 am} - [INCOMING] > <policy-file-request/>
{11:52:47 am} - [INCOMING] > <msg t='sys'><body action='verChk' r='0'><ver v='153' /></body></msg>
{11:52:47 am} - [INCOMING] > <msg t='sys'><body action='rndK' r='-1'></body></msg>
{11:52:47 am} - [INCOMING] > <msg t='sys'><body action='login' r='0'><login z='w1'><nick><![CDATA[zaseth]]></nick><pword><![CDATA[I@@@EEBEE@@E]]></pword></login></body></msg>
{11:56:24 am} - [INCOMING] > <policy-file-request/>
{11:56:24 am} - [INCOMING] > <msg t='sys'><body action='verChk' r='0'><ver v='153' /></body></msg>
{11:56:24 am} - [INCOMING] > <msg t='sys'><body action='rndK' r='-1'></body></msg>
{11:56:24 am} - [INCOMING] > <msg t='sys'><body action='login' r='0'><login z='w1'><nick><![CDATA[zaseth]]></nick><pword><![CDATA[@@FEBEA@E@BE]]></pword></login></body></msg>
{11:56:24 am} - [INCOMING] > %xt%s%j#js%-1%%1da07a5c7a68%en%
{11:56:24 am} - [INCOMING] > %xt%s%i#gi%-1%
{11:56:24 am} - [INCOMING] > %xt%s%b#gb%-1%
{11:56:24 am} - [INCOMING] > %xt%s%n#gn%-1%
{11:56:24 am} - [INCOMING] > %xt%s%g#gr%-1%
{11:56:24 am} - [INCOMING] > %xt%s%i#qpp%-1%100%
{11:56:24 am} - [INCOMING] > %xt%s%st#gsbcd%-1%100%
{11:56:24 am} - [INCOMING] > %xt%s%st#gps%-1%100%
{11:56:24 am} - [INCOMING] > %xt%s%i#qpa%-1%100%
{11:56:24 am} - [INCOMING] > %xt%s%st#gmres%-1%
{11:56:24 am} - [INCOMING] > %xt%s%st#ssbcd%-1%1%1%1%1%0|7|263|215|0|1%0|8|429|212|0|3%
{11:56:24 am} - [INCOMING] > %xt%s%u#h%-1%
{11:56:24 am} - [INCOMING] > %xt%s%u#h%-1%
{11:56:24 am} - [INCOMING] > %xt%s%i#qpp%-1%100%
{11:56:24 am} - [INCOMING] > %xt%s%st#gsbcd%-1%100%
{11:56:24 am} - [INCOMING] > %xt%s%st#gps%-1%100%
{11:56:24 am} - [INCOMING] > %xt%s%i#qpa%-1%100%
{11:56:24 am} - [INCOMING] > %xt%s%st#gmres%-1%
{11:56:24 am} - [INCOMING] > %xt%s%u#h%-1%
{11:56:24 am} - [INCOMING] > %xt%s%st#ssbcd%-1%1%1%1%1%0|7|621|170|0|1%0|8|158|241|0|3%
{11:56:24 am} - [INCOMING] > %xt%s%u#h%-1%
{11:52:47 am} - [INCOMING] > <policy-file-request/>
{11:52:47 am} - [INCOMING] > <msg t='sys'><body action='verChk' r='0'><ver v='153' /></body></msg>
{11:52:47 am} - [INCOMING] > <msg t='sys'><body action='rndK' r='-1'></body></msg>
{11:52:47 am} - [INCOMING] > <msg t='sys'><body action='login' r='0'><login z='w1'><nick><![CDATA[zaseth]]></nick><pword><![CDATA[B@AEJ@BEGEF@]]></pword></login></body></msg>
{12:09:24 pm} - [INCOMING] > <policy-file-request/>
{12:09:24 pm} - [INCOMING] > <msg t='sys'><body action='verChk' r='0'><ver v='153' /></body></msg>
{12:09:24 pm} - [INCOMING] > <msg t='sys'><body action='rndK' r='-1'></body></msg>
{12:09:24 pm} - [INCOMING] > <msg t='sys'><body action='login' r='0'><login z='w1'><nick><![CDATA[zaseth]]></nick><pword><![CDATA[GEE@@ECEJ@AE]]></pword></login></body></msg>
{12:09:24 pm} - [INCOMING] > %xt%s%j#js%-1%%f7cb8b4de019%en%
{12:09:24 pm} - [INCOMING] > %xt%s%i#gi%-1%
{12:09:24 pm} - [INCOMING] > %xt%s%b#gb%-1%
{12:09:24 pm} - [INCOMING] > %xt%s%n#gn%-1%
{12:09:24 pm} - [INCOMING] > %xt%s%u#glr%-1%
{12:09:24 pm} - [INCOMING] > %xt%s%u#sp%-1%321%316%
{12:09:24 pm} - [INCOMING] > %xt%s%u#sp%-1%260%327%
{12:09:24 pm} - [INCOMING] > %xt%s%u#sp%-1%254%301%
{12:09:24 pm} - [INCOMING] > %xt%s%g#gr%-1%
{12:09:24 pm} - [INCOMING] > %xt%s%i#qpp%-1%100%
{12:09:24 pm} - [INCOMING] > %xt%s%st#gsbcd%-1%100%
{12:09:24 pm} - [INCOMING] > %xt%s%st#gps%-1%100%
{12:09:24 pm} - [INCOMING] > %xt%s%i#qpa%-1%100%
{12:09:24 pm} - [INCOMING] > %xt%s%st#gmres%-1%
{12:09:24 pm} - [INCOMING] > %xt%s%st#ssbcd%-1%1%1%1%1%
{12:09:24 pm} - [INCOMING] > %xt%s%st#ssbcd%-1%1%1%1%1%0|7|333|232|0|1%
{12:09:24 pm} - [INCOMING] > %xt%s%i#qpp%-1%100%
{12:09:24 pm} - [INCOMING] > %xt%s%st#gsbcd%-1%100%
{12:09:24 pm} - [INCOMING] > %xt%s%st#gps%-1%100%
{12:09:24 pm} - [INCOMING] > %xt%s%i#qpa%-1%100%
{12:09:24 pm} - [INCOMING] > %xt%s%st#gmres%-1%
{12:09:24 pm} - [INCOMING] > %xt%s%st#ssbcd%-1%1%1%1%1%0|7|435|274|0|1%
{12:09:24 pm} - [INCOMING] > %xt%s%i#qpp%-1%100%
{12:09:24 pm} - [INCOMING] > %xt%s%st#gsbcd%-1%100%
{12:09:24 pm} - [INCOMING] > %xt%s%st#gps%-1%100%
{12:09:24 pm} - [INCOMING] > %xt%s%i#qpa%-1%100%
{12:09:24 pm} - [INCOMING] > %xt%s%st#gmres%-1%
{11:52:47 am} - [INCOMING] > <policy-file-request/>
{11:52:47 am} - [INCOMING] > <msg t='sys'><body action='verChk' r='0'><ver v='153' /></body></msg>
{11:52:47 am} - [INCOMING] > <msg t='sys'><body action='rndK' r='-1'></body></msg>
{11:52:47 am} - [INCOMING] > <msg t='sys'><body action='login' r='0'><login z='w1'><nick><![CDATA[zaseth]]></nick><pword><![CDATA[ACBCCCACBCCC]]></pword></login></body></msg>
{11:52:47 am} - [INCOMING] > <msg t='sys'><body action='verChk' r='0'><ver v='153' /></body></msg>
{11:52:47 am} - [INCOMING] > <msg t='sys'><body action='rndK' r='-1'></body></msg>
{11:52:47 am} - [INCOMING] > <msg t='sys'><body action='login' r='0'><login z='w1'><nick><![CDATA[zaseth]]></nick><pword><![CDATA[BEB@F@BE@ED@]]></pword></login></body></msg>
{12:10:42 pm} - [INCOMING] > <policy-file-request/>
{12:10:42 pm} - [INCOMING] > <msg t='sys'><body action='verChk' r='0'><ver v='153' /></body></msg>
{12:10:42 pm} - [INCOMING] > <msg t='sys'><body action='rndK' r='-1'></body></msg>
{12:10:42 pm} - [INCOMING] > <msg t='sys'><body action='login' r='0'><login z='w1'><nick><![CDATA[zaseth]]></nick><pword><![CDATA[BEK@B@B@E@K@]]></pword></login></body></msg>
{12:10:42 pm} - [INCOMING] > %xt%s%j#js%-1%%c91378af013a%en%
{12:10:42 pm} - [INCOMING] > %xt%s%i#gi%-1%
{12:10:42 pm} - [INCOMING] > %xt%s%b#gb%-1%
{12:10:42 pm} - [INCOMING] > %xt%s%n#gn%-1%
{12:10:42 pm} - [INCOMING] > %xt%s%u#sp%-1%316%286%
{12:10:42 pm} - [INCOMING] > %xt%s%u#sp%-1%265%254%
{12:10:42 pm} - [INCOMING] > %xt%s%u#sp%-1%246%260%
{12:10:42 pm} - [INCOMING] > %xt%s%g#gr%-1%
{12:10:42 pm} - [INCOMING] > %xt%s%i#qpp%-1%100%
{12:10:42 pm} - [INCOMING] > %xt%s%st#gsbcd%-1%100%
{12:10:42 pm} - [INCOMING] > %xt%s%st#gps%-1%100%
{12:10:42 pm} - [INCOMING] > %xt%s%i#qpa%-1%100%
{12:10:42 pm} - [INCOMING] > %xt%s%st#gmres%-1%
{12:10:42 pm} - [INCOMING] > %xt%s%st#ssbcd%-1%1%1%1%1%0|7|380|251|0|1%
{12:10:42 pm} - [INCOMING] > %xt%s%i#qpp%-1%100%
{12:10:42 pm} - [INCOMING] > %xt%s%st#gsbcd%-1%100%
{12:10:42 pm} - [INCOMING] > %xt%s%st#gps%-1%100%
{12:10:42 pm} - [INCOMING] > %xt%s%i#qpa%-1%100%
{12:10:42 pm} - [INCOMING] > %xt%s%st#gmres%-1%
{11:52:47 am} - [INCOMING] > <policy-file-request/>
{11:52:47 am} - [INCOMING] > <msg t='sys'><body action='verChk' r='0'><ver v='153' /></body></msg>
{11:52:47 am} - [INCOMING] > <msg t='sys'><body action='rndK' r='-1'></body></msg>
{11:52:47 am} - [INCOMING] > <msg t='sys'><body action='login' r='0'><login z='w1'><nick><![CDATA[zaseth]]></nick><pword><![CDATA[G@@EF@D@@EG@]]></pword></login></body></msg>
{12:11:30 pm} - [INCOMING] > <policy-file-request/>
{12:11:30 pm} - [INCOMING] > <msg t='sys'><body action='verChk' r='0'><ver v='153' /></body></msg>
{12:11:30 pm} - [INCOMING] > <msg t='sys'><body action='rndK' r='-1'></body></msg>
{12:11:30 pm} - [INCOMING] > <msg t='sys'><body action='login' r='0'><login z='w1'><nick><![CDATA[zaseth]]></nick><pword><![CDATA[I@CEEEG@CEEE]]></pword></login></body></msg>
{12:11:30 pm} - [INCOMING] > %xt%s%j#js%-1%%8af6af01db26%en%
{12:11:30 pm} - [INCOMING] > %xt%s%i#gi%-1%
{12:11:30 pm} - [INCOMING] > %xt%s%b#gb%-1%
{12:11:30 pm} - [INCOMING] > %xt%s%n#gn%-1%
{12:11:30 pm} - [INCOMING] > %xt%s%u#glr%-1%
{12:11:30 pm} - [INCOMING] > %xt%s%g#gr%-1%
{12:11:30 pm} - [INCOMING] > %xt%s%i#qpp%-1%100%
{12:11:30 pm} - [INCOMING] > %xt%s%st#gsbcd%-1%100%
{12:11:30 pm} - [INCOMING] > %xt%s%st#gps%-1%100%
{12:11:30 pm} - [INCOMING] > %xt%s%i#qpa%-1%100%
{12:11:30 pm} - [INCOMING] > %xt%s%st#gmres%-1%
{12:11:30 pm} - [INCOMING] > %xt%s%st#ssbcd%-1%1%1%1%1%0|7|426|264|0|1%
{12:11:30 pm} - [INCOMING] > %xt%s%i#qpp%-1%100%
{12:11:30 pm} - [INCOMING] > %xt%s%st#gsbcd%-1%100%
{12:11:30 pm} - [INCOMING] > %xt%s%st#gps%-1%100%
{12:11:30 pm} - [INCOMING] > %xt%s%i#qpa%-1%100%
{12:11:30 pm} - [INCOMING] > %xt%s%st#gmres%-1%
{11:52:47 am} - [INCOMING] > <policy-file-request/>
{11:52:47 am} - [INCOMING] > <msg t='sys'><body action='verChk' r='0'><ver v='153' /></body></msg>
{11:52:47 am} - [INCOMING] > <msg t='sys'><body action='rndK' r='-1'></body></msg>
{11:52:47 am} - [INCOMING] > <msg t='sys'><body action='login' r='0'><login z='w1'><nick><![CDATA[zaseth]]></nick><pword><![CDATA[BE@EJ@GED@GE]]></pword></login></body></msg>
{12:13:41 pm} - [INCOMING] > <policy-file-request/>
{12:13:41 pm} - [INCOMING] > <msg t='sys'><body action='verChk' r='0'><ver v='153' /></body></msg>
{12:13:41 pm} - [INCOMING] > <msg t='sys'><body action='rndK' r='-1'></body></msg>
{12:13:41 pm} - [INCOMING] > <msg t='sys'><body action='login' r='0'><login z='w1'><nick><![CDATA[zaseth]]></nick><pword><![CDATA[F@E@AEBEE@AE]]></pword></login></body></msg>
{12:13:41 pm} - [INCOMING] > %xt%s%j#js%-1%%77bc7bc97f7f%en%
{12:13:41 pm} - [INCOMING] > %xt%s%i#gi%-1%
{12:13:41 pm} - [INCOMING] > %xt%s%b#gb%-1%
{12:13:41 pm} - [INCOMING] > %xt%s%n#gn%-1%
{12:13:41 pm} - [INCOMING] > %xt%s%u#glr%-1%
{12:13:41 pm} - [INCOMING] > %xt%s%i#qpa%-1%100%
{12:13:41 pm} - [INCOMING] > %xt%s%u#sp%-1%147%331%
{12:13:41 pm} - [INCOMING] > %xt%s%g#gr%-1%
{12:13:41 pm} - [INCOMING] > %xt%s%i#qpp%-1%100%
{12:13:41 pm} - [INCOMING] > %xt%s%st#gsbcd%-1%100%
{12:13:41 pm} - [INCOMING] > %xt%s%st#gps%-1%100%
{12:13:41 pm} - [INCOMING] > %xt%s%i#qpa%-1%100%
{12:13:41 pm} - [INCOMING] > %xt%s%st#gmres%-1%
{12:13:41 pm} - [INCOMING] > %xt%s%st#ssbcd%-1%1%1%1%1%0|7|369|226|0|1%
{12:13:41 pm} - [INCOMING] > %xt%s%i#qpp%-1%100%
{12:13:41 pm} - [INCOMING] > %xt%s%st#gsbcd%-1%100%
{12:13:41 pm} - [INCOMING] > %xt%s%st#gps%-1%100%
{12:13:41 pm} - [INCOMING] > %xt%s%i#qpa%-1%100%
{12:13:41 pm} - [INCOMING] > %xt%s%st#gmres%-1%
{12:13:41 pm} - [INCOMING] > %xt%s%st#ssbcd%-1%4%10%1%1%0|7|369|226|0|1%
{12:13:41 pm} - [INCOMING] > %xt%s%i#qpp%-1%100%
{12:13:41 pm} - [INCOMING] > %xt%s%st#gsbcd%-1%100%
{12:13:41 pm} - [INCOMING] > %xt%s%st#gps%-1%100%
{12:13:41 pm} - [INCOMING] > %xt%s%i#qpa%-1%100%
{12:13:41 pm} - [INCOMING] > %xt%s%st#gmres%-1%
{12:13:41 pm} - [INCOMING] > %xt%s%u#sp%-1%214%346%
{12:13:41 pm} - [INCOMING] > %xt%s%u#sp%-1%171%352%
{12:13:41 pm} - [INCOMING] > %xt%s%j#jr%-1%100%0%0%
{12:13:41 pm} - [INCOMING] > %xt%s%j#jr%-1%801%0%0%
{12:13:41 pm} - [INCOMING] > %xt%s%u#sp%-1%445%275%
{12:13:41 pm} - [INCOMING] > %xt%s%u#sp%-1%439%282%
{12:13:41 pm} - [INCOMING] > %xt%s%u#sp%-1%433%286%
{12:13:41 pm} - [INCOMING] > %xt%s%u#sp%-1%426%289%
{12:13:41 pm} - [INCOMING] > %xt%s%u#sp%-1%420%292%
{12:13:41 pm} - [INCOMING] > %xt%s%u#sf%-1%23%
{12:13:41 pm} - [INCOMING] > %xt%s%u#sf%-1%18%
{12:13:41 pm} - [INCOMING] > %xt%s%u#sb%-1%659%72%
{12:13:41 pm} - [INCOMING] > %xt%s%u#sb%-1%657%78%
{12:13:41 pm} - [INCOMING] > %xt%s%u#sb%-1%646%62%
{12:13:41 pm} - [INCOMING] > %xt%s%u#sb%-1%653%80%
{12:13:41 pm} - [INCOMING] > %xt%s%u#sb%-1%645%86%
{12:13:41 pm} - [INCOMING] > %xt%s%u#h%-1%
{12:13:41 pm} - [INCOMING] > %xt%s%u#sb%-1%642%81%
{12:13:41 pm} - [INCOMING] > %xt%s%u#sb%-1%659%77%
{12:13:41 pm} - [INCOMING] > %xt%s%u#sb%-1%660%78%
{12:13:41 pm} - [INCOMING] > %xt%s%u#sb%-1%654%73%
{12:13:41 pm} - [INCOMING] > %xt%s%u#sa%-1%25%
{12:13:41 pm} - [INCOMING] > %xt%s%u#sf%-1%18%
{12:13:41 pm} - [INCOMING] > %xt%s%u#se%-1%15%
{12:13:41 pm} - [INCOMING] > %xt%s%u#sf%-1%18%
{12:13:41 pm} - [INCOMING] > %xt%s%u#sf%-1%26%
{12:13:41 pm} - [INCOMING] > %xt%s%u#sp%-1%452%316%
{12:13:41 pm} - [INCOMING] > %xt%s%u#sp%-1%465%235%
{12:13:41 pm} - [INCOMING] > %xt%s%u#sp%-1%437%316%
{12:13:41 pm} - [INCOMING] > %xt%s%u#ss%-1%1%
{12:13:41 pm} - [INCOMING] > %xt%s%u#sj%-1%7%
{12:13:41 pm} - [INCOMING] > %xt%s%u#ss%-1%2%
{12:13:41 pm} - [INCOMING] > %xt%s%u#sp%-1%461%299%
{12:13:41 pm} - [INCOMING] > %xt%s%u#ss%-1%21%
{12:13:41 pm} - [INCOMING] > %xt%s%u#ss%-1%21%
{12:13:41 pm} - [INCOMING] > %xt%s%u#ss%-1%20%
{12:13:41 pm} - [INCOMING] > %xt%s%u#se%-1%15%
{12:13:41 pm} - [INCOMING] > %xt%s%u#sf%-1%17%
{12:13:41 pm} - [INCOMING] > %xt%s%u#sf%-1%17%
{12:13:41 pm} - [INCOMING] > %xt%s%u#sf%-1%18%
{12:13:41 pm} - [INCOMING] > %xt%s%u#sf%-1%18%
{12:13:41 pm} - [INCOMING] > %xt%s%u#sf%-1%23%
{12:13:41 pm} - [INCOMING] > %xt%s%u#sf%-1%23%
{12:13:41 pm} - [INCOMING] > %xt%s%u#sf%-1%23%
{12:13:41 pm} - [INCOMING] > %xt%s%u#sf%-1%23%
{12:13:41 pm} - [INCOMING] > %xt%s%u#sf%-1%22%
{12:13:41 pm} - [INCOMING] > %xt%s%u#sf%-1%22%
{12:13:41 pm} - [INCOMING] > %xt%s%u#sf%-1%22%
{12:13:41 pm} - [INCOMING] > %xt%s%u#sb%-1%657%76%
{12:13:41 pm} - [INCOMING] > %xt%s%u#sf%-1%22%
{12:13:41 pm} - [INCOMING] > %xt%s%u#sf%-1%22%
{12:13:41 pm} - [INCOMING] > %xt%s%u#h%-1%
{11:52:47 am} - [INCOMING] > <policy-file-request/>
{11:52:47 am} - [INCOMING] > <msg t='sys'><body action='verChk' r='0'><ver v='153' /></body></msg>
{11:52:47 am} - [INCOMING] > <msg t='sys'><body action='rndK' r='-1'></body></msg>
{11:52:47 am} - [INCOMING] > <msg t='sys'><body action='login' r='0'><login z='w1'><nick><![CDATA[zaseth]]></nick><pword><![CDATA[E@F@BEH@F@K@]]></pword></login></body></msg>
{12:31:23 pm} - [INCOMING] > <policy-file-request/>
{12:31:23 pm} - [INCOMING] > <msg t='sys'><body action='verChk' r='0'><ver v='153' /></body></msg>
{12:31:23 pm} - [INCOMING] > <msg t='sys'><body action='rndK' r='-1'></body></msg>
{12:31:23 pm} - [INCOMING] > <msg t='sys'><body action='login' r='0'><login z='w1'><nick><![CDATA[zaseth]]></nick><pword><![CDATA[A@AE@EE@A@EE]]></pword></login></body></msg>
{12:31:23 pm} - [INCOMING] > %xt%s%j#js%-1%%0cc43f535978%en%
{12:31:23 pm} - [INCOMING] > %xt%s%i#gi%-1%
{12:31:23 pm} - [INCOMING] > %xt%s%b#gb%-1%
{12:31:23 pm} - [INCOMING] > %xt%s%n#gn%-1%
{12:31:23 pm} - [INCOMING] > %xt%s%u#glr%-1%
{12:31:23 pm} - [INCOMING] > %xt%s%u#sp%-1%321%345%
{12:31:23 pm} - [INCOMING] > %xt%s%g#gr%-1%
{12:31:23 pm} - [INCOMING] > %xt%s%i#qpp%-1%100%
{12:31:23 pm} - [INCOMING] > %xt%s%st#gsbcd%-1%100%
{12:31:23 pm} - [INCOMING] > %xt%s%st#gps%-1%100%
{12:31:23 pm} - [INCOMING] > %xt%s%i#qpa%-1%100%
{12:31:23 pm} - [INCOMING] > %xt%s%st#gmres%-1%
{12:31:23 pm} - [INCOMING] > %xt%s%st#ssbcd%-1%4%10%1%1%0|7|369|226|0|1%0|8|215|220|0|3%
{12:31:23 pm} - [INCOMING] > %xt%s%i#qpp%-1%100%
{12:31:23 pm} - [INCOMING] > %xt%s%st#gsbcd%-1%100%
{12:31:23 pm} - [INCOMING] > %xt%s%st#gps%-1%100%
{12:31:23 pm} - [INCOMING] > %xt%s%i#qpa%-1%100%
{12:31:23 pm} - [INCOMING] > %xt%s%st#gmres%-1%
{12:31:23 pm} - [INCOMING] > %xt%s%st#ssbcd%-1%4%10%1%1%0|7|369|226|0|10%0|8|199|143|0|12%
{12:31:23 pm} - [INCOMING] > %xt%s%i#qpp%-1%100%
{12:31:23 pm} - [INCOMING] > %xt%s%st#gsbcd%-1%100%
{12:31:23 pm} - [INCOMING] > %xt%s%st#gps%-1%100%
{12:31:23 pm} - [INCOMING] > %xt%s%i#qpa%-1%100%
{12:31:23 pm} - [INCOMING] > %xt%s%st#gmres%-1%
{11:52:47 am} - [INCOMING] > <policy-file-request/>
{11:52:47 am} - [INCOMING] > <msg t='sys'><body action='verChk' r='0'><ver v='153' /></body></msg>
{11:52:47 am} - [INCOMING] > <msg t='sys'><body action='rndK' r='-1'></body></msg>
{11:52:47 am} - [INCOMING] > <msg t='sys'><body action='login' r='0'><login z='w1'><nick><![CDATA[zaseth]]></nick><pword><![CDATA[H@D@A@D@@@C@]]></pword></login></body></msg>
{12:32:12 pm} - [INCOMING] > <policy-file-request/>
{12:32:12 pm} - [INCOMING] > <msg t='sys'><body action='verChk' r='0'><ver v='153' /></body></msg>
{12:32:12 pm} - [INCOMING] > <msg t='sys'><body action='rndK' r='-1'></body></msg>
{12:32:12 pm} - [INCOMING] > <msg t='sys'><body action='login' r='0'><login z='w1'><nick><![CDATA[zaseth]]></nick><pword><![CDATA[@@CEGEB@A@@@]]></pword></login></body></msg>
{12:32:12 pm} - [INCOMING] > %xt%s%j#js%-1%%1ad3337ba1a7%en%
{12:32:12 pm} - [INCOMING] > %xt%s%i#gi%-1%
{12:32:12 pm} - [INCOMING] > %xt%s%b#gb%-1%
{12:32:12 pm} - [INCOMING] > %xt%s%n#gn%-1%
{12:32:12 pm} - [INCOMING] > %xt%s%u#glr%-1%
{12:32:12 pm} - [INCOMING] > %xt%s%i#qpa%-1%100%
{12:32:12 pm} - [INCOMING] > %xt%s%u#sp%-1%223%374%
{12:32:12 pm} - [INCOMING] > %xt%s%u#sp%-1%272%340%
{12:32:12 pm} - [INCOMING] > %xt%s%g#gr%-1%
{12:32:12 pm} - [INCOMING] > %xt%s%i#qpp%-1%100%
{12:32:12 pm} - [INCOMING] > %xt%s%st#gsbcd%-1%100%
{12:32:12 pm} - [INCOMING] > %xt%s%st#gps%-1%100%
{12:32:12 pm} - [INCOMING] > %xt%s%i#qpa%-1%100%
{12:32:12 pm} - [INCOMING] > %xt%s%st#gmres%-1%
{12:32:12 pm} - [INCOMING] > %xt%s%st#ssbcd%-1%4%10%1%1%0|7|349|223|0|1%0|8|493|208|0|3%
{12:32:12 pm} - [INCOMING] > %xt%s%i#qpp%-1%100%
{12:32:12 pm} - [INCOMING] > %xt%s%st#gsbcd%-1%100%
{12:32:12 pm} - [INCOMING] > %xt%s%st#gps%-1%100%
{12:32:12 pm} - [INCOMING] > %xt%s%i#qpa%-1%100%
{12:32:12 pm} - [INCOMING] > %xt%s%st#gmres%-1%
{11:52:47 am} - [INCOMING] > <policy-file-request/>
{11:52:47 am} - [INCOMING] > <msg t='sys'><body action='verChk' r='0'><ver v='153' /></body></msg>
{11:52:47 am} - [INCOMING] > <msg t='sys'><body action='rndK' r='-1'></body></msg>
{11:52:47 am} - [INCOMING] > <msg t='sys'><body action='login' r='0'><login z='w1'><nick><![CDATA[zaseth]]></nick><pword><![CDATA[BED@C@BECEF@]]></pword></login></body></msg>
{12:32:47 pm} - [INCOMING] > <policy-file-request/>
{12:32:47 pm} - [INCOMING] > <msg t='sys'><body action='verChk' r='0'><ver v='153' /></body></msg>
{12:32:47 pm} - [INCOMING] > <msg t='sys'><body action='rndK' r='-1'></body></msg>
{12:32:47 pm} - [INCOMING] > <msg t='sys'><body action='login' r='0'><login z='w1'><nick><![CDATA[zaseth]]></nick><pword><![CDATA[E@C@D@CEDEFE]]></pword></login></body></msg>
{12:32:47 pm} - [INCOMING] > %xt%s%j#js%-1%%417bfeec744d%en%
{12:32:47 pm} - [INCOMING] > %xt%s%i#gi%-1%
{12:32:47 pm} - [INCOMING] > %xt%s%b#gb%-1%
{12:32:47 pm} - [INCOMING] > %xt%s%n#gn%-1%
{12:32:47 pm} - [INCOMING] > %xt%s%g#gr%-1%
{12:32:47 pm} - [INCOMING] > %xt%s%i#qpp%-1%100%
{12:32:47 pm} - [INCOMING] > %xt%s%st#gsbcd%-1%100%
{12:32:47 pm} - [INCOMING] > %xt%s%st#gps%-1%100%
{12:32:47 pm} - [INCOMING] > %xt%s%i#qpa%-1%100%
{12:32:47 pm} - [INCOMING] > %xt%s%st#gmres%-1%
{12:32:47 pm} - [INCOMING] > %xt%s%st#ssbcd%-1%4%10%1%1%0|7|349|223|0|10%0|8|228|208|0|12%
{12:32:47 pm} - [INCOMING] > %xt%s%i#qpp%-1%100%
{12:32:47 pm} - [INCOMING] > %xt%s%st#gsbcd%-1%100%
{12:32:47 pm} - [INCOMING] > %xt%s%st#gps%-1%100%
{12:32:47 pm} - [INCOMING] > %xt%s%i#qpa%-1%100%
{12:32:47 pm} - [INCOMING] > %xt%s%st#gmres%-1%
{12:32:47 pm} - [INCOMING] > %xt%s%u#h%-1%
{11:52:47 am} - [INCOMING] > <policy-file-request/>
{11:52:47 am} - [INCOMING] > <msg t='sys'><body action='verChk' r='0'><ver v='153' /></body></msg>
{11:52:47 am} - [INCOMING] > <msg t='sys'><body action='rndK' r='-1'></body></msg>
{11:52:47 am} - [INCOMING] > <msg t='sys'><body action='login' r='0'><login z='w1'><nick><![CDATA[zaseth]]></nick><pword><![CDATA[C@D@K@GEFEFE]]></pword></login></body></msg>
{12:34:12 pm} - [INCOMING] > <policy-file-request/>
{12:34:12 pm} - [INCOMING] > <msg t='sys'><body action='verChk' r='0'><ver v='153' /></body></msg>
{12:34:12 pm} - [INCOMING] > <msg t='sys'><body action='rndK' r='-1'></body></msg>
{12:34:12 pm} - [INCOMING] > <msg t='sys'><body action='login' r='0'><login z='w1'><nick><![CDATA[zaseth]]></nick><pword><![CDATA[@@DE@@H@K@E@]]></pword></login></body></msg>
{12:34:12 pm} - [INCOMING] > %xt%s%j#js%-1%%1f39966208d4%en%
{12:34:12 pm} - [INCOMING] > %xt%s%i#gi%-1%
{12:34:12 pm} - [INCOMING] > %xt%s%b#gb%-1%
{12:34:12 pm} - [INCOMING] > %xt%s%n#gn%-1%
{12:34:12 pm} - [INCOMING] > %xt%s%u#sp%-1%155%317%
{12:34:12 pm} - [INCOMING] > %xt%s%u#sp%-1%179%307%
{12:34:12 pm} - [INCOMING] > %xt%s%g#gr%-1%
{12:34:12 pm} - [INCOMING] > %xt%s%i#qpp%-1%100%
{12:34:12 pm} - [INCOMING] > %xt%s%st#gsbcd%-1%100%
{12:34:12 pm} - [INCOMING] > %xt%s%st#gps%-1%100%
{12:34:12 pm} - [INCOMING] > %xt%s%i#qpa%-1%100%
{12:34:12 pm} - [INCOMING] > %xt%s%st#gmres%-1%
{12:34:12 pm} - [INCOMING] > %xt%s%st#ssbcd%-1%4%10%1%1%0|8|295|227|0|1%0|7|453|242|0|3%
{12:34:12 pm} - [INCOMING] > %xt%s%i#qpp%-1%100%
{12:34:12 pm} - [INCOMING] > %xt%s%st#gsbcd%-1%100%
{12:34:12 pm} - [INCOMING] > %xt%s%st#gps%-1%100%
{12:34:12 pm} - [INCOMING] > %xt%s%i#qpa%-1%100%
{12:34:12 pm} - [INCOMING] > %xt%s%st#gmres%-1%
{12:34:12 pm} - [INCOMING] > %xt%s%st#ssbcd%-1%4%10%1%1%0|8|295|227|0|10%0|7|423|217|0|12%
{12:34:12 pm} - [INCOMING] > %xt%s%i#qpp%-1%100%
{12:34:12 pm} - [INCOMING] > %xt%s%st#gsbcd%-1%100%
{12:34:12 pm} - [INCOMING] > %xt%s%st#gps%-1%100%
{12:34:12 pm} - [INCOMING] > %xt%s%i#qpa%-1%100%
{12:34:12 pm} - [INCOMING] > %xt%s%st#gmres%-1%
{11:52:47 am} - [INCOMING] > <policy-file-request/>
{11:52:47 am} - [INCOMING] > <msg t='sys'><body action='verChk' r='0'><ver v='153' /></body></msg>
{11:52:47 am} - [INCOMING] > <msg t='sys'><body action='rndK' r='-1'></body></msg>
{11:52:47 am} - [INCOMING] > <msg t='sys'><body action='login' r='0'><login z='w1'><nick><![CDATA[zaseth]]></nick><pword><![CDATA[G@FEC@GEE@EE]]></pword></login></body></msg>
{12:34:58 pm} - [INCOMING] > <policy-file-request/>
{12:34:58 pm} - [INCOMING] > <msg t='sys'><body action='verChk' r='0'><ver v='153' /></body></msg>
{12:34:58 pm} - [INCOMING] > <msg t='sys'><body action='rndK' r='-1'></body></msg>
{12:34:58 pm} - [INCOMING] > <msg t='sys'><body action='login' r='0'><login z='w1'><nick><![CDATA[zaseth]]></nick><pword><![CDATA[I@AEA@E@AEC@]]></pword></login></body></msg>
{12:34:58 pm} - [INCOMING] > %xt%s%j#js%-1%%8c24c089f4ce%en%
{12:34:58 pm} - [INCOMING] > %xt%s%i#gi%-1%
{12:34:58 pm} - [INCOMING] > %xt%s%b#gb%-1%
{12:34:58 pm} - [INCOMING] > %xt%s%n#gn%-1%
{12:34:58 pm} - [INCOMING] > %xt%s%i#qpa%-1%100%
{12:34:58 pm} - [INCOMING] > %xt%s%g#gr%-1%
{12:34:58 pm} - [INCOMING] > %xt%s%i#qpp%-1%100%
{12:34:58 pm} - [INCOMING] > %xt%s%st#gsbcd%-1%100%
{12:34:58 pm} - [INCOMING] > %xt%s%st#gps%-1%100%
{12:34:58 pm} - [INCOMING] > %xt%s%i#qpa%-1%100%
{12:34:58 pm} - [INCOMING] > %xt%s%st#gmres%-1%
{12:34:58 pm} - [INCOMING] > %xt%s%st#ssbcd%-1%4%10%1%1%0|8|295|227|0|100%0|7|485|239|0|102%
{12:34:58 pm} - [INCOMING] > %xt%s%i#qpp%-1%100%
{12:34:58 pm} - [INCOMING] > %xt%s%st#gsbcd%-1%100%
{12:34:58 pm} - [INCOMING] > %xt%s%st#gps%-1%100%
{12:34:58 pm} - [INCOMING] > %xt%s%i#qpa%-1%100%
{12:34:58 pm} - [INCOMING] > %xt%s%st#gmres%-1%
{12:34:58 pm} - [INCOMING] > %xt%s%u#h%-1%
{11:52:47 am} - [INCOMING] > <policy-file-request/>
{11:52:47 am} - [INCOMING] > <msg t='sys'><body action='verChk' r='0'><ver v='153' /></body></msg>
{11:52:47 am} - [INCOMING] > <msg t='sys'><body action='rndK' r='-1'></body></msg>
{11:52:47 am} - [INCOMING] > <msg t='sys'><body action='login' r='0'><login z='w1'><nick><![CDATA[zaseth]]></nick><pword><![CDATA[CEFEF@D@FEG@]]></pword></login></body></msg>
{12:36:05 pm} - [INCOMING] > <policy-file-request/>
{12:36:05 pm} - [INCOMING] > <msg t='sys'><body action='verChk' r='0'><ver v='153' /></body></msg>
{12:36:05 pm} - [INCOMING] > <msg t='sys'><body action='rndK' r='-1'></body></msg>
{12:36:05 pm} - [INCOMING] > <msg t='sys'><body action='login' r='0'><login z='w1'><nick><![CDATA[zaseth]]></nick><pword><![CDATA[CEGE@@@@G@GE]]></pword></login></body></msg>
{12:36:05 pm} - [INCOMING] > %xt%s%j#js%-1%%be315d6afc38%en%
{12:36:05 pm} - [INCOMING] > %xt%s%i#gi%-1%
{12:36:05 pm} - [INCOMING] > %xt%s%b#gb%-1%
{12:36:05 pm} - [INCOMING] > %xt%s%n#gn%-1%
{12:36:05 pm} - [INCOMING] > %xt%s%u#glr%-1%
{12:36:05 pm} - [INCOMING] > %xt%s%u#sp%-1%322%306%
{12:36:05 pm} - [INCOMING] > %xt%s%u#sp%-1%306%312%
{12:36:05 pm} - [INCOMING] > %xt%s%g#gr%-1%
{12:36:05 pm} - [INCOMING] > %xt%s%i#qpp%-1%100%
{12:36:05 pm} - [INCOMING] > %xt%s%st#gsbcd%-1%100%
{12:36:05 pm} - [INCOMING] > %xt%s%st#gps%-1%100%
{12:36:05 pm} - [INCOMING] > %xt%s%i#qpa%-1%100%
{12:36:05 pm} - [INCOMING] > %xt%s%st#gmres%-1%
{12:36:05 pm} - [INCOMING] > %xt%s%st#ssbcd%-1%4%10%1%1%0|8|295|227|0|1000%0|7|425|203|0|1002%
{12:36:05 pm} - [INCOMING] > %xt%s%i#qpp%-1%100%
{12:36:05 pm} - [INCOMING] > %xt%s%st#gsbcd%-1%100%
{12:36:05 pm} - [INCOMING] > %xt%s%st#gps%-1%100%
{12:36:05 pm} - [INCOMING] > %xt%s%i#qpa%-1%100%
{12:36:05 pm} - [INCOMING] > %xt%s%st#gmres%-1%
{11:52:47 am} - [INCOMING] > <policy-file-request/>
{11:52:47 am} - [INCOMING] > <msg t='sys'><body action='verChk' r='0'><ver v='153' /></body></msg>
{11:52:47 am} - [INCOMING] > <msg t='sys'><body action='rndK' r='-1'></body></msg>
{11:52:47 am} - [INCOMING] > <msg t='sys'><body action='login' r='0'><login z='w1'><nick><![CDATA[zaseth]]></nick><pword><![CDATA[H@C@GECEJ@C@]]></pword></login></body></msg>
{12:36:49 pm} - [INCOMING] > <policy-file-request/>
{12:36:49 pm} - [INCOMING] > <msg t='sys'><body action='verChk' r='0'><ver v='153' /></body></msg>
{12:36:49 pm} - [INCOMING] > <msg t='sys'><body action='rndK' r='-1'></body></msg>
{12:36:49 pm} - [INCOMING] > <msg t='sys'><body action='login' r='0'><login z='w1'><nick><![CDATA[zaseth]]></nick><pword><![CDATA[C@E@J@EEG@FE]]></pword></login></body></msg>
{12:36:49 pm} - [INCOMING] > %xt%s%j#js%-1%%279d5eebdfd6%en%
{12:36:49 pm} - [INCOMING] > %xt%s%i#gi%-1%
{12:36:49 pm} - [INCOMING] > %xt%s%b#gb%-1%
{12:36:49 pm} - [INCOMING] > %xt%s%n#gn%-1%
{12:36:49 pm} - [INCOMING] > %xt%s%u#glr%-1%
{12:36:49 pm} - [INCOMING] > %xt%s%i#qpa%-1%100%
{12:36:49 pm} - [INCOMING] > %xt%s%g#gr%-1%
{12:36:49 pm} - [INCOMING] > %xt%s%i#qpp%-1%100%
{12:36:49 pm} - [INCOMING] > %xt%s%st#gsbcd%-1%100%
{12:36:49 pm} - [INCOMING] > %xt%s%st#gps%-1%100%
{12:36:49 pm} - [INCOMING] > %xt%s%i#qpa%-1%100%
{12:36:49 pm} - [INCOMING] > %xt%s%st#gmres%-1%
{12:36:49 pm} - [INCOMING] > %xt%s%st#ssbcd%-1%4%10%1%1%0|8|295|227|0|1000%0|7|471|211|0|1002%
{12:36:49 pm} - [INCOMING] > %xt%s%i#qpp%-1%100%
{12:36:49 pm} - [INCOMING] > %xt%s%st#gsbcd%-1%100%
{12:36:49 pm} - [INCOMING] > %xt%s%st#gps%-1%100%
{12:36:49 pm} - [INCOMING] > %xt%s%i#qpa%-1%100%
{12:36:49 pm} - [INCOMING] > %xt%s%st#gmres%-1%
{12:36:49 pm} - [INCOMING] > %xt%s%st#ssbcd%-1%4%10%1%1%0|7|320|202|0|1%
{12:36:49 pm} - [INCOMING] > %xt%s%i#qpp%-1%100%
{12:36:49 pm} - [INCOMING] > %xt%s%st#gsbcd%-1%100%
{12:36:49 pm} - [INCOMING] > %xt%s%st#gps%-1%100%
{12:36:49 pm} - [INCOMING] > %xt%s%i#qpa%-1%100%
{12:36:49 pm} - [INCOMING] > %xt%s%st#gmres%-1%
{11:52:47 am} - [INCOMING] > <policy-file-request/>
{11:52:47 am} - [INCOMING] > <msg t='sys'><body action='verChk' r='0'><ver v='153' /></body></msg>
{11:52:47 am} - [INCOMING] > <msg t='sys'><body action='rndK' r='-1'></body></msg>
{11:52:47 am} - [INCOMING] > <msg t='sys'><body action='login' r='0'><login z='w1'><nick><![CDATA[zaseth]]></nick><pword><![CDATA[B@D@B@B@AEK@]]></pword></login></body></msg>
{12:37:22 pm} - [INCOMING] > <policy-file-request/>
{12:37:22 pm} - [INCOMING] > <msg t='sys'><body action='verChk' r='0'><ver v='153' /></body></msg>
{12:37:22 pm} - [INCOMING] > <msg t='sys'><body action='rndK' r='-1'></body></msg>
{12:37:22 pm} - [INCOMING] > <msg t='sys'><body action='login' r='0'><login z='w1'><nick><![CDATA[zaseth]]></nick><pword><![CDATA[H@K@K@E@J@A@]]></pword></login></body></msg>
{12:37:22 pm} - [INCOMING] > %xt%s%j#js%-1%%99848222d40e%en%
{12:37:22 pm} - [INCOMING] > %xt%s%i#gi%-1%
{12:37:22 pm} - [INCOMING] > %xt%s%b#gb%-1%
{12:37:22 pm} - [INCOMING] > %xt%s%n#gn%-1%
{12:37:22 pm} - [INCOMING] > %xt%s%u#glr%-1%
{12:37:22 pm} - [INCOMING] > %xt%s%i#qpa%-1%100%
{12:37:22 pm} - [INCOMING] > %xt%s%g#gr%-1%
{12:37:22 pm} - [INCOMING] > %xt%s%i#qpp%-1%100%
{12:37:22 pm} - [INCOMING] > %xt%s%st#gsbcd%-1%100%
{12:37:22 pm} - [INCOMING] > %xt%s%st#gps%-1%100%
{12:37:22 pm} - [INCOMING] > %xt%s%i#qpa%-1%100%
{12:37:22 pm} - [INCOMING] > %xt%s%st#gmres%-1%
{12:37:22 pm} - [INCOMING] > %xt%s%st#ssbcd%-1%4%10%1%1%0|7|361|256|0|1%
{12:37:22 pm} - [INCOMING] > %xt%s%st#ssbcd%-1%4%10%1%1%0|7|361|256|0|1%0|8|191|196|0|3%
{12:37:22 pm} - [INCOMING] > %xt%s%u#h%-1%
{11:52:47 am} - [INCOMING] > <policy-file-request/>
{11:52:47 am} - [INCOMING] > <msg t='sys'><body action='verChk' r='0'><ver v='153' /></body></msg>
{11:52:47 am} - [INCOMING] > <msg t='sys'><body action='rndK' r='-1'></body></msg>
{11:52:47 am} - [INCOMING] > <msg t='sys'><body action='login' r='0'><login z='w1'><nick><![CDATA[zaseth]]></nick><pword><![CDATA[@EG@K@G@J@AE]]></pword></login></body></msg>
{12:38:48 pm} - [INCOMING] > <policy-file-request/>
{12:38:48 pm} - [INCOMING] > <msg t='sys'><body action='verChk' r='0'><ver v='153' /></body></msg>
{12:38:48 pm} - [INCOMING] > <msg t='sys'><body action='rndK' r='-1'></body></msg>
{12:38:48 pm} - [INCOMING] > <msg t='sys'><body action='login' r='0'><login z='w1'><nick><![CDATA[zaseth]]></nick><pword><![CDATA[BECEBEGEC@AE]]></pword></login></body></msg>
{12:38:48 pm} - [INCOMING] > %xt%s%j#js%-1%%caaf1bf83721%en%
{12:38:48 pm} - [INCOMING] > %xt%s%i#gi%-1%
{12:38:48 pm} - [INCOMING] > %xt%s%b#gb%-1%
{12:38:48 pm} - [INCOMING] > %xt%s%n#gn%-1%
{12:38:48 pm} - [INCOMING] > %xt%s%u#glr%-1%
{12:38:48 pm} - [INCOMING] > %xt%s%i#qpa%-1%100%
{12:38:48 pm} - [INCOMING] > %xt%s%u#sp%-1%251%265%
{12:38:48 pm} - [INCOMING] > %xt%s%u#sp%-1%201%273%
{12:38:48 pm} - [INCOMING] > %xt%s%g#gr%-1%
{12:38:48 pm} - [INCOMING] > %xt%s%i#qpp%-1%100%
{12:38:48 pm} - [INCOMING] > %xt%s%st#gsbcd%-1%100%
{12:38:48 pm} - [INCOMING] > %xt%s%st#gps%-1%100%
{12:38:48 pm} - [INCOMING] > %xt%s%i#qpa%-1%100%
{12:38:48 pm} - [INCOMING] > %xt%s%st#gmres%-1%
{12:38:48 pm} - [INCOMING] > %xt%s%st#ssbcd%-1%4%10%1%1%0|8|325|227|0|1%0|7|179|161|0|3%
{12:38:48 pm} - [INCOMING] > %xt%s%i#qpp%-1%100%
{12:38:48 pm} - [INCOMING] > %xt%s%st#gsbcd%-1%100%
{12:38:48 pm} - [INCOMING] > %xt%s%st#gps%-1%100%
{12:38:48 pm} - [INCOMING] > %xt%s%i#qpa%-1%100%
{12:38:48 pm} - [INCOMING] > %xt%s%st#gmres%-1%
{11:52:47 am} - [INCOMING] > <policy-file-request/>
{11:52:47 am} - [INCOMING] > <msg t='sys'><body action='verChk' r='0'><ver v='153' /></body></msg>
{11:52:47 am} - [INCOMING] > <msg t='sys'><body action='rndK' r='-1'></body></msg>
{11:52:47 am} - [INCOMING] > <msg t='sys'><body action='login' r='0'><login z='w1'><nick><![CDATA[zaseth]]></nick><pword><![CDATA[G@D@B@F@D@AE]]></pword></login></body></msg>
{12:39:21 pm} - [INCOMING] > <policy-file-request/>
{12:39:21 pm} - [INCOMING] > <msg t='sys'><body action='verChk' r='0'><ver v='153' /></body></msg>
{12:39:21 pm} - [INCOMING] > <msg t='sys'><body action='rndK' r='-1'></body></msg>
{12:39:21 pm} - [INCOMING] > <msg t='sys'><body action='login' r='0'><login z='w1'><nick><![CDATA[zaseth]]></nick><pword><![CDATA[G@K@G@I@B@FE]]></pword></login></body></msg>
{12:39:21 pm} - [INCOMING] > %xt%s%j#js%-1%%69480ec5f065%en%
{12:39:21 pm} - [INCOMING] > %xt%s%i#gi%-1%
{12:39:21 pm} - [INCOMING] > %xt%s%b#gb%-1%
{12:39:21 pm} - [INCOMING] > %xt%s%n#gn%-1%
{12:39:21 pm} - [INCOMING] > %xt%s%u#glr%-1%
{12:39:21 pm} - [INCOMING] > %xt%s%i#qpa%-1%100%
{12:39:21 pm} - [INCOMING] > %xt%s%g#gr%-1%
{12:39:21 pm} - [INCOMING] > %xt%s%i#qpp%-1%100%
{12:39:21 pm} - [INCOMING] > %xt%s%st#gsbcd%-1%100%
{12:39:21 pm} - [INCOMING] > %xt%s%st#gps%-1%100%
{12:39:21 pm} - [INCOMING] > %xt%s%i#qpa%-1%100%
{12:39:21 pm} - [INCOMING] > %xt%s%st#gmres%-1%
{12:39:21 pm} - [INCOMING] > %xt%s%st#ssbcd%-1%4%10%1%1%0|8|274|220|0|1%
{12:39:21 pm} - [INCOMING] > %xt%s%i#qpp%-1%100%
{12:39:21 pm} - [INCOMING] > %xt%s%st#gsbcd%-1%100%
{12:39:21 pm} - [INCOMING] > %xt%s%st#gps%-1%100%
{12:39:21 pm} - [INCOMING] > %xt%s%i#qpa%-1%100%
{12:39:21 pm} - [INCOMING] > %xt%s%st#gmres%-1%
{12:39:21 pm} - [INCOMING] > %xt%s%st#ssbcd%-1%4%10%1%1%0|7|232|202|0|1%0|8|418|241|0|3%
{12:39:21 pm} - [INCOMING] > %xt%s%i#qpp%-1%100%
{12:39:21 pm} - [INCOMING] > %xt%s%st#gsbcd%-1%100%
{12:39:21 pm} - [INCOMING] > %xt%s%st#gps%-1%100%
{12:39:21 pm} - [INCOMING] > %xt%s%i#qpa%-1%100%
{12:39:21 pm} - [INCOMING] > %xt%s%st#gmres%-1%
{11:52:47 am} - [INCOMING] > <policy-file-request/>
{11:52:47 am} - [INCOMING] > <msg t='sys'><body action='verChk' r='0'><ver v='153' /></body></msg>
{11:52:47 am} - [INCOMING] > <msg t='sys'><body action='rndK' r='-1'></body></msg>
{11:52:47 am} - [INCOMING] > <msg t='sys'><body action='login' r='0'><login z='w1'><nick><![CDATA[zaseth]]></nick><pword><![CDATA[C@G@@E@E@@AE]]></pword></login></body></msg>
{12:40:33 pm} - [INCOMING] > <policy-file-request/>
{12:40:33 pm} - [INCOMING] > <msg t='sys'><body action='verChk' r='0'><ver v='153' /></body></msg>
{12:40:33 pm} - [INCOMING] > <msg t='sys'><body action='rndK' r='-1'></body></msg>
{12:40:33 pm} - [INCOMING] > <msg t='sys'><body action='login' r='0'><login z='w1'><nick><![CDATA[zaseth]]></nick><pword><![CDATA[@E@@K@DEK@B@]]></pword></login></body></msg>
{12:40:33 pm} - [INCOMING] > %xt%s%j#js%-1%%a28e91d0687c%en%
{12:40:33 pm} - [INCOMING] > %xt%s%i#gi%-1%
{12:40:33 pm} - [INCOMING] > %xt%s%b#gb%-1%
{12:40:33 pm} - [INCOMING] > %xt%s%n#gn%-1%
{12:40:33 pm} - [INCOMING] > %xt%s%u#glr%-1%
{12:40:33 pm} - [INCOMING] > %xt%s%i#qpa%-1%100%
{12:40:33 pm} - [INCOMING] > %xt%s%g#gr%-1%
{12:40:33 pm} - [INCOMING] > %xt%s%i#qpp%-1%100%
{12:40:33 pm} - [INCOMING] > %xt%s%st#gsbcd%-1%100%
{12:40:33 pm} - [INCOMING] > %xt%s%st#gps%-1%100%
{12:40:33 pm} - [INCOMING] > %xt%s%i#qpa%-1%100%
{12:40:33 pm} - [INCOMING] > %xt%s%st#gmres%-1%
{12:40:33 pm} - [INCOMING] > %xt%s%st#ssbcd%-1%4%10%1%1%0|7|261|195|0|1%0|8|485|266|0|3%
{12:40:33 pm} - [INCOMING] > %xt%s%i#qpp%-1%100%
{12:40:33 pm} - [INCOMING] > %xt%s%st#gsbcd%-1%100%
{12:40:33 pm} - [INCOMING] > %xt%s%st#gps%-1%100%
{12:40:33 pm} - [INCOMING] > %xt%s%i#qpa%-1%100%
{12:40:33 pm} - [INCOMING] > %xt%s%st#gmres%-1%
{11:52:47 am} - [INCOMING] > <policy-file-request/>
{11:52:47 am} - [INCOMING] > <msg t='sys'><body action='verChk' r='0'><ver v='153' /></body></msg>
{11:52:47 am} - [INCOMING] > <msg t='sys'><body action='rndK' r='-1'></body></msg>
{11:52:47 am} - [INCOMING] > <msg t='sys'><body action='login' r='0'><login z='w1'><nick><![CDATA[zaseth]]></nick><pword><![CDATA[EEJ@G@@@G@E@]]></pword></login></body></msg>
{12:41:08 pm} - [INCOMING] > <policy-file-request/>
{12:41:08 pm} - [INCOMING] > <msg t='sys'><body action='verChk' r='0'><ver v='153' /></body></msg>
{12:41:08 pm} - [INCOMING] > <msg t='sys'><body action='rndK' r='-1'></body></msg>
{12:41:08 pm} - [INCOMING] > <msg t='sys'><body action='login' r='0'><login z='w1'><nick><![CDATA[zaseth]]></nick><pword><![CDATA[F@GEG@GEFE@E]]></pword></login></body></msg>
{12:41:08 pm} - [INCOMING] > %xt%s%j#js%-1%%7e4fdc79c2b5%en%
{12:41:08 pm} - [INCOMING] > %xt%s%i#gi%-1%
{12:41:08 pm} - [INCOMING] > %xt%s%b#gb%-1%
{12:41:08 pm} - [INCOMING] > %xt%s%n#gn%-1%
{12:41:08 pm} - [INCOMING] > %xt%s%u#glr%-1%
{12:41:08 pm} - [INCOMING] > %xt%s%g#gr%-1%
{12:41:08 pm} - [INCOMING] > %xt%s%i#qpp%-1%100%
{12:41:08 pm} - [INCOMING] > %xt%s%st#gsbcd%-1%100%
{12:41:08 pm} - [INCOMING] > %xt%s%st#gps%-1%100%
{12:41:08 pm} - [INCOMING] > %xt%s%i#qpa%-1%100%
{12:41:08 pm} - [INCOMING] > %xt%s%st#gmres%-1%
{12:41:08 pm} - [INCOMING] > %xt%s%st#ssbcd%-1%4%10%1%1%0|7|302|253|0|1%0|8|499|213|0|3%
{12:41:08 pm} - [INCOMING] > %xt%s%i#qpp%-1%100%
{12:41:08 pm} - [INCOMING] > %xt%s%st#gsbcd%-1%100%
{12:41:08 pm} - [INCOMING] > %xt%s%st#gps%-1%100%
{12:41:08 pm} - [INCOMING] > %xt%s%i#qpa%-1%100%
{12:41:08 pm} - [INCOMING] > %xt%s%st#gmres%-1%
{12:41:08 pm} - [INCOMING] > %xt%s%u#h%-1%
{12:41:08 pm} - [INCOMING] > %xt%s%u#h%-1%
{11:52:47 am} - [INCOMING] > <policy-file-request/>
{11:52:47 am} - [INCOMING] > <msg t='sys'><body action='verChk' r='0'><ver v='153' /></body></msg>
{11:52:47 am} - [INCOMING] > <msg t='sys'><body action='rndK' r='-1'></body></msg>
{11:52:47 am} - [INCOMING] > <msg t='sys'><body action='login' r='0'><login z='w1'><nick><![CDATA[zaseth]]></nick><pword><![CDATA[@@F@AEG@AEA@]]></pword></login></body></msg>
{12:43:25 pm} - [INCOMING] > <policy-file-request/>
{12:43:25 pm} - [INCOMING] > <msg t='sys'><body action='verChk' r='0'><ver v='153' /></body></msg>
{12:43:25 pm} - [INCOMING] > <msg t='sys'><body action='rndK' r='-1'></body></msg>
{12:43:25 pm} - [INCOMING] > <msg t='sys'><body action='login' r='0'><login z='w1'><nick><![CDATA[zaseth]]></nick><pword><![CDATA[F@AE@ED@C@AE]]></pword></login></body></msg>
{12:43:25 pm} - [INCOMING] > %xt%s%j#js%-1%%7cc51b584a37%en%
{12:43:25 pm} - [INCOMING] > %xt%s%i#gi%-1%
{12:43:25 pm} - [INCOMING] > %xt%s%b#gb%-1%
{12:43:25 pm} - [INCOMING] > %xt%s%n#gn%-1%
{12:43:25 pm} - [INCOMING] > %xt%s%u#glr%-1%
{12:43:25 pm} - [INCOMING] > %xt%s%i#qpa%-1%100%
{12:43:25 pm} - [INCOMING] > %xt%s%g#gr%-1%
{12:43:25 pm} - [INCOMING] > %xt%s%i#qpp%-1%100%
{12:43:25 pm} - [INCOMING] > %xt%s%st#gsbcd%-1%100%
{12:43:25 pm} - [INCOMING] > %xt%s%st#gps%-1%100%
{12:43:25 pm} - [INCOMING] > %xt%s%i#qpa%-1%100%
{12:43:25 pm} - [INCOMING] > %xt%s%st#gmres%-1%
{12:43:25 pm} - [INCOMING] > %xt%s%st#ssbcd%-1%4%10%1%1%0|8|353|244|0|1%
{12:43:25 pm} - [INCOMING] > %xt%s%i#qpp%-1%100%
{12:43:25 pm} - [INCOMING] > %xt%s%st#gsbcd%-1%100%
{12:43:25 pm} - [INCOMING] > %xt%s%st#gps%-1%100%
{12:43:25 pm} - [INCOMING] > %xt%s%i#qpa%-1%100%
{12:43:25 pm} - [INCOMING] > %xt%s%st#gmres%-1%
{12:43:25 pm} - [INCOMING] > %xt%s%st#ssbcd%-1%4%10%1%1%0|8|353|244|0|1%0|7|186|185|0|3%
{12:43:25 pm} - [INCOMING] > %xt%s%i#qpp%-1%100%
{12:43:25 pm} - [INCOMING] > %xt%s%st#gsbcd%-1%100%
{12:43:25 pm} - [INCOMING] > %xt%s%st#gps%-1%100%
{12:43:25 pm} - [INCOMING] > %xt%s%i#qpa%-1%100%
{12:43:25 pm} - [INCOMING] > %xt%s%st#gmres%-1%
{12:43:25 pm} - [INCOMING] > %xt%s%u#h%-1%
{11:52:47 am} - [INCOMING] > <policy-file-request/>
{11:52:47 am} - [INCOMING] > <msg t='sys'><body action='verChk' r='0'><ver v='153' /></body></msg>
{11:52:47 am} - [INCOMING] > <msg t='sys'><body action='rndK' r='-1'></body></msg>
{11:52:47 am} - [INCOMING] > <msg t='sys'><body action='login' r='0'><login z='w1'><nick><![CDATA[zaseth]]></nick><pword><![CDATA[GEGEB@G@D@EE]]></pword></login></body></msg>
{12:45:14 pm} - [INCOMING] > <policy-file-request/>
{12:45:14 pm} - [INCOMING] > <msg t='sys'><body action='verChk' r='0'><ver v='153' /></body></msg>
{12:45:14 pm} - [INCOMING] > <msg t='sys'><body action='rndK' r='-1'></body></msg>
{12:45:14 pm} - [INCOMING] > <msg t='sys'><body action='login' r='0'><login z='w1'><nick><![CDATA[zaseth]]></nick><pword><![CDATA[F@G@D@GE@EF@]]></pword></login></body></msg>
{12:45:14 pm} - [INCOMING] > %xt%s%j#js%-1%%757fb52685fe%en%
{12:45:14 pm} - [INCOMING] > %xt%s%i#gi%-1%
{12:45:14 pm} - [INCOMING] > %xt%s%b#gb%-1%
{12:45:14 pm} - [INCOMING] > %xt%s%n#gn%-1%
{12:45:14 pm} - [INCOMING] > %xt%s%u#glr%-1%
{12:45:14 pm} - [INCOMING] > %xt%s%u#sp%-1%213%309%
{12:45:14 pm} - [INCOMING] > %xt%s%u#sp%-1%200%297%
{12:45:14 pm} - [INCOMING] > %xt%s%g#gr%-1%
{12:45:14 pm} - [INCOMING] > %xt%s%i#qpp%-1%100%
{12:45:14 pm} - [INCOMING] > %xt%s%st#gsbcd%-1%100%
{12:45:14 pm} - [INCOMING] > %xt%s%st#gps%-1%100%
{12:45:14 pm} - [INCOMING] > %xt%s%i#qpa%-1%100%
{12:45:14 pm} - [INCOMING] > %xt%s%st#gmres%-1%
{12:45:14 pm} - [INCOMING] > %xt%s%st#ssbcd%-1%4%10%1%1%0|8|353|244|0|10%0|7|194|176|0|12%
{12:45:14 pm} - [INCOMING] > %xt%s%i#qpp%-1%100%
{12:45:14 pm} - [INCOMING] > %xt%s%st#gsbcd%-1%100%
{12:45:14 pm} - [INCOMING] > %xt%s%st#gps%-1%100%
{12:45:14 pm} - [INCOMING] > %xt%s%i#qpa%-1%100%
{12:45:14 pm} - [INCOMING] > %xt%s%st#gmres%-1%
{12:45:14 pm} - [INCOMING] > %xt%s%st#ssbcd%-1%4%10%1%1%0|8|353|244|0|10%0|7|532|180|0|13%
{12:45:14 pm} - [INCOMING] > %xt%s%i#qpp%-1%100%
{12:45:14 pm} - [INCOMING] > %xt%s%st#gsbcd%-1%100%
{12:45:14 pm} - [INCOMING] > %xt%s%st#gps%-1%100%
{12:45:14 pm} - [INCOMING] > %xt%s%i#qpa%-1%100%
{12:45:14 pm} - [INCOMING] > %xt%s%st#gmres%-1%
{12:45:14 pm} - [INCOMING] > %xt%s%st#ssbcd%-1%4%10%1%1%0|8|216|157|0|14%0|7|532|180|0|13%
{12:45:14 pm} - [INCOMING] > %xt%s%i#qpp%-1%100%
{12:45:14 pm} - [INCOMING] > %xt%s%st#gsbcd%-1%100%
{12:45:14 pm} - [INCOMING] > %xt%s%st#gps%-1%100%
{12:45:14 pm} - [INCOMING] > %xt%s%i#qpa%-1%100%
{12:45:14 pm} - [INCOMING] > %xt%s%st#gmres%-1%
{12:45:14 pm} - [INCOMING] > %xt%s%u#sp%-1%301%297%
{12:45:14 pm} - [INCOMING] > %xt%s%j#jr%-1%801%0%0%
{12:45:14 pm} - [INCOMING] > %xt%s%u#sp%-1%476%274%
{12:45:14 pm} - [INCOMING] > %xt%s%u#sp%-1%381%305%
{12:45:14 pm} - [INCOMING] > %xt%s%u#sp%-1%378%305%
{12:45:14 pm} - [INCOMING] > %xt%s%u#sp%-1%378%305%
{12:45:14 pm} - [INCOMING] > %xt%s%u#sf%-1%22%
{12:45:14 pm} - [INCOMING] > %xt%s%u#ss%-1%2%
{12:45:14 pm} - [INCOMING] > %xt%s%u#ss%-1%21%
{12:45:14 pm} - [INCOMING] > %xt%s%u#h%-1%
{12:45:14 pm} - [INCOMING] > %xt%s%u#sb%-1%657%66%
{12:45:14 pm} - [INCOMING] > %xt%s%u#sb%-1%656%77%
{12:45:14 pm} - [INCOMING] > %xt%s%u#sb%-1%660%75%
{12:45:14 pm} - [INCOMING] > %xt%s%u#sb%-1%658%74%
{12:45:14 pm} - [INCOMING] > %xt%s%u#sb%-1%653%73%
{12:45:14 pm} - [INCOMING] > %xt%s%u#sb%-1%649%71%
{12:45:14 pm} - [INCOMING] > %xt%s%u#sb%-1%647%70%
{12:45:14 pm} - [INCOMING] > %xt%s%u#sb%-1%644%75%
{12:45:14 pm} - [INCOMING] > %xt%s%u#sb%-1%653%73%
{12:45:14 pm} - [INCOMING] > %xt%s%u#sb%-1%658%68%
{12:45:14 pm} - [INCOMING] > %xt%s%u#sb%-1%642%79%
{12:45:14 pm} - [INCOMING] > %xt%s%u#sb%-1%660%84%
{12:45:14 pm} - [INCOMING] > %xt%s%u#sp%-1%67%414%
{12:45:14 pm} - [INCOMING] > %xt%s%u#sp%-1%300%303%
{12:45:14 pm} - [INCOMING] > %xt%s%u#h%-1%
{11:52:47 am} - [INCOMING] > <policy-file-request/>
{11:52:47 am} - [INCOMING] > <msg t='sys'><body action='verChk' r='0'><ver v='153' /></body></msg>
{11:52:47 am} - [INCOMING] > <msg t='sys'><body action='rndK' r='-1'></body></msg>
{11:52:47 am} - [INCOMING] > <msg t='sys'><body action='login' r='0'><login z='w1'><nick><![CDATA[zaseth]]></nick><pword><![CDATA[E@C@@ED@GE@@]]></pword></login></body></msg>
{12:47:42 pm} - [INCOMING] > <policy-file-request/>
{12:47:42 pm} - [INCOMING] > <msg t='sys'><body action='verChk' r='0'><ver v='153' /></body></msg>
{12:47:42 pm} - [INCOMING] > <msg t='sys'><body action='rndK' r='-1'></body></msg>
{12:47:42 pm} - [INCOMING] > <msg t='sys'><body action='login' r='0'><login z='w1'><nick><![CDATA[zaseth]]></nick><pword><![CDATA[@@@EA@I@J@F@]]></pword></login></body></msg>
{12:47:42 pm} - [INCOMING] > %xt%s%j#js%-1%%1b2885dcb8db%en%
{12:47:42 pm} - [INCOMING] > %xt%s%i#gi%-1%
{12:47:42 pm} - [INCOMING] > %xt%s%b#gb%-1%
{12:47:42 pm} - [INCOMING] > %xt%s%n#gn%-1%
{12:47:42 pm} - [INCOMING] > %xt%s%u#glr%-1%
{12:47:42 pm} - [INCOMING] > %xt%s%i#qpa%-1%100%
{12:47:42 pm} - [INCOMING] > %xt%s%g#gr%-1%
{12:47:42 pm} - [INCOMING] > %xt%s%i#qpp%-1%100%
{12:47:42 pm} - [INCOMING] > %xt%s%st#gsbcd%-1%100%
{12:47:42 pm} - [INCOMING] > %xt%s%st#gps%-1%100%
{12:47:42 pm} - [INCOMING] > %xt%s%i#qpa%-1%100%
{12:47:42 pm} - [INCOMING] > %xt%s%st#gmres%-1%
{12:47:42 pm} - [INCOMING] > %xt%s%j#jr%-1%801%0%0%
{12:47:42 pm} - [INCOMING] > %xt%s%u#sb%-1%656%73%
{12:47:42 pm} - [INCOMING] > %xt%s%u#sb%-1%649%79%
{12:47:42 pm} - [INCOMING] > %xt%s%u#sb%-1%652%74%
{12:47:42 pm} - [INCOMING] > %xt%s%u#sb%-1%651%71%
{12:47:42 pm} - [INCOMING] > %xt%s%u#sb%-1%645%78%
{12:47:42 pm} - [INCOMING] > %xt%s%u#sb%-1%653%85%
{12:47:42 pm} - [INCOMING] > %xt%s%u#sb%-1%645%82%
{12:47:42 pm} - [INCOMING] > %xt%s%u#sb%-1%649%79%
{12:47:42 pm} - [INCOMING] > %xt%s%u#sb%-1%642%73%
{12:47:42 pm} - [INCOMING] > %xt%s%u#sb%-1%650%79%
{12:47:42 pm} - [INCOMING] > %xt%s%u#sb%-1%646%79%
{12:47:42 pm} - [INCOMING] > %xt%s%st#sse%-1%13%
{12:47:42 pm} - [INCOMING] > %xt%s%g#gr%-1%
{12:47:42 pm} - [INCOMING] > %xt%s%i#qpp%-1%100%
{12:47:42 pm} - [INCOMING] > %xt%s%st#gsbcd%-1%100%
{12:47:42 pm} - [INCOMING] > %xt%s%st#gps%-1%100%
{12:47:42 pm} - [INCOMING] > %xt%s%i#qpa%-1%100%
{12:47:42 pm} - [INCOMING] > %xt%s%st#gmres%-1%
{12:47:42 pm} - [INCOMING] > %xt%s%st#ssbcd%-1%4%10%1%1%0|8|216|157|0|14%0|7|532|180|0|13%0|13|382|241|0|16%
{12:47:42 pm} - [INCOMING] > %xt%s%i#qpp%-1%100%
{12:47:42 pm} - [INCOMING] > %xt%s%st#gsbcd%-1%100%
{12:47:42 pm} - [INCOMING] > %xt%s%st#gps%-1%100%
{12:47:42 pm} - [INCOMING] > %xt%s%i#qpa%-1%100%
{12:47:42 pm} - [INCOMING] > %xt%s%st#gmres%-1%
{12:47:42 pm} - [INCOMING] > %xt%s%u#sp%-1%297%222%
{12:47:42 pm} - [INCOMING] > %xt%s%u#sp%-1%310%267%
{12:47:42 pm} - [INCOMING] > %xt%s%u#sp%-1%300%286%
{12:47:42 pm} - [INCOMING] > %xt%s%j#jr%-1%100%0%0%
{12:47:42 pm} - [INCOMING] > %xt%s%u#sp%-1%342%327%
{12:47:42 pm} - [INCOMING] > %xt%s%g#gr%-1%
{12:47:42 pm} - [INCOMING] > %xt%s%i#qpp%-1%100%
{12:47:42 pm} - [INCOMING] > %xt%s%st#gsbcd%-1%100%
{12:47:42 pm} - [INCOMING] > %xt%s%st#gps%-1%100%
{12:47:42 pm} - [INCOMING] > %xt%s%i#qpa%-1%100%
{12:47:42 pm} - [INCOMING] > %xt%s%st#gmres%-1%
{12:47:42 pm} - [INCOMING] > %xt%s%u#sp%-1%402%390%
{12:47:42 pm} - [INCOMING] > %xt%s%u#h%-1%
{12:52:57 pm} - [INCOMING] > <policy-file-request/>
{12:52:57 pm} - [INCOMING] > <msg t='sys'><body action='verChk' r='0'><ver v='153' /></body></msg>
{12:52:57 pm} - [INCOMING] > <msg t='sys'><body action='rndK' r='-1'></body></msg>
{12:52:57 pm} - [INCOMING] > <msg t='sys'><body action='login' r='0'><login z='w1'><nick><![CDATA[zaseth]]></nick><pword><![CDATA[I@K@J@A@AEEE]]></pword></login></body></msg>
{12:52:56 pm} - [INCOMING] > <policy-file-request/>
{12:52:56 pm} - [INCOMING] > <msg t='sys'><body action='verChk' r='0'><ver v='153' /></body></msg>
{12:52:56 pm} - [INCOMING] > <msg t='sys'><body action='rndK' r='-1'></body></msg>
{12:52:56 pm} - [INCOMING] > <msg t='sys'><body action='login' r='0'><login z='w1'><nick><![CDATA[zaseth]]></nick><pword><![CDATA[E@D@EEA@DEBE]]></pword></login></body></msg>
{12:52:56 pm} - [INCOMING] > %xt%s%j#js%-1%%46f0fab7f0ca%en%
{12:52:56 pm} - [INCOMING] > %xt%s%i#gi%-1%
{12:52:56 pm} - [INCOMING] > %xt%s%b#gb%-1%
{12:52:56 pm} - [INCOMING] > %xt%s%n#gn%-1%
{12:52:56 pm} - [INCOMING] > %xt%s%u#glr%-1%
{12:52:56 pm} - [INCOMING] > %xt%s%m#sm%-1%100%/as 14%
{12:52:56 pm} - [INCOMING] > %xt%s%u#sp%-1%319%218%
{12:52:57 pm} - [INCOMING] > <policy-file-request/>
{12:52:57 pm} - [INCOMING] > <msg t='sys'><body action='verChk' r='0'><ver v='153' /></body></msg>
{12:52:57 pm} - [INCOMING] > <msg t='sys'><body action='rndK' r='-1'></body></msg>
{12:52:57 pm} - [INCOMING] > <msg t='sys'><body action='login' r='0'><login z='w1'><nick><![CDATA[zaseth]]></nick><pword><![CDATA[I@GEK@BEFED@]]></pword></login></body></msg>
{12:53:27 pm} - [INCOMING] > <policy-file-request/>
{12:53:27 pm} - [INCOMING] > <msg t='sys'><body action='verChk' r='0'><ver v='153' /></body></msg>
{12:53:27 pm} - [INCOMING] > <msg t='sys'><body action='rndK' r='-1'></body></msg>
{12:53:27 pm} - [INCOMING] > <msg t='sys'><body action='login' r='0'><login z='w1'><nick><![CDATA[zaseth]]></nick><pword><![CDATA[F@J@@@BEC@FE]]></pword></login></body></msg>
{12:53:27 pm} - [INCOMING] > %xt%s%j#js%-1%%783c1ed050cb%en%
{12:53:27 pm} - [INCOMING] > %xt%s%i#gi%-1%
{12:53:27 pm} - [INCOMING] > %xt%s%b#gb%-1%
{12:53:27 pm} - [INCOMING] > %xt%s%n#gn%-1%
{12:53:27 pm} - [INCOMING] > %xt%s%u#glr%-1%
{12:53:27 pm} - [INCOMING] > %xt%s%i#qpa%-1%100%
{12:53:27 pm} - [INCOMING] > %xt%s%m#sm%-1%100%!as 14%
{12:54:00 pm} - [INCOMING] > <policy-file-request/>
{12:54:00 pm} - [INCOMING] > <msg t='sys'><body action='verChk' r='0'><ver v='153' /></body></msg>
{12:54:00 pm} - [INCOMING] > <msg t='sys'><body action='rndK' r='-1'></body></msg>
{12:54:00 pm} - [INCOMING] > <msg t='sys'><body action='login' r='0'><login z='w1'><nick><![CDATA[zaseth]]></nick><pword><![CDATA[I@K@D@CEDEBE]]></pword></login></body></msg>
{12:54:18 pm} - [INCOMING] > <policy-file-request/>
{12:54:18 pm} - [INCOMING] > <msg t='sys'><body action='verChk' r='0'><ver v='153' /></body></msg>
{12:54:18 pm} - [INCOMING] > <msg t='sys'><body action='rndK' r='-1'></body></msg>
{12:54:18 pm} - [INCOMING] > <msg t='sys'><body action='login' r='0'><login z='w1'><nick><![CDATA[zaseth]]></nick><pword><![CDATA[A@D@@EI@CEAE]]></pword></login></body></msg>
{12:54:19 pm} - [INCOMING] > <policy-file-request/>
{12:54:19 pm} - [INCOMING] > <msg t='sys'><body action='verChk' r='0'><ver v='153' /></body></msg>
{12:54:19 pm} - [INCOMING] > <msg t='sys'><body action='rndK' r='-1'></body></msg>
{12:54:19 pm} - [INCOMING] > <msg t='sys'><body action='login' r='0'><login z='w1'><nick><![CDATA[zaseth]]></nick><pword><![CDATA[F@AE@E@EGED@]]></pword></login></body></msg>
{12:54:19 pm} - [INCOMING] > %xt%s%j#js%-1%%7ccae749845a%en%
{12:54:19 pm} - [INCOMING] > %xt%s%i#gi%-1%
{12:54:19 pm} - [INCOMING] > %xt%s%b#gb%-1%
{12:54:19 pm} - [INCOMING] > %xt%s%n#gn%-1%
{12:54:19 pm} - [INCOMING] > %xt%s%m#sm%-1%100%/as 16%
{12:54:19 pm} - [INCOMING] > %xt%s%g#gr%-1%
{12:54:19 pm} - [INCOMING] > %xt%s%i#qpp%-1%100%
{12:54:19 pm} - [INCOMING] > %xt%s%st#gsbcd%-1%100%
{12:54:19 pm} - [INCOMING] > %xt%s%st#gps%-1%100%
{12:54:19 pm} - [INCOMING] > %xt%s%i#qpa%-1%100%
{12:54:19 pm} - [INCOMING] > %xt%s%st#gmres%-1%
{12:54:19 pm} - [INCOMING] > %xt%s%st#ssbcd%-1%4%10%1%1%0|8|216|157|0|14%0|7|532|180|0|13%0|13|382|241|0|16%0|16|229|287|0|18%
{12:54:19 pm} - [INCOMING] > %xt%s%i#qpp%-1%100%
{12:54:19 pm} - [INCOMING] > %xt%s%st#gsbcd%-1%100%
{12:54:19 pm} - [INCOMING] > %xt%s%st#gps%-1%100%
{12:54:19 pm} - [INCOMING] > %xt%s%i#qpa%-1%100%
{12:54:19 pm} - [INCOMING] > %xt%s%st#gmres%-1%
{12:54:19 pm} - [INCOMING] > %xt%s%u#sp%-1%405%307%
{12:54:19 pm} - [INCOMING] > %xt%s%g#gr%-1%
{12:54:19 pm} - [INCOMING] > %xt%s%i#qpp%-1%0%
{12:54:19 pm} - [INCOMING] > %xt%s%st#gsbcd%-1%0%
{12:54:18 pm} - [INCOMING] > <policy-file-request/>
{12:54:18 pm} - [INCOMING] > <msg t='sys'><body action='verChk' r='0'><ver v='153' /></body></msg>
{12:54:18 pm} - [INCOMING] > <msg t='sys'><body action='rndK' r='-1'></body></msg>
{12:54:18 pm} - [INCOMING] > <msg t='sys'><body action='login' r='0'><login z='w1'><nick><![CDATA[zaseth]]></nick><pword><![CDATA[B@C@A@H@A@GE]]></pword></login></body></msg>
{12:55:14 pm} - [INCOMING] > <policy-file-request/>
{12:55:14 pm} - [INCOMING] > <msg t='sys'><body action='verChk' r='0'><ver v='153' /></body></msg>
{12:55:14 pm} - [INCOMING] > <msg t='sys'><body action='rndK' r='-1'></body></msg>
{12:55:14 pm} - [INCOMING] > <msg t='sys'><body action='login' r='0'><login z='w1'><nick><![CDATA[zaseth]]></nick><pword><![CDATA[D@F@E@H@K@F@]]></pword></login></body></msg>
{12:55:14 pm} - [INCOMING] > %xt%s%j#js%-1%%5469955b26a7%en%
{12:55:14 pm} - [INCOMING] > %xt%s%i#gi%-1%
{12:55:14 pm} - [INCOMING] > %xt%s%b#gb%-1%
{12:55:14 pm} - [INCOMING] > %xt%s%n#gn%-1%
{12:55:14 pm} - [INCOMING] > %xt%s%u#glr%-1%
{12:55:14 pm} - [INCOMING] > %xt%s%g#gr%-1%
{12:55:14 pm} - [INCOMING] > %xt%s%i#qpp%-1%0%
{12:55:14 pm} - [INCOMING] > %xt%s%st#gsbcd%-1%0%
{12:54:18 pm} - [INCOMING] > <policy-file-request/>
{12:54:18 pm} - [INCOMING] > <msg t='sys'><body action='verChk' r='0'><ver v='153' /></body></msg>
{12:54:18 pm} - [INCOMING] > <msg t='sys'><body action='rndK' r='-1'></body></msg>
{12:54:18 pm} - [INCOMING] > <msg t='sys'><body action='login' r='0'><login z='w1'><nick><![CDATA[zaseth]]></nick><pword><![CDATA[C@C@K@G@D@E@]]></pword></login></body></msg>
{12:55:47 pm} - [INCOMING] > <policy-file-request/>
{12:55:47 pm} - [INCOMING] > <msg t='sys'><body action='verChk' r='0'><ver v='153' /></body></msg>
{12:55:47 pm} - [INCOMING] > <msg t='sys'><body action='rndK' r='-1'></body></msg>
{12:55:47 pm} - [INCOMING] > <msg t='sys'><body action='login' r='0'><login z='w1'><nick><![CDATA[zaseth]]></nick><pword><![CDATA[I@FEBEE@E@E@]]></pword></login></body></msg>
{12:55:47 pm} - [INCOMING] > %xt%s%j#js%-1%%8da476408472%en%
{12:55:47 pm} - [INCOMING] > %xt%s%i#gi%-1%
{12:55:47 pm} - [INCOMING] > %xt%s%b#gb%-1%
{12:55:47 pm} - [INCOMING] > %xt%s%n#gn%-1%
{12:55:47 pm} - [INCOMING] > %xt%s%u#glr%-1%
{12:55:47 pm} - [INCOMING] > %xt%s%g#gr%-1%
{12:55:47 pm} - [INCOMING] > %xt%s%i#qpp%-1%0%
{12:55:47 pm} - [INCOMING] > %xt%s%st#gsbcd%-1%0%
{12:54:18 pm} - [INCOMING] > <policy-file-request/>
{12:54:18 pm} - [INCOMING] > <msg t='sys'><body action='verChk' r='0'><ver v='153' /></body></msg>
{12:54:18 pm} - [INCOMING] > <msg t='sys'><body action='rndK' r='-1'></body></msg>
{12:54:18 pm} - [INCOMING] > <msg t='sys'><body action='login' r='0'><login z='w1'><nick><![CDATA[zaseth]]></nick><pword><![CDATA[BE@@BEC@C@@@]]></pword></login></body></msg>
{12:56:53 pm} - [INCOMING] > <policy-file-request/>
{12:56:53 pm} - [INCOMING] > <msg t='sys'><body action='verChk' r='0'><ver v='153' /></body></msg>
{12:56:53 pm} - [INCOMING] > <msg t='sys'><body action='rndK' r='-1'></body></msg>
{12:56:53 pm} - [INCOMING] > <msg t='sys'><body action='login' r='0'><login z='w1'><nick><![CDATA[zaseth]]></nick><pword><![CDATA[F@G@@@@@D@AE]]></pword></login></body></msg>
{12:56:53 pm} - [INCOMING] > %xt%s%j#js%-1%%75316b0587a3%en%
{12:56:53 pm} - [INCOMING] > %xt%s%i#gi%-1%
{12:56:53 pm} - [INCOMING] > %xt%s%b#gb%-1%
{12:56:53 pm} - [INCOMING] > %xt%s%n#gn%-1%
{12:56:53 pm} - [INCOMING] > %xt%s%u#glr%-1%
{12:56:53 pm} - [INCOMING] > %xt%s%i#qpa%-1%100%
{12:56:53 pm} - [INCOMING] > %xt%s%u#sp%-1%381%290%
{12:56:53 pm} - [INCOMING] > %xt%s%u#sp%-1%418%321%
{12:56:53 pm} - [INCOMING] > %xt%s%g#gr%-1%
{12:56:53 pm} - [INCOMING] > %xt%s%i#qpp%-1%0%
{12:56:53 pm} - [INCOMING] > %xt%s%st#gsbcd%-1%0%
{12:54:18 pm} - [INCOMING] > <policy-file-request/>
{12:54:18 pm} - [INCOMING] > <msg t='sys'><body action='verChk' r='0'><ver v='153' /></body></msg>
{12:54:18 pm} - [INCOMING] > <msg t='sys'><body action='rndK' r='-1'></body></msg>
{12:54:18 pm} - [INCOMING] > <msg t='sys'><body action='login' r='0'><login z='w1'><nick><![CDATA[zaseth]]></nick><pword><![CDATA[G@@@C@D@GEGE]]></pword></login></body></msg>
{12:57:36 pm} - [INCOMING] > <policy-file-request/>
{12:57:36 pm} - [INCOMING] > <msg t='sys'><body action='verChk' r='0'><ver v='153' /></body></msg>
{12:57:36 pm} - [INCOMING] > <msg t='sys'><body action='rndK' r='-1'></body></msg>
{12:57:36 pm} - [INCOMING] > <msg t='sys'><body action='login' r='0'><login z='w1'><nick><![CDATA[zaseth]]></nick><pword><![CDATA[E@GEK@D@AE@@]]></pword></login></body></msg>
{12:57:36 pm} - [INCOMING] > %xt%s%j#js%-1%%4e85c3b40521%en%
{12:57:36 pm} - [INCOMING] > %xt%s%i#gi%-1%
{12:57:36 pm} - [INCOMING] > %xt%s%b#gb%-1%
{12:57:36 pm} - [INCOMING] > %xt%s%n#gn%-1%
{12:57:36 pm} - [INCOMING] > %xt%s%u#glr%-1%
{12:57:36 pm} - [INCOMING] > %xt%s%g#gr%-1%
{12:57:36 pm} - [INCOMING] > %xt%s%i#qpp%-1%0%
{12:57:36 pm} - [INCOMING] > %xt%s%st#gsbcd%-1%0%
{12:58:52 pm} - [INCOMING] > <policy-file-request/>
{12:58:52 pm} - [INCOMING] > <msg t='sys'><body action='verChk' r='0'><ver v='153' /></body></msg>
{12:58:52 pm} - [INCOMING] > <msg t='sys'><body action='rndK' r='-1'></body></msg>
{12:58:52 pm} - [INCOMING] > <msg t='sys'><body action='login' r='0'><login z='w1'><nick><![CDATA[zaseth]]></nick><pword><![CDATA[I@A@@EBEB@A@]]></pword></login></body></msg>
{1:12:44 pm} - [INCOMING] > <policy-file-request/>
{1:12:44 pm} - [INCOMING] > <msg t='sys'><body action='verChk' r='0'><ver v='153' /></body></msg>
{1:12:44 pm} - [INCOMING] > <msg t='sys'><body action='rndK' r='-1'></body></msg>
{1:12:44 pm} - [INCOMING] > <msg t='sys'><body action='login' r='0'><login z='w1'><nick><![CDATA[zaseth]]></nick><pword><![CDATA[F@J@FEDED@E@]]></pword></login></body></msg>
{1:12:44 pm} - [INCOMING] > %xt%s%j#js%-1%%78ee66548a53%en%
{1:12:44 pm} - [INCOMING] > %xt%s%i#gi%-1%
{1:12:44 pm} - [INCOMING] > %xt%s%b#gb%-1%
{1:12:44 pm} - [INCOMING] > %xt%s%n#gn%-1%
{1:12:44 pm} - [INCOMING] > %xt%s%u#glr%-1%
{1:12:44 pm} - [INCOMING] > %xt%s%i#qpa%-1%100%
{1:12:44 pm} - [INCOMING] > %xt%s%u#sp%-1%353%386%
{1:12:44 pm} - [INCOMING] > %xt%s%u#sp%-1%421%375%
{1:12:44 pm} - [INCOMING] > %xt%s%m#sm%-1%100%/as 13%
{1:12:44 pm} - [INCOMING] > %xt%s%u#sp%-1%390%354%
{1:12:44 pm} - [INCOMING] > %xt%s%g#gr%-1%
{1:12:44 pm} - [INCOMING] > %xt%s%i#qpp%-1%100%
{1:12:44 pm} - [INCOMING] > %xt%s%st#gsbcd%-1%100%
{1:12:44 pm} - [INCOMING] > %xt%s%st#gps%-1%100%
{1:12:44 pm} - [INCOMING] > %xt%s%i#qpa%-1%100%
{1:12:44 pm} - [INCOMING] > %xt%s%st#gmres%-1%
{1:12:44 pm} - [INCOMING] > %xt%s%m#sm%-1%100%/as 16%
{1:12:44 pm} - [INCOMING] > %xt%s%m#sm%-1%100%/as 17%
{1:12:44 pm} - [INCOMING] > %xt%s%i#qpp%-1%100%
{1:12:44 pm} - [INCOMING] > %xt%s%st#gsbcd%-1%100%
{1:12:44 pm} - [INCOMING] > %xt%s%st#gps%-1%100%
{1:12:44 pm} - [INCOMING] > %xt%s%i#qpa%-1%100%
{1:12:44 pm} - [INCOMING] > %xt%s%st#gmres%-1%
{1:12:44 pm} - [INCOMING] > %xt%s%st#ssbcd%-1%4%10%1%1%0|8|216|157|0|14%0|7|532|180|0|13%0|13|382|241|0|16%0|16|229|287|0|18%0|17|477|329|0|20%
{1:12:44 pm} - [INCOMING] > %xt%s%m#sm%-1%100%/as 6969%
{1:12:44 pm} - [INCOMING] > %xt%s%u#sp%-1%351%341%
{1:12:44 pm} - [INCOMING] > %xt%s%g#gr%-1%
{1:12:44 pm} - [INCOMING] > %xt%s%u#sp%-1%276%283%
{1:12:44 pm} - [INCOMING] > %xt%s%u#sp%-1%266%331%
{1:12:44 pm} - [INCOMING] > %xt%s%u#sp%-1%280%365%
{1:12:44 pm} - [INCOMING] > %xt%s%u#h%-1%
{1:12:44 pm} - [INCOMING] > %xt%s%g#gr%-1%
{1:12:44 pm} - [INCOMING] > %xt%s%i#qpp%-1%100%
{1:12:44 pm} - [INCOMING] > %xt%s%st#gsbcd%-1%100%
{1:12:44 pm} - [INCOMING] > %xt%s%st#gps%-1%100%
{1:12:44 pm} - [INCOMING] > %xt%s%i#qpa%-1%100%
{1:12:44 pm} - [INCOMING] > %xt%s%st#gmres%-1%
{1:12:44 pm} - [INCOMING] > %xt%s%st#ssbcd%-1%1%1%6%4%0|8|216|157|0|14%0|7|532|180|0|13%0|13|382|241|0|16%0|16|229|287|0|18%0|17|477|329|0|20%
{1:12:44 pm} - [INCOMING] > %xt%s%i#qpp%-1%100%
{1:12:44 pm} - [INCOMING] > %xt%s%st#gsbcd%-1%100%
{1:12:44 pm} - [INCOMING] > %xt%s%st#gps%-1%100%
{1:12:44 pm} - [INCOMING] > %xt%s%i#qpa%-1%100%
{1:12:44 pm} - [INCOMING] > %xt%s%st#gmres%-1%
{1:12:44 pm} - [INCOMING] > %xt%s%u#sp%-1%355%333%
{1:12:44 pm} - [INCOMING] > %xt%s%u#sp%-1%411%336%
{1:12:44 pm} - [INCOMING] > %xt%s%u#sp%-1%359%315%
{1:12:44 pm} - [INCOMING] > %xt%s%u#sp%-1%431%300%
{1:12:44 pm} - [INCOMING] > %xt%s%u#sp%-1%347%289%
{1:12:44 pm} - [INCOMING] > %xt%s%u#sp%-1%394%275%
{1:12:44 pm} - [INCOMING] > %xt%s%u#sp%-1%421%301%
{1:12:44 pm} - [INCOMING] > %xt%s%u#h%-1%
{1:12:44 pm} - [INCOMING] > %xt%s%g#gr%-1%
{1:12:44 pm} - [INCOMING] > %xt%s%g#gr%-1%
{1:12:44 pm} - [INCOMING] > %xt%s%g#gr%-1%
{1:12:44 pm} - [INCOMING] > %xt%s%i#qpp%-1%0%
