{10:13:25 pm} - [OUTGOING] > <cross-domain-policy><allow-access-from domain="*" to-ports="*"/></cross-domain-policy>
{11:20:31 am} - [OUTGOING] > <cross-domain-policy><allow-access-from domain="*" to-ports="*"/></cross-domain-policy>
{11:20:31 am} - [OUTGOING] > <msg t="sys"><body action="apiOK" r="0"></body></msg>
{11:20:31 am} - [OUTGOING] > <msg t="sys"><body action="rndK" r="-1"><k>9b45daa47aee</k></body></msg>
{11:20:31 am} - [OUTGOING] > %xt%sd%-1%100|Snowy Island|127.0.0.1|6113%
{11:20:31 am} - [OUTGOING] > %xt%l%-1%%6991f1785150%%100,1%
{11:20:36 am} - [OUTGOING] > <cross-domain-policy><allow-access-from domain="*" to-ports="*"/></cross-domain-policy>
{11:20:36 am} - [OUTGOING] > <msg t="sys"><body action="apiOK" r="0"></body></msg>
{11:20:36 am} - [OUTGOING] > <msg t="sys"><body action="rndK" r="-1"><k>edcbe6915aca</k></body></msg>
{11:20:36 am} - [OUTGOING] > %xt%l%-1%
{11:20:36 am} - [OUTGOING] > %xt%js%-1%1%0%1%1%
{11:20:36 am} - [OUTGOING] > %xt%lp%-1%100|Zaseth|45|1|0|0|0|0|0|0|0|0|0|0|1|1|0%99999%0%1440%1534670451%11%4%1%
{11:20:36 am} - [OUTGOING] > %xt%ap%-1%100|Zaseth|45|1|0|0|0|0|0|0|0|0|126|229|1|1|0%
{11:20:36 am} - [OUTGOING] > %xt%jr%-1%300%100|Zaseth|45|1|0|0|0|0|0|0|0|0|126|229|1|1|0%
{11:20:36 am} - [OUTGOING] > %xt%ap%-1%0|Bot|45|1|122|0|0|276|0|0|514|0|100|100|1|1|876%
{11:20:36 am} - [OUTGOING] > %xt%gps%-1%100%7|8%
{11:20:36 am} - [OUTGOING] > %xt%gi%-1%1%
{11:20:36 am} - [OUTGOING] > %xt%gb%-1%%
{11:20:36 am} - [OUTGOING] > %xt%gn%-1%%
{11:20:31 am} - [OUTGOING] > <cross-domain-policy><allow-access-from domain="*" to-ports="*"/></cross-domain-policy>
{11:20:31 am} - [OUTGOING] > <msg t="sys"><body action="apiOK" r="0"></body></msg>
{11:20:31 am} - [OUTGOING] > <msg t="sys"><body action="rndK" r="-1"><k>8151014da6ce</k></body></msg>
{11:20:31 am} - [OUTGOING] > %xt%sd%-1%100|Snowy Island|127.0.0.1|6113%
{11:20:31 am} - [OUTGOING] > %xt%l%-1%%34147abb88ae%%100,1%
{11:20:36 am} - [OUTGOING] > <cross-domain-policy><allow-access-from domain="*" to-ports="*"/></cross-domain-policy>
{11:20:36 am} - [OUTGOING] > <msg t="sys"><body action="apiOK" r="0"></body></msg>
{11:20:36 am} - [OUTGOING] > <msg t="sys"><body action="rndK" r="-1"><k>7ef5f2a9c729</k></body></msg>
{11:20:36 am} - [OUTGOING] > %xt%l%-1%
{11:20:36 am} - [OUTGOING] > %xt%js%-1%1%0%1%1%
{11:20:36 am} - [OUTGOING] > %xt%lp%-1%101|Daan|45|1|0|0|0|0|0|0|0|0|0|0|1|1|0%99999%0%1440%1534670464%11%4%1%
{11:20:36 am} - [OUTGOING] > %xt%ap%-1%101|Daan|45|1|0|0|0|0|0|0|0|0|226|234|1|1|0%
{11:20:36 am} - [OUTGOING] > %xt%ap%-1%101|Daan|45|1|0|0|0|0|0|0|0|0|226|234|1|1|0%
{11:20:36 am} - [OUTGOING] > %xt%jr%-1%300%100|Zaseth|45|1|0|0|0|0|0|0|0|0|126|229|1|1|0%101|Daan|45|1|0|0|0|0|0|0|0|0|226|234|1|1|0%
{11:20:36 am} - [OUTGOING] > %xt%ap%-1%0|Bot|45|1|122|0|0|276|0|0|514|0|100|100|1|1|876%
{11:20:36 am} - [OUTGOING] > %xt%gps%-1%101%%
{11:20:36 am} - [OUTGOING] > %xt%gi%-1%1%
{11:20:36 am} - [OUTGOING] > %xt%gb%-1%%
{11:20:36 am} - [OUTGOING] > %xt%gn%-1%%
{11:20:36 am} - [OUTGOING] > %xt%glr%-1%Waddler%
{11:20:36 am} - [OUTGOING] > %xt%qpa%-1%%
{11:20:36 am} - [OUTGOING] > %xt%sp%-1%101%278%405%
{11:20:36 am} - [OUTGOING] > %xt%sp%-1%101%278%405%
{11:20:36 am} - [OUTGOING] > %xt%sp%-1%100%442%385%
{11:20:36 am} - [OUTGOING] > %xt%sp%-1%100%442%385%
{11:20:36 am} - [OUTGOING] > %xt%gr%-1%
{11:20:36 am} - [OUTGOING] > %xt%br%-1%100%Zaseth%
{11:20:36 am} - [OUTGOING] > %xt%ba%-1%101%Daan%
{11:20:36 am} - [OUTGOING] > %xt%ba%-1%100%Zaseth%
{11:20:36 am} - [OUTGOING] > %xt%rp%-1%101%
{11:20:36 am} - [OUTGOING] > %xt%gp%-1%101|Daan|1|1|0|0|0|0|0|0|0|0|%
{11:20:36 am} - [OUTGOING] > %xt%gr%-1%
{11:20:31 am} - [OUTGOING] > <cross-domain-policy><allow-access-from domain="*" to-ports="*"/></cross-domain-policy>
{11:20:31 am} - [OUTGOING] > <msg t="sys"><body action="apiOK" r="0"></body></msg>
{11:20:31 am} - [OUTGOING] > <msg t="sys"><body action="rndK" r="-1"><k>b9abeeacb4d3</k></body></msg>
{11:20:31 am} - [OUTGOING] > %xt%sd%-1%100|Snowy Island|127.0.0.1|6113%
{11:20:31 am} - [OUTGOING] > %xt%l%-1%%dd94b44dfc2d%%100,1%
{11:20:36 am} - [OUTGOING] > <cross-domain-policy><allow-access-from domain="*" to-ports="*"/></cross-domain-policy>
{11:20:36 am} - [OUTGOING] > <msg t="sys"><body action="apiOK" r="0"></body></msg>
{11:20:36 am} - [OUTGOING] > <msg t="sys"><body action="rndK" r="-1"><k>a0ecc71f6b04</k></body></msg>
{11:20:36 am} - [OUTGOING] > %xt%l%-1%
{11:20:36 am} - [OUTGOING] > %xt%js%-1%1%0%1%1%
{11:20:36 am} - [OUTGOING] > %xt%lp%-1%100|Zaseth|45|1|0|0|0|0|0|0|0|0|0|0|1|1|0%99999%0%1440%1534670511%11%4%1%
{11:20:36 am} - [OUTGOING] > %xt%ap%-1%100|Zaseth|45|1|0|0|0|0|0|0|0|0|299|339|1|1|0%
{11:20:36 am} - [OUTGOING] > %xt%jr%-1%110%100|Zaseth|45|1|0|0|0|0|0|0|0|0|299|339|1|1|0%
{11:20:36 am} - [OUTGOING] > %xt%ap%-1%0|Bot|45|1|122|0|0|276|0|0|514|0|100|100|1|1|876%
{11:20:36 am} - [OUTGOING] > %xt%gps%-1%100%7|8%
{11:20:36 am} - [OUTGOING] > %xt%gi%-1%1%
{11:20:36 am} - [OUTGOING] > %xt%gb%-1%101|Daan|0%
{11:20:36 am} - [OUTGOING] > %xt%gn%-1%%
{11:20:31 am} - [OUTGOING] > <cross-domain-policy><allow-access-from domain="*" to-ports="*"/></cross-domain-policy>
{11:20:31 am} - [OUTGOING] > <msg t="sys"><body action="apiOK" r="0"></body></msg>
{11:20:31 am} - [OUTGOING] > <msg t="sys"><body action="rndK" r="-1"><k>dfd8c0499b10</k></body></msg>
{11:20:31 am} - [OUTGOING] > %xt%sd%-1%100|Snowy Island|127.0.0.1|6113%
{11:20:31 am} - [OUTGOING] > %xt%l%-1%%e3dbc7e26c38%%100,1%
{11:20:36 am} - [OUTGOING] > <cross-domain-policy><allow-access-from domain="*" to-ports="*"/></cross-domain-policy>
{11:20:36 am} - [OUTGOING] > <msg t="sys"><body action="apiOK" r="0"></body></msg>
{11:20:36 am} - [OUTGOING] > <msg t="sys"><body action="rndK" r="-1"><k>3ec6fd267654</k></body></msg>
{11:20:36 am} - [OUTGOING] > %xt%l%-1%
{11:20:36 am} - [OUTGOING] > %xt%js%-1%1%0%1%1%
{11:20:36 am} - [OUTGOING] > %xt%lp%-1%101|Daan|45|1|0|0|0|0|0|0|0|0|0|0|1|1|0%99999%0%1440%1534670524%11%4%1%
{11:20:36 am} - [OUTGOING] > %xt%ap%-1%101|Daan|45|1|0|0|0|0|0|0|0|0|261|306|1|1|0%
{11:20:36 am} - [OUTGOING] > %xt%jr%-1%100%101|Daan|45|1|0|0|0|0|0|0|0|0|261|306|1|1|0%
{11:20:36 am} - [OUTGOING] > %xt%ap%-1%0|Bot|45|1|122|0|0|276|0|0|514|0|100|100|1|1|876%
{11:20:36 am} - [OUTGOING] > %xt%gps%-1%101%%
{11:20:36 am} - [OUTGOING] > %xt%gi%-1%1%
{11:20:36 am} - [OUTGOING] > %xt%bon%-1%101%
{11:20:36 am} - [OUTGOING] > %xt%gb%-1%100|Zaseth|1%
{11:20:36 am} - [OUTGOING] > %xt%gn%-1%%
{11:20:36 am} - [OUTGOING] > %xt%glr%-1%Waddler%
{11:20:36 am} - [OUTGOING] > %xt%qpa%-1%%
{11:20:36 am} - [OUTGOING] > %xt%bof%-1%101%
{11:20:31 am} - [OUTGOING] > <cross-domain-policy><allow-access-from domain="*" to-ports="*"/></cross-domain-policy>
{11:20:31 am} - [OUTGOING] > <msg t="sys"><body action="apiOK" r="0"></body></msg>
{11:20:31 am} - [OUTGOING] > <msg t="sys"><body action="rndK" r="-1"><k>34fc19d43d8e</k></body></msg>
{11:20:31 am} - [OUTGOING] > %xt%sd%-1%100|Snowy Island|127.0.0.1|6113%
{11:20:31 am} - [OUTGOING] > %xt%l%-1%%7f47b773ab8f%%100,1%
{11:23:58 am} - [OUTGOING] > <cross-domain-policy><allow-access-from domain="*" to-ports="*"/></cross-domain-policy>
{11:23:58 am} - [OUTGOING] > <msg t="sys"><body action="apiOK" r="0"></body></msg>
{11:23:58 am} - [OUTGOING] > <msg t="sys"><body action="rndK" r="-1"><k>cfbfd6ab009a</k></body></msg>
{11:23:58 am} - [OUTGOING] > %xt%l%-1%
{11:23:58 am} - [OUTGOING] > %xt%js%-1%1%0%1%1%
{11:23:58 am} - [OUTGOING] > %xt%lp%-1%100|Zaseth|45|1|0|0|0|0|0|0|0|0|0|0|1|1|0%99999%0%1440%1534670644%11%4%1%
{11:23:58 am} - [OUTGOING] > %xt%ap%-1%100|Zaseth|45|1|0|0|0|0|0|0|0|0|135|131|1|1|0%
{11:23:58 am} - [OUTGOING] > %xt%jr%-1%300%100|Zaseth|45|1|0|0|0|0|0|0|0|0|135|131|1|1|0%
{11:23:58 am} - [OUTGOING] > %xt%ap%-1%0|Bot|45|1|122|0|0|276|0|0|514|0|100|100|1|1|876%
{11:23:58 am} - [OUTGOING] > %xt%gps%-1%100%7|8%
{11:23:58 am} - [OUTGOING] > %xt%gi%-1%1%
{11:23:58 am} - [OUTGOING] > %xt%gb%-1%101|Daan|0%
{11:23:58 am} - [OUTGOING] > %xt%gn%-1%%
{11:23:58 am} - [OUTGOING] > %xt%glr%-1%Waddler%
{11:23:58 am} - [OUTGOING] > %xt%qpa%-1%%
{11:23:58 am} - [OUTGOING] > %xt%sp%-1%100%315%370%
{11:23:58 am} - [OUTGOING] > %xt%sp%-1%100%471%345%
{11:20:31 am} - [OUTGOING] > <cross-domain-policy><allow-access-from domain="*" to-ports="*"/></cross-domain-policy>
{11:20:31 am} - [OUTGOING] > <msg t="sys"><body action="apiOK" r="0"></body></msg>
{11:20:31 am} - [OUTGOING] > <msg t="sys"><body action="rndK" r="-1"><k>65eee83516a6</k></body></msg>
{11:20:31 am} - [OUTGOING] > %xt%sd%-1%100|Snowy Island|127.0.0.1|6113%
{11:20:31 am} - [OUTGOING] > %xt%l%-1%%32ee990add77%%100,1%
{11:24:27 am} - [OUTGOING] > <cross-domain-policy><allow-access-from domain="*" to-ports="*"/></cross-domain-policy>
{11:24:27 am} - [OUTGOING] > <msg t="sys"><body action="apiOK" r="0"></body></msg>
{11:24:27 am} - [OUTGOING] > <msg t="sys"><body action="rndK" r="-1"><k>b1a00caf686f</k></body></msg>
{11:24:27 am} - [OUTGOING] > %xt%sd%-1%100|Snowy Island|127.0.0.1|6113%
{11:24:27 am} - [OUTGOING] > %xt%l%-1%%0d2b25745f17%%100,1%
{11:24:27 am} - [OUTGOING] > %xt%bon%-1%101%
{11:24:25 am} - [OUTGOING] > <cross-domain-policy><allow-access-from domain="*" to-ports="*"/></cross-domain-policy>
{11:24:25 am} - [OUTGOING] > <msg t="sys"><body action="apiOK" r="0"></body></msg>
{11:24:25 am} - [OUTGOING] > <msg t="sys"><body action="rndK" r="-1"><k>4dc9148c14bb</k></body></msg>
{11:24:25 am} - [OUTGOING] > %xt%l%-1%
{11:24:25 am} - [OUTGOING] > %xt%js%-1%1%0%1%1%
{11:24:25 am} - [OUTGOING] > %xt%ap%-1%100|Zaseth|45|1|0|0|0|0|0|0|0|0|170|122|1|1|0%
{11:24:25 am} - [OUTGOING] > %xt%jr%-1%110%100|Zaseth|45|1|0|0|0|0|0|0|0|0|170|122|1|1|0%
{11:24:25 am} - [OUTGOING] > %xt%ap%-1%0|Bot|45|1|122|0|0|276|0|0|514|0|100|100|1|1|876%
{11:24:25 am} - [OUTGOING] > %xt%lp%-1%100|Zaseth|45|1|0|0|0|0|0|0|0|0|0|0|1|1|0%99999%0%1440%1534670677%11%4%1%
{11:24:25 am} - [OUTGOING] > %xt%gps%-1%100%7|8%
{11:24:25 am} - [OUTGOING] > %xt%gi%-1%1%
{11:24:25 am} - [OUTGOING] > %xt%gb%-1%101|Daan|0%
{11:24:25 am} - [OUTGOING] > %xt%gn%-1%%
{11:24:25 am} - [OUTGOING] > %xt%glr%-1%Waddler%
{11:24:25 am} - [OUTGOING] > %xt%sp%-1%100%230%285%
{11:24:25 am} - [OUTGOING] > %xt%sp%-1%100%297%295%
{11:24:27 am} - [OUTGOING] > <cross-domain-policy><allow-access-from domain="*" to-ports="*"/></cross-domain-policy>
{11:24:27 am} - [OUTGOING] > <msg t="sys"><body action="apiOK" r="0"></body></msg>
{11:24:27 am} - [OUTGOING] > <msg t="sys"><body action="rndK" r="-1"><k>09fb1c178931</k></body></msg>
{11:24:27 am} - [OUTGOING] > %xt%sd%-1%100|Snowy Island|127.0.0.1|6113%
{11:24:27 am} - [OUTGOING] > %xt%l%-1%%ce12c89ef4cd%%100,1%
{11:24:27 am} - [OUTGOING] > %xt%bon%-1%101%
{11:24:25 am} - [OUTGOING] > <cross-domain-policy><allow-access-from domain="*" to-ports="*"/></cross-domain-policy>
{11:24:25 am} - [OUTGOING] > <msg t="sys"><body action="apiOK" r="0"></body></msg>
{11:24:25 am} - [OUTGOING] > <msg t="sys"><body action="rndK" r="-1"><k>66fae19cabe8</k></body></msg>
{11:24:25 am} - [OUTGOING] > %xt%l%-1%
{11:24:25 am} - [OUTGOING] > %xt%js%-1%1%0%1%1%
{11:24:25 am} - [OUTGOING] > %xt%lp%-1%101|Daan|45|1|0|0|0|0|0|0|0|0|0|0|1|1|0%99999%0%1440%1534670692%11%4%1%
{11:24:25 am} - [OUTGOING] > %xt%ap%-1%101|Daan|45|1|0|0|0|0|0|0|0|0|303|231|1|1|0%
{11:24:25 am} - [OUTGOING] > %xt%jr%-1%100%101|Daan|45|1|0|0|0|0|0|0|0|0|303|231|1|1|0%
{11:24:25 am} - [OUTGOING] > %xt%ap%-1%0|Bot|45|1|122|0|0|276|0|0|514|0|100|100|1|1|876%
{11:24:25 am} - [OUTGOING] > %xt%gps%-1%101%%
{11:24:25 am} - [OUTGOING] > %xt%gi%-1%1%
{11:24:25 am} - [OUTGOING] > %xt%bon%-1%101%
{11:24:25 am} - [OUTGOING] > %xt%gb%-1%100|Zaseth|1%
{11:24:25 am} - [OUTGOING] > %xt%gn%-1%%
{11:24:25 am} - [OUTGOING] > %xt%glr%-1%Waddler%
{11:24:25 am} - [OUTGOING] > %xt%sp%-1%101%247%330%
{11:24:25 am} - [OUTGOING] > %xt%sp%-1%101%279%321%
{11:24:25 am} - [OUTGOING] > %xt%gr%-1%
{11:24:25 am} - [OUTGOING] > %xt%bof%-1%101%
{11:24:27 am} - [OUTGOING] > <cross-domain-policy><allow-access-from domain="*" to-ports="*"/></cross-domain-policy>
{11:24:27 am} - [OUTGOING] > <msg t="sys"><body action="apiOK" r="0"></body></msg>
{11:24:27 am} - [OUTGOING] > <msg t="sys"><body action="rndK" r="-1"><k>8be3b12bcb16</k></body></msg>
{11:24:27 am} - [OUTGOING] > %xt%sd%-1%100|Snowy Island|127.0.0.1|6113%
{11:24:27 am} - [OUTGOING] > %xt%l%-1%%bd7df9ab2b01%%100,1%
{11:24:27 am} - [OUTGOING] > %xt%bon%-1%101%
{11:26:43 am} - [OUTGOING] > <cross-domain-policy><allow-access-from domain="*" to-ports="*"/></cross-domain-policy>
{11:26:43 am} - [OUTGOING] > <msg t="sys"><body action="apiOK" r="0"></body></msg>
{11:26:43 am} - [OUTGOING] > <msg t="sys"><body action="rndK" r="-1"><k>681a2d74f86e</k></body></msg>
{11:26:43 am} - [OUTGOING] > %xt%sd%-1%100|Snowy Island|127.0.0.1|6113%
{11:26:43 am} - [OUTGOING] > %xt%l%-1%%2e41ed192b98%%100,1%
{11:26:45 am} - [OUTGOING] > <cross-domain-policy><allow-access-from domain="*" to-ports="*"/></cross-domain-policy>
{11:26:45 am} - [OUTGOING] > <msg t="sys"><body action="apiOK" r="0"></body></msg>
{11:26:45 am} - [OUTGOING] > <msg t="sys"><body action="rndK" r="-1"><k>17bb864fed28</k></body></msg>
{11:26:45 am} - [OUTGOING] > %xt%l%-1%
{11:26:45 am} - [OUTGOING] > %xt%js%-1%1%0%1%1%
{11:26:45 am} - [OUTGOING] > %xt%lp%-1%100|Zaseth|45|1|0|0|0|0|0|0|0|0|0|0|1|1|0%99999%0%1440%1534670811%11%4%1%
{11:26:45 am} - [OUTGOING] > %xt%ap%-1%100|Zaseth|45|1|0|0|0|0|0|0|0|0|117|123|1|1|0%
{11:26:45 am} - [OUTGOING] > %xt%jr%-1%110%100|Zaseth|45|1|0|0|0|0|0|0|0|0|117|123|1|1|0%
{11:26:45 am} - [OUTGOING] > %xt%ap%-1%0|Bot|45|1|122|0|0|276|0|0|514|0|100|100|1|1|876%
{11:26:45 am} - [OUTGOING] > %xt%gps%-1%100%7|8%
{11:26:45 am} - [OUTGOING] > %xt%gi%-1%1%
{11:26:45 am} - [OUTGOING] > %xt%gb%-1%101|Daan|0%
{11:26:45 am} - [OUTGOING] > %xt%gn%-1%%
{11:26:45 am} - [OUTGOING] > %xt%glr%-1%Waddler%
{11:26:45 am} - [OUTGOING] > %xt%qpa%-1%%
{11:26:45 am} - [OUTGOING] > %xt%sp%-1%100%322%302%
{11:26:45 am} - [OUTGOING] > %xt%gr%-1%
{11:26:45 am} - [OUTGOING] > %xt%qpp%-1%%
{11:26:45 am} - [OUTGOING] > %xt%gsbcd%-1%1%1%1%1%%
{11:26:45 am} - [OUTGOING] > %xt%gps%-1%100%7|8%
{11:26:45 am} - [OUTGOING] > %xt%qpa%-1%%
{11:26:45 am} - [OUTGOING] > %xt%gmres%-1%%
{11:26:45 am} - [OUTGOING] > %xt%gr%-1%
{11:26:45 am} - [OUTGOING] > %xt%qpp%-1%%
{11:27:49 am} - [OUTGOING] > <cross-domain-policy><allow-access-from domain="*" to-ports="*"/></cross-domain-policy>
{11:27:49 am} - [OUTGOING] > <msg t="sys"><body action="apiOK" r="0"></body></msg>
{11:27:49 am} - [OUTGOING] > <msg t="sys"><body action="rndK" r="-1"><k>a789ed8be7d0</k></body></msg>
{11:27:49 am} - [OUTGOING] > %xt%sd%-1%100|Snowy Island|127.0.0.1|6113%
{11:27:49 am} - [OUTGOING] > %xt%l%-1%%6a18d65df746%%100,1%
{11:27:50 am} - [OUTGOING] > <cross-domain-policy><allow-access-from domain="*" to-ports="*"/></cross-domain-policy>
{11:27:50 am} - [OUTGOING] > <msg t="sys"><body action="apiOK" r="0"></body></msg>
{11:27:50 am} - [OUTGOING] > <msg t="sys"><body action="rndK" r="-1"><k>837eacf82951</k></body></msg>
{11:27:50 am} - [OUTGOING] > %xt%l%-1%
{11:27:50 am} - [OUTGOING] > %xt%js%-1%1%0%1%1%
{11:27:50 am} - [OUTGOING] > %xt%lp%-1%100|Zaseth|45|1|0|0|0|0|0|0|0|0|0|0|1|1|0%99999%0%1440%1534670876%11%4%1%
{11:27:50 am} - [OUTGOING] > %xt%ap%-1%100|Zaseth|45|1|0|0|0|0|0|0|0|0|368|298|1|1|0%
{11:27:50 am} - [OUTGOING] > %xt%jr%-1%110%100|Zaseth|45|1|0|0|0|0|0|0|0|0|368|298|1|1|0%
{11:27:50 am} - [OUTGOING] > %xt%ap%-1%0|Bot|45|1|122|0|0|276|0|0|514|0|100|100|1|1|876%
{11:27:50 am} - [OUTGOING] > %xt%gps%-1%100%7|8%
{11:27:50 am} - [OUTGOING] > %xt%gi%-1%1%
{11:27:50 am} - [OUTGOING] > %xt%gb%-1%101|Daan|0%
{11:27:50 am} - [OUTGOING] > %xt%gn%-1%%
{11:27:50 am} - [OUTGOING] > %xt%glr%-1%Waddler%
{11:27:50 am} - [OUTGOING] > %xt%qpa%-1%%
{11:27:50 am} - [OUTGOING] > %xt%gr%-1%
{11:27:50 am} - [OUTGOING] > %xt%qpp%-1%%
{11:27:49 am} - [OUTGOING] > <cross-domain-policy><allow-access-from domain="*" to-ports="*"/></cross-domain-policy>
{11:27:49 am} - [OUTGOING] > <msg t="sys"><body action="apiOK" r="0"></body></msg>
{11:27:49 am} - [OUTGOING] > <msg t="sys"><body action="rndK" r="-1"><k>d7d45b9f97d1</k></body></msg>
{11:27:49 am} - [OUTGOING] > %xt%sd%-1%100|Snowy Island|127.0.0.1|6113%
{11:27:49 am} - [OUTGOING] > %xt%l%-1%%5c0db7577153%%100,1%
{11:28:45 am} - [OUTGOING] > <cross-domain-policy><allow-access-from domain="*" to-ports="*"/></cross-domain-policy>
{11:28:45 am} - [OUTGOING] > <msg t="sys"><body action="apiOK" r="0"></body></msg>
{11:28:45 am} - [OUTGOING] > <msg t="sys"><body action="rndK" r="-1"><k>d717a8b712bf</k></body></msg>
{11:28:45 am} - [OUTGOING] > %xt%l%-1%
{11:28:45 am} - [OUTGOING] > %xt%js%-1%1%0%1%1%
{11:28:45 am} - [OUTGOING] > %xt%lp%-1%100|Zaseth|45|1|0|0|0|0|0|0|0|0|0|0|1|1|0%99999%0%1440%1534670932%11%4%1%
{11:28:45 am} - [OUTGOING] > %xt%ap%-1%100|Zaseth|45|1|0|0|0|0|0|0|0|0|255|265|1|1|0%
{11:28:45 am} - [OUTGOING] > %xt%jr%-1%400%100|Zaseth|45|1|0|0|0|0|0|0|0|0|255|265|1|1|0%
{11:28:45 am} - [OUTGOING] > %xt%ap%-1%0|Bot|45|1|122|0|0|276|0|0|514|0|100|100|1|1|876%
{11:28:45 am} - [OUTGOING] > %xt%gps%-1%100%7|8%
{11:28:45 am} - [OUTGOING] > %xt%gi%-1%1%
{11:28:45 am} - [OUTGOING] > %xt%gb%-1%101|Daan|0%
{11:28:45 am} - [OUTGOING] > %xt%gn%-1%%
{11:28:45 am} - [OUTGOING] > %xt%gr%-1%
{11:28:45 am} - [OUTGOING] > %xt%qpp%-1%%
{11:27:49 am} - [OUTGOING] > <cross-domain-policy><allow-access-from domain="*" to-ports="*"/></cross-domain-policy>
{11:27:49 am} - [OUTGOING] > <msg t="sys"><body action="apiOK" r="0"></body></msg>
{11:27:49 am} - [OUTGOING] > <msg t="sys"><body action="rndK" r="-1"><k>7c9d9a841f31</k></body></msg>
{11:27:49 am} - [OUTGOING] > %xt%sd%-1%100|Snowy Island|127.0.0.1|6113%
{11:27:49 am} - [OUTGOING] > %xt%l%-1%%a0952b4620ed%%100,1%
{11:29:54 am} - [OUTGOING] > <cross-domain-policy><allow-access-from domain="*" to-ports="*"/></cross-domain-policy>
{11:29:54 am} - [OUTGOING] > <msg t="sys"><body action="apiOK" r="0"></body></msg>
{11:29:54 am} - [OUTGOING] > <msg t="sys"><body action="rndK" r="-1"><k>f060abe89e93</k></body></msg>
{11:29:54 am} - [OUTGOING] > %xt%l%-1%
{11:29:54 am} - [OUTGOING] > %xt%js%-1%1%0%1%1%
{11:29:54 am} - [OUTGOING] > %xt%lp%-1%100|Zaseth|45|1|0|0|0|0|0|0|0|0|0|0|1|1|0%99999%0%1440%1534671002%11%4%1%
{11:29:54 am} - [OUTGOING] > %xt%ap%-1%100|Zaseth|45|1|0|0|0|0|0|0|0|0|255|371|1|1|0%
{11:29:54 am} - [OUTGOING] > %xt%jr%-1%110%100|Zaseth|45|1|0|0|0|0|0|0|0|0|255|371|1|1|0%
{11:29:54 am} - [OUTGOING] > %xt%ap%-1%0|Bot|45|1|122|0|0|276|0|0|514|0|100|100|1|1|876%
{11:29:54 am} - [OUTGOING] > %xt%gps%-1%100%7|8%
{11:29:54 am} - [OUTGOING] > %xt%gi%-1%1%
{11:29:54 am} - [OUTGOING] > %xt%gb%-1%101|Daan|0%
{11:29:54 am} - [OUTGOING] > %xt%gn%-1%%
{11:29:54 am} - [OUTGOING] > %xt%gr%-1%
{11:29:54 am} - [OUTGOING] > %xt%qpp%-1%%
{11:27:49 am} - [OUTGOING] > <cross-domain-policy><allow-access-from domain="*" to-ports="*"/></cross-domain-policy>
{11:27:49 am} - [OUTGOING] > <msg t="sys"><body action="apiOK" r="0"></body></msg>
{11:27:49 am} - [OUTGOING] > <msg t="sys"><body action="rndK" r="-1"><k>bc155bf441cd</k></body></msg>
{11:27:49 am} - [OUTGOING] > %xt%sd%-1%100|Snowy Island|127.0.0.1|6113%
{11:27:49 am} - [OUTGOING] > %xt%l%-1%%b454d3072b87%%100,1%
{11:34:28 am} - [OUTGOING] > <cross-domain-policy><allow-access-from domain="*" to-ports="*"/></cross-domain-policy>
{11:34:28 am} - [OUTGOING] > <msg t="sys"><body action="apiOK" r="0"></body></msg>
{11:34:28 am} - [OUTGOING] > <msg t="sys"><body action="rndK" r="-1"><k>389c4b5c8f60</k></body></msg>
{11:34:28 am} - [OUTGOING] > %xt%l%-1%
{11:34:28 am} - [OUTGOING] > %xt%js%-1%1%0%1%1%
{11:34:28 am} - [OUTGOING] > %xt%ap%-1%100|Zaseth|45|1|0|0|0|0|0|0|0|0|281|145|1|1|0%
{11:34:28 am} - [OUTGOING] > %xt%lp%-1%100|Zaseth|45|1|0|0|0|0|0|0|0|0|0|0|1|1|0%99999%0%1440%1534671274%11%4%1%
{11:34:28 am} - [OUTGOING] > %xt%jr%-1%110%100|Zaseth|45|1|0|0|0|0|0|0|0|0|281|145|1|1|0%
{11:34:28 am} - [OUTGOING] > %xt%ap%-1%0|Bot|45|1|122|0|0|276|0|0|514|0|100|100|1|1|876%
{11:34:28 am} - [OUTGOING] > %xt%gps%-1%100%7|8%
{11:34:28 am} - [OUTGOING] > %xt%gi%-1%1%
{11:34:28 am} - [OUTGOING] > %xt%gb%-1%101|Daan|0%
{11:34:28 am} - [OUTGOING] > %xt%gn%-1%%
{11:34:28 am} - [OUTGOING] > %xt%sp%-1%100%338%212%
{11:34:28 am} - [OUTGOING] > %xt%sp%-1%100%307%224%
{11:34:28 am} - [OUTGOING] > %xt%sp%-1%100%307%224%
{11:34:28 am} - [OUTGOING] > %xt%gr%-1%
{11:27:49 am} - [OUTGOING] > <cross-domain-policy><allow-access-from domain="*" to-ports="*"/></cross-domain-policy>
{11:27:49 am} - [OUTGOING] > <msg t="sys"><body action="apiOK" r="0"></body></msg>
{11:27:49 am} - [OUTGOING] > <msg t="sys"><body action="rndK" r="-1"><k>e44eb22a9f13</k></body></msg>
{11:27:49 am} - [OUTGOING] > %xt%sd%-1%100|Snowy Island|127.0.0.1|6113%
{11:27:49 am} - [OUTGOING] > %xt%l%-1%%02c25cb3376a%%100,1%
{11:35:02 am} - [OUTGOING] > <cross-domain-policy><allow-access-from domain="*" to-ports="*"/></cross-domain-policy>
{11:35:02 am} - [OUTGOING] > <msg t="sys"><body action="apiOK" r="0"></body></msg>
{11:35:02 am} - [OUTGOING] > <msg t="sys"><body action="rndK" r="-1"><k>0c482aeea2de</k></body></msg>
{11:35:02 am} - [OUTGOING] > %xt%l%-1%
{11:35:02 am} - [OUTGOING] > %xt%js%-1%1%0%1%1%
{11:35:02 am} - [OUTGOING] > %xt%lp%-1%100|Zaseth|45|1|0|0|0|0|0|0|0|0|0|0|1|1|0%99999%0%1440%1534671314%11%4%1%
{11:35:02 am} - [OUTGOING] > %xt%ap%-1%100|Zaseth|45|1|0|0|0|0|0|0|0|0|229|195|1|1|0%
{11:35:02 am} - [OUTGOING] > %xt%jr%-1%110%100|Zaseth|45|1|0|0|0|0|0|0|0|0|229|195|1|1|0%
{11:35:02 am} - [OUTGOING] > %xt%ap%-1%0|Bot|45|1|122|0|0|276|0|0|514|0|100|100|1|1|876%
{11:35:02 am} - [OUTGOING] > %xt%gps%-1%100%7|8%
{11:35:02 am} - [OUTGOING] > %xt%gi%-1%1%
{11:35:02 am} - [OUTGOING] > %xt%gb%-1%101|Daan|0%
{11:35:02 am} - [OUTGOING] > %xt%gn%-1%%
{11:35:02 am} - [OUTGOING] > %xt%sp%-1%100%310%229%
{11:35:02 am} - [OUTGOING] > %xt%sp%-1%100%274%226%
{11:35:02 am} - [OUTGOING] > %xt%gr%-1%
{11:35:02 am} - [OUTGOING] > %xt%qpp%-1%%
{11:35:02 am} - [OUTGOING] > %xt%gsbcd%-1%1%1%1%1%%
{11:35:02 am} - [OUTGOING] > %xt%gps%-1%100%7|8%
{11:35:02 am} - [OUTGOING] > %xt%qpa%-1%%
{11:35:02 am} - [OUTGOING] > %xt%gmres%-1%%
{11:44:55 am} - [OUTGOING] > <cross-domain-policy><allow-access-from domain="*" to-ports="*"/></cross-domain-policy>
{11:44:55 am} - [OUTGOING] > <msg t="sys"><body action="apiOK" r="0"></body></msg>
{11:44:55 am} - [OUTGOING] > <msg t="sys"><body action="rndK" r="-1"><k>e4e38d23a3f8</k></body></msg>
{11:44:55 am} - [OUTGOING] > %xt%sd%-1%100|Snowy Island|127.0.0.1|6113%
{11:44:55 am} - [OUTGOING] > %xt%l%-1%%6c37b70ef873%101%100,1%
{11:44:56 am} - [OUTGOING] > <cross-domain-policy><allow-access-from domain="*" to-ports="*"/></cross-domain-policy>
{11:44:56 am} - [OUTGOING] > <msg t="sys"><body action="apiOK" r="0"></body></msg>
{11:44:56 am} - [OUTGOING] > <msg t="sys"><body action="rndK" r="-1"><k>26476ce8588b</k></body></msg>
{11:44:56 am} - [OUTGOING] > %xt%l%-1%
{11:44:56 am} - [OUTGOING] > %xt%js%-1%1%0%1%1%
{11:44:56 am} - [OUTGOING] > %xt%lp%-1%100|Zaseth|45|1|0|0|0|0|0|0|0|0|0|0|1|1|0%99999%0%1440%1534671924%11%4%1%
{11:44:56 am} - [OUTGOING] > %xt%ap%-1%100|Zaseth|45|1|0|0|0|0|0|0|0|0|338|344|1|1|0%
{11:44:56 am} - [OUTGOING] > %xt%jr%-1%400%100|Zaseth|45|1|0|0|0|0|0|0|0|0|338|344|1|1|0%
{11:44:56 am} - [OUTGOING] > %xt%ap%-1%0|Bot|45|1|122|0|0|276|0|0|514|0|100|100|1|1|876%
{11:44:56 am} - [OUTGOING] > %xt%gps%-1%100%7|8%
{11:44:56 am} - [OUTGOING] > %xt%gi%-1%1%
{11:44:56 am} - [OUTGOING] > %xt%gb%-1%101|Daan|0%
{11:44:56 am} - [OUTGOING] > %xt%gn%-1%%
{11:44:56 am} - [OUTGOING] > %xt%glr%-1%Waddler%
{11:44:56 am} - [OUTGOING] > %xt%qpa%-1%%
{11:44:56 am} - [OUTGOING] > %xt%sp%-1%100%325%317%
{11:44:56 am} - [OUTGOING] > %xt%sp%-1%100%358%276%
{11:44:56 am} - [OUTGOING] > %xt%sp%-1%100%353%340%
{11:44:55 am} - [OUTGOING] > <cross-domain-policy><allow-access-from domain="*" to-ports="*"/></cross-domain-policy>
{11:44:55 am} - [OUTGOING] > <msg t="sys"><body action="apiOK" r="0"></body></msg>
{11:44:55 am} - [OUTGOING] > <msg t="sys"><body action="rndK" r="-1"><k>976c2df4fa10</k></body></msg>
{11:44:55 am} - [OUTGOING] > %xt%sd%-1%100|Snowy Island|127.0.0.1|6113%
{11:44:55 am} - [OUTGOING] > %xt%l%-1%%54213c7106f2%101%100,1%
{11:49:42 am} - [OUTGOING] > <cross-domain-policy><allow-access-from domain="*" to-ports="*"/></cross-domain-policy>
{11:49:42 am} - [OUTGOING] > <msg t="sys"><body action="apiOK" r="0"></body></msg>
{11:49:42 am} - [OUTGOING] > <msg t="sys"><body action="rndK" r="-1"><k>dfab306d5830</k></body></msg>
{11:49:42 am} - [OUTGOING] > %xt%sd%-1%100|Snowy Island|127.0.0.1|6113%
{11:49:42 am} - [OUTGOING] > %xt%gs%-1%100|Snowy Island|127.0.0.1|6113%
{11:49:42 am} - [OUTGOING] > %xt%l%-1%%cc2ca91aa5e4%%100,1%
{11:52:47 am} - [OUTGOING] > <cross-domain-policy><allow-access-from domain="*" to-ports="*"/></cross-domain-policy>
{11:52:47 am} - [OUTGOING] > <msg t="sys"><body action="apiOK" r="0"></body></msg>
{11:52:47 am} - [OUTGOING] > <msg t="sys"><body action="rndK" r="-1"><k>d37e74555bb4</k></body></msg>
{11:52:47 am} - [OUTGOING] > %xt%sd%-1%100|Snowy Island|127.0.0.1|6113%
{11:52:47 am} - [OUTGOING] > %xt%l%-1%%0f4a8e94fe87%%100,1%
{11:52:51 am} - [OUTGOING] > <cross-domain-policy><allow-access-from domain="*" to-ports="*"/></cross-domain-policy>
{11:52:51 am} - [OUTGOING] > <msg t="sys"><body action="apiOK" r="0"></body></msg>
{11:52:51 am} - [OUTGOING] > <msg t="sys"><body action="rndK" r="-1"><k>a39a0b0ed151</k></body></msg>
{11:52:51 am} - [OUTGOING] > %xt%l%-1%
{11:52:51 am} - [OUTGOING] > %xt%js%-1%1%0%1%1%
{11:52:51 am} - [OUTGOING] > %xt%lp%-1%100|Zaseth|45|1|0|0|0|0|0|0|0|0|0|0|1|1|0%99999%0%1440%1534672379%11%4%1%
{11:52:51 am} - [OUTGOING] > %xt%ap%-1%100|Zaseth|45|1|0|0|0|0|0|0|0|0|225|163|1|1|0%
{11:52:51 am} - [OUTGOING] > %xt%jr%-1%400%100|Zaseth|45|1|0|0|0|0|0|0|0|0|225|163|1|1|0%
{11:52:51 am} - [OUTGOING] > %xt%ap%-1%0|Bot|45|1|122|0|0|276|0|0|514|0|100|100|1|1|876%
{11:52:51 am} - [OUTGOING] > %xt%gps%-1%100%7|8%
{11:52:51 am} - [OUTGOING] > %xt%gi%-1%1%
{11:52:51 am} - [OUTGOING] > %xt%gb%-1%101|Daan|0%
{11:52:51 am} - [OUTGOING] > %xt%gn%-1%%
{11:52:51 am} - [OUTGOING] > %xt%glr%-1%Waddler%
{11:52:51 am} - [OUTGOING] > %xt%qpa%-1%%
{11:52:51 am} - [OUTGOING] > %xt%sp%-1%100%334%292%
{11:52:51 am} - [OUTGOING] > %xt%gr%-1%
{11:52:51 am} - [OUTGOING] > %xt%qpp%-1%%
{11:52:51 am} - [OUTGOING] > %xt%gsbcd%-1%1%1%1%1%%
{11:52:51 am} - [OUTGOING] > %xt%gps%-1%100%7|8%
{11:52:51 am} - [OUTGOING] > %xt%qpa%-1%%
{11:52:51 am} - [OUTGOING] > %xt%gmres%-1%%
{11:52:51 am} - [OUTGOING] > %xt%qpp%-1%%
{11:52:51 am} - [OUTGOING] > %xt%gsbcd%-1%1%1%1%1%%
{11:52:51 am} - [OUTGOING] > %xt%gps%-1%100%7|8%
{11:52:51 am} - [OUTGOING] > %xt%qpa%-1%%
{11:52:51 am} - [OUTGOING] > %xt%gmres%-1%%
{11:52:51 am} - [OUTGOING] > %xt%h%-1%
{11:52:51 am} - [OUTGOING] > %xt%h%-1%
{11:52:47 am} - [OUTGOING] > <cross-domain-policy><allow-access-from domain="*" to-ports="*"/></cross-domain-policy>
{11:52:47 am} - [OUTGOING] > <msg t="sys"><body action="apiOK" r="0"></body></msg>
{11:52:47 am} - [OUTGOING] > <msg t="sys"><body action="rndK" r="-1"><k>77089d1391c2</k></body></msg>
{11:52:47 am} - [OUTGOING] > %xt%sd%-1%100|Snowy Island|127.0.0.1|6113%
{11:52:47 am} - [OUTGOING] > %xt%l%-1%%b3b77a1ce2e2%%100,1%
{11:55:33 am} - [OUTGOING] > <cross-domain-policy><allow-access-from domain="*" to-ports="*"/></cross-domain-policy>
{11:55:33 am} - [OUTGOING] > <msg t="sys"><body action="apiOK" r="0"></body></msg>
{11:55:33 am} - [OUTGOING] > <msg t="sys"><body action="rndK" r="-1"><k>191bb2cb18d5</k></body></msg>
{11:55:33 am} - [OUTGOING] > %xt%l%-1%
{11:55:33 am} - [OUTGOING] > %xt%js%-1%1%0%1%1%
{11:55:33 am} - [OUTGOING] > %xt%lp%-1%100|Zaseth|45|1|0|0|0|0|0|0|0|0|0|0|1|1|0%99999%0%1440%1534672540%11%4%1%
{11:55:33 am} - [OUTGOING] > %xt%ap%-1%100|Zaseth|45|1|0|0|0|0|0|0|0|0|324|127|1|1|0%
{11:55:33 am} - [OUTGOING] > %xt%jr%-1%400%100|Zaseth|45|1|0|0|0|0|0|0|0|0|324|127|1|1|0%
{11:55:33 am} - [OUTGOING] > %xt%ap%-1%0|Bot|45|1|122|0|0|276|0|0|514|0|100|100|1|1|876%
{11:55:33 am} - [OUTGOING] > %xt%gps%-1%100%7|8%
{11:55:33 am} - [OUTGOING] > %xt%gi%-1%1%
{11:55:33 am} - [OUTGOING] > %xt%gb%-1%101|Daan|0%
{11:55:33 am} - [OUTGOING] > %xt%gn%-1%%
{11:55:33 am} - [OUTGOING] > %xt%glr%-1%Waddler%
{11:55:33 am} - [OUTGOING] > %xt%qpa%-1%%
{11:55:33 am} - [OUTGOING] > %xt%gr%-1%
{11:55:33 am} - [OUTGOING] > %xt%qpp%-1%%
{11:55:33 am} - [OUTGOING] > %xt%gsbcd%-1%1%1%1%1%%
{11:55:33 am} - [OUTGOING] > %xt%gps%-1%100%7|8%
{11:55:33 am} - [OUTGOING] > %xt%qpa%-1%%
{11:55:33 am} - [OUTGOING] > %xt%gmres%-1%%
{11:52:47 am} - [OUTGOING] > <cross-domain-policy><allow-access-from domain="*" to-ports="*"/></cross-domain-policy>
{11:52:47 am} - [OUTGOING] > <msg t="sys"><body action="apiOK" r="0"></body></msg>
{11:52:47 am} - [OUTGOING] > <msg t="sys"><body action="rndK" r="-1"><k>cb6c892754d7</k></body></msg>
{11:52:47 am} - [OUTGOING] > %xt%sd%-1%100|Snowy Island|127.0.0.1|6113%
{11:52:47 am} - [OUTGOING] > %xt%l%-1%%287459a707db%%100,1%
{11:56:24 am} - [OUTGOING] > <cross-domain-policy><allow-access-from domain="*" to-ports="*"/></cross-domain-policy>
{11:56:24 am} - [OUTGOING] > <msg t="sys"><body action="apiOK" r="0"></body></msg>
{11:56:24 am} - [OUTGOING] > <msg t="sys"><body action="rndK" r="-1"><k>78e17d6e3c12</k></body></msg>
{11:56:24 am} - [OUTGOING] > %xt%l%-1%
{11:56:24 am} - [OUTGOING] > %xt%js%-1%1%0%1%1%
{11:56:24 am} - [OUTGOING] > %xt%lp%-1%100|Zaseth|45|1|0|0|0|0|0|0|0|0|0|0|1|1|0%99999%0%1440%1534672589%11%4%1%
{11:56:24 am} - [OUTGOING] > %xt%ap%-1%100|Zaseth|45|1|0|0|0|0|0|0|0|0|292|213|1|1|0%
{11:56:24 am} - [OUTGOING] > %xt%jr%-1%110%100|Zaseth|45|1|0|0|0|0|0|0|0|0|292|213|1|1|0%
{11:56:24 am} - [OUTGOING] > %xt%ap%-1%0|Bot|45|1|122|0|0|276|0|0|514|0|100|100|1|1|876%
{11:56:24 am} - [OUTGOING] > %xt%gps%-1%100%7|8%
{11:56:24 am} - [OUTGOING] > %xt%gi%-1%1%
{11:56:24 am} - [OUTGOING] > %xt%gb%-1%101|Daan|0%
{11:56:24 am} - [OUTGOING] > %xt%gn%-1%%
{11:56:24 am} - [OUTGOING] > %xt%glr%-1%Waddler%
{11:56:24 am} - [OUTGOING] > %xt%qpa%-1%%
{11:56:24 am} - [OUTGOING] > %xt%gr%-1%
{11:56:24 am} - [OUTGOING] > %xt%qpp%-1%%
{11:56:24 am} - [OUTGOING] > %xt%gsbcd%-1%1%1%1%1%%
{11:56:24 am} - [OUTGOING] > %xt%gps%-1%100%7|8%
{11:56:24 am} - [OUTGOING] > %xt%qpa%-1%%
{11:56:24 am} - [OUTGOING] > %xt%gmres%-1%%
{11:56:24 am} - [OUTGOING] > %xt%h%-1%
{11:52:47 am} - [OUTGOING] > <cross-domain-policy><allow-access-from domain="*" to-ports="*"/></cross-domain-policy>
{11:52:47 am} - [OUTGOING] > <msg t="sys"><body action="apiOK" r="0"></body></msg>
{11:52:47 am} - [OUTGOING] > <msg t="sys"><body action="rndK" r="-1"><k>82fc7c51eed6</k></body></msg>
{11:52:47 am} - [OUTGOING] > %xt%sd%-1%100|Snowy Island|127.0.0.1|6113%
{11:52:47 am} - [OUTGOING] > %xt%l%-1%%1da07a5c7a68%%100,1%
{11:56:24 am} - [OUTGOING] > <cross-domain-policy><allow-access-from domain="*" to-ports="*"/></cross-domain-policy>
{11:56:24 am} - [OUTGOING] > <msg t="sys"><body action="apiOK" r="0"></body></msg>
{11:56:24 am} - [OUTGOING] > <msg t="sys"><body action="rndK" r="-1"><k>d8fde8af56ce</k></body></msg>
{11:56:24 am} - [OUTGOING] > %xt%l%-1%
{11:56:24 am} - [OUTGOING] > %xt%js%-1%1%0%1%1%
{11:56:24 am} - [OUTGOING] > %xt%lp%-1%100|Zaseth|45|1|0|0|0|0|0|0|0|0|0|0|1|1|0%99999%0%1440%1534673093%11%4%1%
{11:56:24 am} - [OUTGOING] > %xt%ap%-1%100|Zaseth|45|1|0|0|0|0|0|0|0|0|389|204|1|1|0%
{11:56:24 am} - [OUTGOING] > %xt%jr%-1%110%100|Zaseth|45|1|0|0|0|0|0|0|0|0|389|204|1|1|0%
{11:56:24 am} - [OUTGOING] > %xt%ap%-1%0|Bot|45|1|122|0|0|276|0|0|514|0|100|100|1|1|876%
{11:56:24 am} - [OUTGOING] > %xt%gps%-1%100%7|8%
{11:56:24 am} - [OUTGOING] > %xt%gi%-1%1%
{11:56:24 am} - [OUTGOING] > %xt%gb%-1%101|Daan|0%
{11:56:24 am} - [OUTGOING] > %xt%gn%-1%%
{11:56:24 am} - [OUTGOING] > %xt%gr%-1%
{11:56:24 am} - [OUTGOING] > %xt%qpp%-1%%
{11:56:24 am} - [OUTGOING] > %xt%gsbcd%-1%1%1%1%1%%
{11:56:24 am} - [OUTGOING] > %xt%gps%-1%100%7|8%
{11:56:24 am} - [OUTGOING] > %xt%qpa%-1%%
{11:56:24 am} - [OUTGOING] > %xt%gmres%-1%%
{11:56:24 am} - [OUTGOING] > %xt%h%-1%
{11:56:24 am} - [OUTGOING] > %xt%h%-1%
{11:56:24 am} - [OUTGOING] > %xt%qpp%-1%%
{11:56:24 am} - [OUTGOING] > %xt%gsbcd%-1%1%1%1%1%%
{11:56:24 am} - [OUTGOING] > %xt%gps%-1%100%7|8%
{11:56:24 am} - [OUTGOING] > %xt%qpa%-1%%
{11:56:24 am} - [OUTGOING] > %xt%gmres%-1%%
{11:56:24 am} - [OUTGOING] > %xt%h%-1%
{11:56:24 am} - [OUTGOING] > %xt%h%-1%
{11:52:47 am} - [OUTGOING] > <cross-domain-policy><allow-access-from domain="*" to-ports="*"/></cross-domain-policy>
{11:52:47 am} - [OUTGOING] > <msg t="sys"><body action="apiOK" r="0"></body></msg>
{11:52:47 am} - [OUTGOING] > <msg t="sys"><body action="rndK" r="-1"><k>3c9ce558d5eb</k></body></msg>
{11:52:47 am} - [OUTGOING] > %xt%sd%-1%100|Snowy Island|127.0.0.1|6113%
{11:52:47 am} - [OUTGOING] > %xt%l%-1%%f7cb8b4de019%%100,1%
{12:09:24 pm} - [OUTGOING] > <cross-domain-policy><allow-access-from domain="*" to-ports="*"/></cross-domain-policy>
{12:09:24 pm} - [OUTGOING] > <msg t="sys"><body action="apiOK" r="0"></body></msg>
{12:09:24 pm} - [OUTGOING] > <msg t="sys"><body action="rndK" r="-1"><k>e7482be3a541</k></body></msg>
{12:09:24 pm} - [OUTGOING] > %xt%l%-1%
{12:09:24 pm} - [OUTGOING] > %xt%js%-1%1%0%1%1%
{12:09:24 pm} - [OUTGOING] > %xt%lp%-1%100|Zaseth|45|1|0|0|0|0|0|0|0|0|0|0|1|1|0%99999%0%1440%1534673370%11%4%1%
{12:09:24 pm} - [OUTGOING] > %xt%ap%-1%100|Zaseth|45|1|0|0|0|0|0|0|0|0|230|228|1|1|0%
{12:09:24 pm} - [OUTGOING] > %xt%jr%-1%100%100|Zaseth|45|1|0|0|0|0|0|0|0|0|230|228|1|1|0%
{12:09:24 pm} - [OUTGOING] > %xt%ap%-1%0|Bot|45|1|122|0|0|276|0|0|514|0|100|100|1|1|876%
{12:09:24 pm} - [OUTGOING] > %xt%gps%-1%100%7|8%
{12:09:24 pm} - [OUTGOING] > %xt%gi%-1%1%
{12:09:24 pm} - [OUTGOING] > %xt%gb%-1%101|Daan|0%
{12:09:24 pm} - [OUTGOING] > %xt%gn%-1%%
{12:09:24 pm} - [OUTGOING] > %xt%glr%-1%Waddler%
{12:09:24 pm} - [OUTGOING] > %xt%sp%-1%100%321%316%
{12:09:24 pm} - [OUTGOING] > %xt%sp%-1%100%260%327%
{12:09:24 pm} - [OUTGOING] > %xt%sp%-1%100%254%301%
{12:09:24 pm} - [OUTGOING] > %xt%gr%-1%
{12:09:24 pm} - [OUTGOING] > %xt%qpp%-1%%
{12:09:24 pm} - [OUTGOING] > %xt%gsbcd%-1%1%1%1%1%%
{12:09:24 pm} - [OUTGOING] > %xt%gps%-1%100%7|8%
{12:09:24 pm} - [OUTGOING] > %xt%qpa%-1%%
{12:09:24 pm} - [OUTGOING] > %xt%gmres%-1%%
{12:09:24 pm} - [OUTGOING] > %xt%qpp%-1%%
{12:09:24 pm} - [OUTGOING] > %xt%gsbcd%-1%1%1%1%1%0|7|%
{12:09:24 pm} - [OUTGOING] > %xt%gps%-1%100%7|8%
{12:09:24 pm} - [OUTGOING] > %xt%qpa%-1%%
{12:09:24 pm} - [OUTGOING] > %xt%gmres%-1%%
{12:09:24 pm} - [OUTGOING] > %xt%qpp%-1%%
{12:09:24 pm} - [OUTGOING] > %xt%gsbcd%-1%1%1%1%1%0|7|%
{12:09:24 pm} - [OUTGOING] > %xt%gps%-1%100%7|8%
{12:09:24 pm} - [OUTGOING] > %xt%qpa%-1%%
{12:09:24 pm} - [OUTGOING] > %xt%gmres%-1%%
{11:52:47 am} - [OUTGOING] > <cross-domain-policy><allow-access-from domain="*" to-ports="*"/></cross-domain-policy>
{11:52:47 am} - [OUTGOING] > <msg t="sys"><body action="apiOK" r="0"></body></msg>
{11:52:47 am} - [OUTGOING] > <msg t="sys"><body action="rndK" r="-1"><k>00953372925e</k></body></msg>
{11:52:47 am} - [OUTGOING] > %xt%e%-1%101%
{11:52:47 am} - [OUTGOING] > <msg t="sys"><body action="apiOK" r="0"></body></msg>
{11:52:47 am} - [OUTGOING] > <msg t="sys"><body action="rndK" r="-1"><k>c05cb72768be</k></body></msg>
{11:52:47 am} - [OUTGOING] > %xt%sd%-1%100|Snowy Island|127.0.0.1|6113%
{11:52:47 am} - [OUTGOING] > %xt%l%-1%%c91378af013a%%100,1%
{12:10:42 pm} - [OUTGOING] > <cross-domain-policy><allow-access-from domain="*" to-ports="*"/></cross-domain-policy>
{12:10:42 pm} - [OUTGOING] > <msg t="sys"><body action="apiOK" r="0"></body></msg>
{12:10:42 pm} - [OUTGOING] > <msg t="sys"><body action="rndK" r="-1"><k>eeb826bc8f79</k></body></msg>
{12:10:42 pm} - [OUTGOING] > %xt%l%-1%
{12:10:42 pm} - [OUTGOING] > %xt%js%-1%1%0%1%1%
{12:10:42 pm} - [OUTGOING] > %xt%lp%-1%100|Zaseth|45|1|0|0|0|0|0|0|0|0|0|0|1|1|0%99999%0%1440%1534673449%11%4%1%
{12:10:42 pm} - [OUTGOING] > %xt%ap%-1%100|Zaseth|45|1|0|0|0|0|0|0|0|0|181|153|1|1|0%
{12:10:42 pm} - [OUTGOING] > %xt%jr%-1%110%100|Zaseth|45|1|0|0|0|0|0|0|0|0|181|153|1|1|0%
{12:10:42 pm} - [OUTGOING] > %xt%ap%-1%0|Bot|45|1|122|0|0|276|0|0|514|0|100|100|1|1|876%
{12:10:42 pm} - [OUTGOING] > %xt%gps%-1%100%7|8%
{12:10:42 pm} - [OUTGOING] > %xt%gi%-1%1%
{12:10:42 pm} - [OUTGOING] > %xt%gb%-1%101|Daan|0%
{12:10:42 pm} - [OUTGOING] > %xt%gn%-1%%
{12:10:42 pm} - [OUTGOING] > %xt%sp%-1%100%316%286%
{12:10:42 pm} - [OUTGOING] > %xt%sp%-1%100%265%254%
{12:10:42 pm} - [OUTGOING] > %xt%sp%-1%100%246%260%
{12:10:42 pm} - [OUTGOING] > %xt%gr%-1%
{12:10:42 pm} - [OUTGOING] > %xt%qpp%-1%%
{12:10:42 pm} - [OUTGOING] > %xt%gsbcd%-1%1%1%1%1%0|7|%
{12:10:42 pm} - [OUTGOING] > %xt%gps%-1%100%7|8%
{12:10:42 pm} - [OUTGOING] > %xt%qpa%-1%%
{12:10:42 pm} - [OUTGOING] > %xt%gmres%-1%%
{12:10:42 pm} - [OUTGOING] > %xt%ssbcd%-1%
{12:10:42 pm} - [OUTGOING] > %xt%qpp%-1%%
{12:10:42 pm} - [OUTGOING] > %xt%gsbcd%-1%1%1%1%1%0|7|%
{12:10:42 pm} - [OUTGOING] > %xt%gps%-1%100%7|8%
{12:10:42 pm} - [OUTGOING] > %xt%qpa%-1%%
{12:10:42 pm} - [OUTGOING] > %xt%gmres%-1%%
{11:52:47 am} - [OUTGOING] > <cross-domain-policy><allow-access-from domain="*" to-ports="*"/></cross-domain-policy>
{11:52:47 am} - [OUTGOING] > <msg t="sys"><body action="apiOK" r="0"></body></msg>
{11:52:47 am} - [OUTGOING] > <msg t="sys"><body action="rndK" r="-1"><k>6b55b40910c9</k></body></msg>
{11:52:47 am} - [OUTGOING] > %xt%sd%-1%100|Snowy Island|127.0.0.1|6113%
{11:52:47 am} - [OUTGOING] > %xt%l%-1%%8af6af01db26%%100,1%
{12:11:30 pm} - [OUTGOING] > <cross-domain-policy><allow-access-from domain="*" to-ports="*"/></cross-domain-policy>
{12:11:30 pm} - [OUTGOING] > <msg t="sys"><body action="apiOK" r="0"></body></msg>
{12:11:30 pm} - [OUTGOING] > <msg t="sys"><body action="rndK" r="-1"><k>1cd8e5f7aed6</k></body></msg>
{12:11:30 pm} - [OUTGOING] > %xt%l%-1%
{12:11:30 pm} - [OUTGOING] > %xt%js%-1%1%0%1%1%
{12:11:30 pm} - [OUTGOING] > %xt%lp%-1%100|Zaseth|45|1|0|0|0|0|0|0|0|0|0|0|1|1|0%99999%0%1440%1534673495%11%4%1%
{12:11:30 pm} - [OUTGOING] > %xt%ap%-1%100|Zaseth|45|1|0|0|0|0|0|0|0|0|208|340|1|1|0%
{12:11:30 pm} - [OUTGOING] > %xt%jr%-1%300%100|Zaseth|45|1|0|0|0|0|0|0|0|0|208|340|1|1|0%
{12:11:30 pm} - [OUTGOING] > %xt%ap%-1%0|Bot|45|1|122|0|0|276|0|0|514|0|100|100|1|1|876%
{12:11:30 pm} - [OUTGOING] > %xt%gps%-1%100%7|8%
{12:11:30 pm} - [OUTGOING] > %xt%gi%-1%1%
{12:11:30 pm} - [OUTGOING] > %xt%gb%-1%101|Daan|0%
{12:11:30 pm} - [OUTGOING] > %xt%gn%-1%%
{12:11:30 pm} - [OUTGOING] > %xt%glr%-1%Waddler%
{12:11:30 pm} - [OUTGOING] > %xt%gr%-1%
{12:11:30 pm} - [OUTGOING] > %xt%qpp%-1%%
{12:11:30 pm} - [OUTGOING] > %xt%gsbcd%-1%1%1%1%1%0|7|%
{12:11:30 pm} - [OUTGOING] > %xt%gps%-1%100%7|8%
{12:11:30 pm} - [OUTGOING] > %xt%qpa%-1%%
{12:11:30 pm} - [OUTGOING] > %xt%gmres%-1%%
{12:11:30 pm} - [OUTGOING] > %xt%ssbcd%-1%
{12:11:30 pm} - [OUTGOING] > %xt%qpp%-1%%
{12:11:30 pm} - [OUTGOING] > %xt%gsbcd%-1%1%1%1%1%0|7|%
{12:11:30 pm} - [OUTGOING] > %xt%gps%-1%100%7|8%
{12:11:30 pm} - [OUTGOING] > %xt%qpa%-1%%
{12:11:30 pm} - [OUTGOING] > %xt%gmres%-1%%
{11:52:47 am} - [OUTGOING] > <cross-domain-policy><allow-access-from domain="*" to-ports="*"/></cross-domain-policy>
{11:52:47 am} - [OUTGOING] > <msg t="sys"><body action="apiOK" r="0"></body></msg>
{11:52:47 am} - [OUTGOING] > <msg t="sys"><body action="rndK" r="-1"><k>cb9f6d47fcf3</k></body></msg>
{11:52:47 am} - [OUTGOING] > %xt%sd%-1%100|Snowy Island|127.0.0.1|6113%
{11:52:47 am} - [OUTGOING] > %xt%l%-1%%77bc7bc97f7f%%100,1%
{12:13:41 pm} - [OUTGOING] > <cross-domain-policy><allow-access-from domain="*" to-ports="*"/></cross-domain-policy>
{12:13:41 pm} - [OUTGOING] > <msg t="sys"><body action="apiOK" r="0"></body></msg>
{12:13:41 pm} - [OUTGOING] > <msg t="sys"><body action="rndK" r="-1"><k>f03eef769f2e</k></body></msg>
{12:13:41 pm} - [OUTGOING] > %xt%l%-1%
{12:13:41 pm} - [OUTGOING] > %xt%js%-1%1%0%1%1%
{12:13:41 pm} - [OUTGOING] > %xt%lp%-1%100|Zaseth|45|1|0|0|0|0|0|0|0|0|0|0|1|1|0%99999%0%1440%1534673628%11%4%1%
{12:13:41 pm} - [OUTGOING] > %xt%ap%-1%0|Bot|45|1|122|0|0|276|0|0|514|0|100|100|1|1|876%
{12:13:41 pm} - [OUTGOING] > %xt%ap%-1%100|Zaseth|45|1|0|0|0|0|0|0|0|0|107|313|1|1|0%
{12:13:41 pm} - [OUTGOING] > %xt%jr%-1%300%100|Zaseth|45|1|0|0|0|0|0|0|0|0|107|313|1|1|0%
{12:13:41 pm} - [OUTGOING] > %xt%gps%-1%100%7|8%
{12:13:41 pm} - [OUTGOING] > %xt%gi%-1%1%
{12:13:41 pm} - [OUTGOING] > %xt%gb%-1%%
{12:13:41 pm} - [OUTGOING] > %xt%gn%-1%%
{12:13:41 pm} - [OUTGOING] > %xt%glr%-1%Waddler%
{12:13:41 pm} - [OUTGOING] > %xt%qpa%-1%%
{12:13:41 pm} - [OUTGOING] > %xt%sp%-1%100%147%331%
{12:13:41 pm} - [OUTGOING] > %xt%gr%-1%
{12:13:41 pm} - [OUTGOING] > %xt%qpp%-1%%
{12:13:41 pm} - [OUTGOING] > %xt%gsbcd%-1%1%1%1%1%%
{12:13:41 pm} - [OUTGOING] > %xt%gps%-1%100%7|8%
{12:13:41 pm} - [OUTGOING] > %xt%qpa%-1%%
{12:13:41 pm} - [OUTGOING] > %xt%gmres%-1%%
{12:13:41 pm} - [OUTGOING] > %xt%ssbcd%-1%
{12:13:41 pm} - [OUTGOING] > %xt%qpp%-1%%
{12:13:41 pm} - [OUTGOING] > %xt%gsbcd%-1%1%1%1%1%0|7|369|226|0|1%
{12:13:41 pm} - [OUTGOING] > %xt%gps%-1%100%7|8%
{12:13:41 pm} - [OUTGOING] > %xt%qpa%-1%%
{12:13:41 pm} - [OUTGOING] > %xt%gmres%-1%%
{12:13:41 pm} - [OUTGOING] > %xt%ssbcd%-1%
{12:13:41 pm} - [OUTGOING] > %xt%qpp%-1%%
{12:13:41 pm} - [OUTGOING] > %xt%gsbcd%-1%4%10%1%1%0|7|369|226|0|1%
{12:13:41 pm} - [OUTGOING] > %xt%gps%-1%100%7|8%
{12:13:41 pm} - [OUTGOING] > %xt%qpa%-1%%
{12:13:41 pm} - [OUTGOING] > %xt%gmres%-1%%
{12:13:41 pm} - [OUTGOING] > %xt%sp%-1%100%214%346%
{12:13:41 pm} - [OUTGOING] > %xt%sp%-1%100%171%352%
{12:13:41 pm} - [OUTGOING] > %xt%ap%-1%100|Zaseth|45|1|0|0|0|0|0|0|0|0|380|367|1|1|0%
{12:13:41 pm} - [OUTGOING] > %xt%jr%-1%100%100|Zaseth|45|1|0|0|0|0|0|0|0|0|380|367|1|1|0%
{12:13:41 pm} - [OUTGOING] > %xt%ap%-1%0|Bot|45|1|122|0|0|276|0|0|514|0|100|100|1|1|876%
{12:13:41 pm} - [OUTGOING] > %xt%ap%-1%100|Zaseth|45|1|0|0|0|0|0|0|0|0|146|317|1|1|0%
{12:13:41 pm} - [OUTGOING] > %xt%jr%-1%801%100|Zaseth|45|1|0|0|0|0|0|0|0|0|146|317|1|1|0%
{12:13:41 pm} - [OUTGOING] > %xt%ap%-1%0|Bot|45|1|122|0|0|276|0|0|514|0|100|100|1|1|876%
{12:13:41 pm} - [OUTGOING] > %xt%sp%-1%100%445%275%
{12:13:41 pm} - [OUTGOING] > %xt%sp%-1%100%439%282%
{12:13:41 pm} - [OUTGOING] > %xt%sp%-1%100%433%286%
{12:13:41 pm} - [OUTGOING] > %xt%sp%-1%100%426%289%
{12:13:41 pm} - [OUTGOING] > %xt%sp%-1%100%420%292%
{12:13:41 pm} - [OUTGOING] > %xt%sf%-1%100%23%
{12:13:41 pm} - [OUTGOING] > %xt%sf%-1%100%18%
{12:13:41 pm} - [OUTGOING] > %xt%sb%-1%100%659%72%
{12:13:41 pm} - [OUTGOING] > %xt%sb%-1%100%657%78%
{12:13:41 pm} - [OUTGOING] > %xt%sb%-1%100%646%62%
{12:13:41 pm} - [OUTGOING] > %xt%sb%-1%100%653%80%
{12:13:41 pm} - [OUTGOING] > %xt%sb%-1%100%645%86%
{12:13:41 pm} - [OUTGOING] > %xt%h%-1%
{12:13:41 pm} - [OUTGOING] > %xt%sb%-1%100%642%81%
{12:13:41 pm} - [OUTGOING] > %xt%sb%-1%100%659%77%
{12:13:41 pm} - [OUTGOING] > %xt%sb%-1%100%660%78%
{12:13:41 pm} - [OUTGOING] > %xt%sb%-1%100%654%73%
{12:13:41 pm} - [OUTGOING] > %xt%sa%-1%100%25%
{12:13:41 pm} - [OUTGOING] > %xt%sf%-1%100%18%
{12:13:41 pm} - [OUTGOING] > %xt%se%-1%100%15%
{12:13:41 pm} - [OUTGOING] > %xt%sf%-1%100%18%
{12:13:41 pm} - [OUTGOING] > %xt%sf%-1%100%26%
{12:13:41 pm} - [OUTGOING] > %xt%sp%-1%100%452%316%
{12:13:41 pm} - [OUTGOING] > %xt%sp%-1%100%465%235%
{12:13:41 pm} - [OUTGOING] > %xt%sp%-1%100%437%316%
{12:13:41 pm} - [OUTGOING] > %xt%ss%-1%100%1%
{12:13:41 pm} - [OUTGOING] > %xt%sj%-1%100%7%
{12:13:41 pm} - [OUTGOING] > %xt%ss%-1%100%2%
{12:13:41 pm} - [OUTGOING] > %xt%sp%-1%100%461%299%
{12:13:41 pm} - [OUTGOING] > %xt%ss%-1%100%21%
{12:13:41 pm} - [OUTGOING] > %xt%ss%-1%100%21%
{12:13:41 pm} - [OUTGOING] > %xt%ss%-1%100%20%
{12:13:41 pm} - [OUTGOING] > %xt%se%-1%100%15%
{12:13:41 pm} - [OUTGOING] > %xt%sf%-1%100%17%
{12:13:41 pm} - [OUTGOING] > %xt%sf%-1%100%17%
{12:13:41 pm} - [OUTGOING] > %xt%sf%-1%100%18%
{12:13:41 pm} - [OUTGOING] > %xt%sf%-1%100%18%
{12:13:41 pm} - [OUTGOING] > %xt%sf%-1%100%23%
{12:13:41 pm} - [OUTGOING] > %xt%sf%-1%100%23%
{12:13:41 pm} - [OUTGOING] > %xt%sf%-1%100%23%
{12:13:41 pm} - [OUTGOING] > %xt%sf%-1%100%23%
{12:13:41 pm} - [OUTGOING] > %xt%sf%-1%100%22%
{12:13:41 pm} - [OUTGOING] > %xt%sf%-1%100%22%
{12:13:41 pm} - [OUTGOING] > %xt%sf%-1%100%22%
{12:13:41 pm} - [OUTGOING] > %xt%sb%-1%100%657%76%
{12:13:41 pm} - [OUTGOING] > %xt%sf%-1%100%22%
{12:13:41 pm} - [OUTGOING] > %xt%sf%-1%100%22%
{12:13:41 pm} - [OUTGOING] > %xt%h%-1%
{11:52:47 am} - [OUTGOING] > <cross-domain-policy><allow-access-from domain="*" to-ports="*"/></cross-domain-policy>
{11:52:47 am} - [OUTGOING] > <msg t="sys"><body action="apiOK" r="0"></body></msg>
{11:52:47 am} - [OUTGOING] > <msg t="sys"><body action="rndK" r="-1"><k>44a948c1fc45</k></body></msg>
{11:52:47 am} - [OUTGOING] > %xt%sd%-1%100|Snowy Island|127.0.0.1|6113%
{11:52:47 am} - [OUTGOING] > %xt%l%-1%%0cc43f535978%%100,1%
{12:31:23 pm} - [OUTGOING] > <cross-domain-policy><allow-access-from domain="*" to-ports="*"/></cross-domain-policy>
{12:31:23 pm} - [OUTGOING] > <msg t="sys"><body action="apiOK" r="0"></body></msg>
{12:31:23 pm} - [OUTGOING] > <msg t="sys"><body action="rndK" r="-1"><k>80366c321ebc</k></body></msg>
{12:31:23 pm} - [OUTGOING] > %xt%l%-1%
{12:31:23 pm} - [OUTGOING] > %xt%js%-1%1%0%1%1%
{12:31:23 pm} - [OUTGOING] > %xt%lp%-1%100|Zaseth|45|1|0|0|0|0|0|0|0|0|0|0|1|1|0%99999%0%1440%1534674690%11%4%1%
{12:31:23 pm} - [OUTGOING] > %xt%ap%-1%100|Zaseth|45|1|0|0|0|0|0|0|0|0|216|109|1|1|0%
{12:31:23 pm} - [OUTGOING] > %xt%jr%-1%300%100|Zaseth|45|1|0|0|0|0|0|0|0|0|216|109|1|1|0%
{12:31:23 pm} - [OUTGOING] > %xt%ap%-1%0|Bot|45|1|122|0|0|276|0|0|514|0|100|100|1|1|876%
{12:31:23 pm} - [OUTGOING] > %xt%gps%-1%100%7|8%
{12:31:23 pm} - [OUTGOING] > %xt%gi%-1%1%
{12:31:23 pm} - [OUTGOING] > %xt%gb%-1%%
{12:31:23 pm} - [OUTGOING] > %xt%gn%-1%%
{12:31:23 pm} - [OUTGOING] > %xt%glr%-1%Waddler%
{12:31:23 pm} - [OUTGOING] > %xt%sp%-1%100%321%345%
{12:31:23 pm} - [OUTGOING] > %xt%gr%-1%
{12:31:23 pm} - [OUTGOING] > %xt%qpp%-1%%
{12:31:23 pm} - [OUTGOING] > %xt%gsbcd%-1%4%10%1%1%0|7|369|226|0|1%
{12:31:23 pm} - [OUTGOING] > %xt%gps%-1%100%7|8%
{12:31:23 pm} - [OUTGOING] > %xt%qpa%-1%%
{12:31:23 pm} - [OUTGOING] > %xt%gmres%-1%%
{12:31:23 pm} - [OUTGOING] > %xt%ssbcd%-1%
{12:31:23 pm} - [OUTGOING] > %xt%qpp%-1%%
{12:31:23 pm} - [OUTGOING] > %xt%gsbcd%-1%4%10%1%1%0|7|369|226|0|10|8|215|220|0|3%
{12:31:23 pm} - [OUTGOING] > %xt%gps%-1%100%7|8%
{12:31:23 pm} - [OUTGOING] > %xt%qpa%-1%%
{12:31:23 pm} - [OUTGOING] > %xt%gmres%-1%%
{12:31:23 pm} - [OUTGOING] > %xt%ssbcd%-1%
{12:31:23 pm} - [OUTGOING] > %xt%qpp%-1%%
{12:31:23 pm} - [OUTGOING] > %xt%gsbcd%-1%4%10%1%1%%
{12:31:23 pm} - [OUTGOING] > %xt%gps%-1%100%7|8%
{12:31:23 pm} - [OUTGOING] > %xt%qpa%-1%%
{12:31:23 pm} - [OUTGOING] > %xt%gmres%-1%%
{11:52:47 am} - [OUTGOING] > <cross-domain-policy><allow-access-from domain="*" to-ports="*"/></cross-domain-policy>
{11:52:47 am} - [OUTGOING] > <msg t="sys"><body action="apiOK" r="0"></body></msg>
{11:52:47 am} - [OUTGOING] > <msg t="sys"><body action="rndK" r="-1"><k>9625200e3c88</k></body></msg>
{11:52:47 am} - [OUTGOING] > %xt%sd%-1%100|Snowy Island|127.0.0.1|6113%
{11:52:47 am} - [OUTGOING] > %xt%l%-1%%1ad3337ba1a7%%100,1%
{12:32:12 pm} - [OUTGOING] > <cross-domain-policy><allow-access-from domain="*" to-ports="*"/></cross-domain-policy>
{12:32:12 pm} - [OUTGOING] > <msg t="sys"><body action="apiOK" r="0"></body></msg>
{12:32:12 pm} - [OUTGOING] > <msg t="sys"><body action="rndK" r="-1"><k>3723d55cd4b2</k></body></msg>
{12:32:12 pm} - [OUTGOING] > %xt%l%-1%
{12:32:12 pm} - [OUTGOING] > %xt%js%-1%1%0%1%1%
{12:32:12 pm} - [OUTGOING] > %xt%lp%-1%100|Zaseth|45|1|0|0|0|0|0|0|0|0|0|0|1|1|0%99999%0%1440%1534674737%11%4%1%
{12:32:12 pm} - [OUTGOING] > %xt%ap%-1%100|Zaseth|45|1|0|0|0|0|0|0|0|0|382|326|1|1|0%
{12:32:12 pm} - [OUTGOING] > %xt%jr%-1%400%100|Zaseth|45|1|0|0|0|0|0|0|0|0|382|326|1|1|0%
{12:32:12 pm} - [OUTGOING] > %xt%ap%-1%0|Bot|45|1|122|0|0|276|0|0|514|0|100|100|1|1|876%
{12:32:12 pm} - [OUTGOING] > %xt%gps%-1%100%7|8%
{12:32:12 pm} - [OUTGOING] > %xt%gi%-1%1%
{12:32:12 pm} - [OUTGOING] > %xt%gb%-1%%
{12:32:12 pm} - [OUTGOING] > %xt%gn%-1%%
{12:32:12 pm} - [OUTGOING] > %xt%glr%-1%Waddler%
{12:32:12 pm} - [OUTGOING] > %xt%qpa%-1%%
{12:32:12 pm} - [OUTGOING] > %xt%sp%-1%100%223%374%
{12:32:12 pm} - [OUTGOING] > %xt%sp%-1%100%272%340%
{12:32:12 pm} - [OUTGOING] > %xt%gr%-1%
{12:32:12 pm} - [OUTGOING] > %xt%qpp%-1%%
{12:32:12 pm} - [OUTGOING] > %xt%gsbcd%-1%4%10%1%1%%
{12:32:12 pm} - [OUTGOING] > %xt%gps%-1%100%7|8%
{12:32:12 pm} - [OUTGOING] > %xt%qpa%-1%%
{12:32:12 pm} - [OUTGOING] > %xt%gmres%-1%%
{12:32:12 pm} - [OUTGOING] > %xt%ssbcd%-1%
{12:32:12 pm} - [OUTGOING] > %xt%qpp%-1%%
{12:32:12 pm} - [OUTGOING] > %xt%gsbcd%-1%4%10%1%1%0|7|349|223|0|10|8|493|208|0|3%
{12:32:12 pm} - [OUTGOING] > %xt%gps%-1%100%7|8%
{12:32:12 pm} - [OUTGOING] > %xt%qpa%-1%%
{12:32:12 pm} - [OUTGOING] > %xt%gmres%-1%%
{11:52:47 am} - [OUTGOING] > <cross-domain-policy><allow-access-from domain="*" to-ports="*"/></cross-domain-policy>
{11:52:47 am} - [OUTGOING] > <msg t="sys"><body action="apiOK" r="0"></body></msg>
{11:52:47 am} - [OUTGOING] > <msg t="sys"><body action="rndK" r="-1"><k>c60ca56952b9</k></body></msg>
{11:52:47 am} - [OUTGOING] > %xt%sd%-1%100|Snowy Island|127.0.0.1|6113%
{11:52:47 am} - [OUTGOING] > %xt%l%-1%%417bfeec744d%%100,1%
{12:32:47 pm} - [OUTGOING] > <cross-domain-policy><allow-access-from domain="*" to-ports="*"/></cross-domain-policy>
{12:32:47 pm} - [OUTGOING] > <msg t="sys"><body action="apiOK" r="0"></body></msg>
{12:32:47 pm} - [OUTGOING] > <msg t="sys"><body action="rndK" r="-1"><k>ffc6febc7ef8</k></body></msg>
{12:32:47 pm} - [OUTGOING] > %xt%l%-1%
{12:32:47 pm} - [OUTGOING] > %xt%js%-1%1%0%1%1%
{12:32:47 pm} - [OUTGOING] > %xt%lp%-1%100|Zaseth|45|1|0|0|0|0|0|0|0|0|0|0|1|1|0%99999%0%1440%1534674789%11%4%1%
{12:32:47 pm} - [OUTGOING] > %xt%ap%-1%100|Zaseth|45|1|0|0|0|0|0|0|0|0|396|290|1|1|0%
{12:32:47 pm} - [OUTGOING] > %xt%jr%-1%100%100|Zaseth|45|1|0|0|0|0|0|0|0|0|396|290|1|1|0%
{12:32:47 pm} - [OUTGOING] > %xt%ap%-1%0|Bot|45|1|122|0|0|276|0|0|514|0|100|100|1|1|876%
{12:32:47 pm} - [OUTGOING] > %xt%gps%-1%100%7|8%
{12:32:47 pm} - [OUTGOING] > %xt%gi%-1%1%
{12:32:47 pm} - [OUTGOING] > %xt%gb%-1%%
{12:32:47 pm} - [OUTGOING] > %xt%gn%-1%%
{12:32:47 pm} - [OUTGOING] > %xt%gr%-1%
{12:32:47 pm} - [OUTGOING] > %xt%qpp%-1%%
{12:32:47 pm} - [OUTGOING] > %xt%gsbcd%-1%4%10%1%1%0|7|349|223|0|10|8|493|208|0|3%
{12:32:47 pm} - [OUTGOING] > %xt%gps%-1%100%7|8%
{12:32:47 pm} - [OUTGOING] > %xt%qpa%-1%%
{12:32:47 pm} - [OUTGOING] > %xt%gmres%-1%%
{12:32:47 pm} - [OUTGOING] > %xt%ssbcd%-1%
{12:32:47 pm} - [OUTGOING] > %xt%qpp%-1%%
{12:32:47 pm} - [OUTGOING] > %xt%gsbcd%-1%4%10%1%1%%
{12:32:47 pm} - [OUTGOING] > %xt%gps%-1%100%7|8%
{12:32:47 pm} - [OUTGOING] > %xt%qpa%-1%%
{12:32:47 pm} - [OUTGOING] > %xt%gmres%-1%%
{12:32:47 pm} - [OUTGOING] > %xt%h%-1%
{11:52:47 am} - [OUTGOING] > <cross-domain-policy><allow-access-from domain="*" to-ports="*"/></cross-domain-policy>
{11:52:47 am} - [OUTGOING] > <msg t="sys"><body action="apiOK" r="0"></body></msg>
{11:52:47 am} - [OUTGOING] > <msg t="sys"><body action="rndK" r="-1"><k>268fdeed1767</k></body></msg>
{11:52:47 am} - [OUTGOING] > %xt%sd%-1%100|Snowy Island|127.0.0.1|6113%
{11:52:47 am} - [OUTGOING] > %xt%l%-1%%1f39966208d4%%100,1%
{12:34:12 pm} - [OUTGOING] > <cross-domain-policy><allow-access-from domain="*" to-ports="*"/></cross-domain-policy>
{12:34:12 pm} - [OUTGOING] > <msg t="sys"><body action="apiOK" r="0"></body></msg>
{12:34:12 pm} - [OUTGOING] > <msg t="sys"><body action="rndK" r="-1"><k>0261efea5169</k></body></msg>
{12:34:12 pm} - [OUTGOING] > %xt%l%-1%
{12:34:12 pm} - [OUTGOING] > %xt%js%-1%1%0%1%1%
{12:34:12 pm} - [OUTGOING] > %xt%lp%-1%100|Zaseth|45|1|0|0|0|0|0|0|0|0|0|0|1|1|0%99999%0%1440%1534674857%11%4%1%
{12:34:12 pm} - [OUTGOING] > %xt%ap%-1%100|Zaseth|45|1|0|0|0|0|0|0|0|0|141|272|1|1|0%
{12:34:12 pm} - [OUTGOING] > %xt%jr%-1%300%100|Zaseth|45|1|0|0|0|0|0|0|0|0|141|272|1|1|0%
{12:34:12 pm} - [OUTGOING] > %xt%ap%-1%0|Bot|45|1|122|0|0|276|0|0|514|0|100|100|1|1|876%
{12:34:12 pm} - [OUTGOING] > %xt%gps%-1%100%7|8%
{12:34:12 pm} - [OUTGOING] > %xt%gi%-1%1%
{12:34:12 pm} - [OUTGOING] > %xt%gb%-1%%
{12:34:12 pm} - [OUTGOING] > %xt%gn%-1%%
{12:34:12 pm} - [OUTGOING] > %xt%sp%-1%100%155%317%
{12:34:12 pm} - [OUTGOING] > %xt%sp%-1%100%179%307%
{12:34:12 pm} - [OUTGOING] > %xt%gr%-1%
{12:34:12 pm} - [OUTGOING] > %xt%qpp%-1%%
{12:34:12 pm} - [OUTGOING] > %xt%gsbcd%-1%4%10%1%1%%
{12:34:12 pm} - [OUTGOING] > %xt%gps%-1%100%7|8%
{12:34:12 pm} - [OUTGOING] > %xt%qpa%-1%%
{12:34:12 pm} - [OUTGOING] > %xt%gmres%-1%%
{12:34:12 pm} - [OUTGOING] > %xt%ssbcd%-1%
{12:34:12 pm} - [OUTGOING] > %xt%qpp%-1%%
{12:34:12 pm} - [OUTGOING] > %xt%gsbcd%-1%4%10%1%1%0|8|295|227|0|10|7|453|242|0|3%
{12:34:12 pm} - [OUTGOING] > %xt%gps%-1%100%7|8%
{12:34:12 pm} - [OUTGOING] > %xt%qpa%-1%%
{12:34:12 pm} - [OUTGOING] > %xt%gmres%-1%%
{12:34:12 pm} - [OUTGOING] > %xt%ssbcd%-1%
{12:34:12 pm} - [OUTGOING] > %xt%qpp%-1%%
{12:34:12 pm} - [OUTGOING] > %xt%gsbcd%-1%4%10%1%1%0|8|295|227|0|100|7|423|217|0|12%
{12:34:12 pm} - [OUTGOING] > %xt%gps%-1%100%7|8%
{12:34:12 pm} - [OUTGOING] > %xt%qpa%-1%%
{12:34:12 pm} - [OUTGOING] > %xt%gmres%-1%%
{11:52:47 am} - [OUTGOING] > <cross-domain-policy><allow-access-from domain="*" to-ports="*"/></cross-domain-policy>
{11:52:47 am} - [OUTGOING] > <msg t="sys"><body action="apiOK" r="0"></body></msg>
{11:52:47 am} - [OUTGOING] > <msg t="sys"><body action="rndK" r="-1"><k>6d0f7f99f644</k></body></msg>
{11:52:47 am} - [OUTGOING] > %xt%sd%-1%100|Snowy Island|127.0.0.1|6113%
{11:52:47 am} - [OUTGOING] > %xt%l%-1%%8c24c089f4ce%%100,1%
{12:34:58 pm} - [OUTGOING] > <cross-domain-policy><allow-access-from domain="*" to-ports="*"/></cross-domain-policy>
{12:34:58 pm} - [OUTGOING] > <msg t="sys"><body action="apiOK" r="0"></body></msg>
{12:34:58 pm} - [OUTGOING] > <msg t="sys"><body action="rndK" r="-1"><k>c7d1db31d798</k></body></msg>
{12:34:58 pm} - [OUTGOING] > %xt%l%-1%
{12:34:58 pm} - [OUTGOING] > %xt%js%-1%1%0%1%1%
{12:34:58 pm} - [OUTGOING] > %xt%ap%-1%100|Zaseth|45|1|0|0|0|0|0|0|0|0|124|138|1|1|0%
{12:34:58 pm} - [OUTGOING] > %xt%lp%-1%100|Zaseth|45|1|0|0|0|0|0|0|0|0|0|0|1|1|0%99999%0%1440%1534674903%11%4%1%
{12:34:58 pm} - [OUTGOING] > %xt%jr%-1%110%100|Zaseth|45|1|0|0|0|0|0|0|0|0|124|138|1|1|0%
{12:34:58 pm} - [OUTGOING] > %xt%ap%-1%0|Bot|45|1|122|0|0|276|0|0|514|0|100|100|1|1|876%
{12:34:58 pm} - [OUTGOING] > %xt%gps%-1%100%7|8%
{12:34:58 pm} - [OUTGOING] > %xt%gi%-1%1%
{12:34:58 pm} - [OUTGOING] > %xt%gb%-1%%
{12:34:58 pm} - [OUTGOING] > %xt%gn%-1%%
{12:34:58 pm} - [OUTGOING] > %xt%qpa%-1%%
{12:34:58 pm} - [OUTGOING] > %xt%gr%-1%
{12:34:58 pm} - [OUTGOING] > %xt%qpp%-1%%
{12:34:58 pm} - [OUTGOING] > %xt%gsbcd%-1%4%10%1%1%0|8|295|227|0|100|7|423|217|0|12%
{12:34:58 pm} - [OUTGOING] > %xt%gps%-1%100%7|8%
{12:34:58 pm} - [OUTGOING] > %xt%qpa%-1%%
{12:34:58 pm} - [OUTGOING] > %xt%gmres%-1%%
{12:34:58 pm} - [OUTGOING] > %xt%ssbcd%-1%
{12:34:58 pm} - [OUTGOING] > %xt%qpp%-1%%
{12:34:58 pm} - [OUTGOING] > %xt%gsbcd%-1%4%10%1%1%0|8|295|227|0|1000|7|485|239|0|102%
{12:34:58 pm} - [OUTGOING] > %xt%gps%-1%100%7|8%
{12:34:58 pm} - [OUTGOING] > %xt%qpa%-1%%
{12:34:58 pm} - [OUTGOING] > %xt%gmres%-1%%
{12:34:58 pm} - [OUTGOING] > %xt%h%-1%
{11:52:47 am} - [OUTGOING] > <cross-domain-policy><allow-access-from domain="*" to-ports="*"/></cross-domain-policy>
{11:52:47 am} - [OUTGOING] > <msg t="sys"><body action="apiOK" r="0"></body></msg>
{11:52:47 am} - [OUTGOING] > <msg t="sys"><body action="rndK" r="-1"><k>bd55d404e024</k></body></msg>
{11:52:47 am} - [OUTGOING] > %xt%sd%-1%100|Snowy Island|127.0.0.1|6113%
{11:52:47 am} - [OUTGOING] > %xt%l%-1%%be315d6afc38%%100,1%
{12:36:05 pm} - [OUTGOING] > <cross-domain-policy><allow-access-from domain="*" to-ports="*"/></cross-domain-policy>
{12:36:05 pm} - [OUTGOING] > <msg t="sys"><body action="apiOK" r="0"></body></msg>
{12:36:05 pm} - [OUTGOING] > <msg t="sys"><body action="rndK" r="-1"><k>b1f84b3fc70f</k></body></msg>
{12:36:05 pm} - [OUTGOING] > %xt%l%-1%
{12:36:05 pm} - [OUTGOING] > %xt%js%-1%1%0%1%1%
{12:36:05 pm} - [OUTGOING] > %xt%lp%-1%100|Zaseth|45|1|0|0|0|0|0|0|0|0|0|0|1|1|0%99999%0%1440%1534674971%11%4%1%
{12:36:05 pm} - [OUTGOING] > %xt%ap%-1%100|Zaseth|45|1|0|0|0|0|0|0|0|0|297|278|1|1|0%
{12:36:05 pm} - [OUTGOING] > %xt%jr%-1%100%100|Zaseth|45|1|0|0|0|0|0|0|0|0|297|278|1|1|0%
{12:36:05 pm} - [OUTGOING] > %xt%ap%-1%0|Bot|45|1|122|0|0|276|0|0|514|0|100|100|1|1|876%
{12:36:05 pm} - [OUTGOING] > %xt%gps%-1%100%7|8%
{12:36:05 pm} - [OUTGOING] > %xt%gi%-1%1%
{12:36:05 pm} - [OUTGOING] > %xt%gb%-1%%
{12:36:05 pm} - [OUTGOING] > %xt%gn%-1%%
{12:36:05 pm} - [OUTGOING] > %xt%glr%-1%Waddler%
{12:36:05 pm} - [OUTGOING] > %xt%sp%-1%100%322%306%
{12:36:05 pm} - [OUTGOING] > %xt%sp%-1%100%306%312%
{12:36:05 pm} - [OUTGOING] > %xt%gr%-1%
{12:36:05 pm} - [OUTGOING] > %xt%qpp%-1%%
{12:36:05 pm} - [OUTGOING] > %xt%gsbcd%-1%4%10%1%1%0|8|295|227|0|1000|7|485|239|0|102%
{12:36:05 pm} - [OUTGOING] > %xt%gps%-1%100%7|8%
{12:36:05 pm} - [OUTGOING] > %xt%qpa%-1%%
{12:36:05 pm} - [OUTGOING] > %xt%gmres%-1%%
{12:36:05 pm} - [OUTGOING] > %xt%ssbcd%-1%
{12:36:05 pm} - [OUTGOING] > %xt%qpp%-1%%
{12:36:05 pm} - [OUTGOING] > %xt%gsbcd%-1%4%10%1%1%0|8|295|227|0|1000|0|7|425|203|0|1002|%
{12:36:05 pm} - [OUTGOING] > %xt%gps%-1%100%7|8%
{12:36:05 pm} - [OUTGOING] > %xt%qpa%-1%%
{12:36:05 pm} - [OUTGOING] > %xt%gmres%-1%%
{11:52:47 am} - [OUTGOING] > <cross-domain-policy><allow-access-from domain="*" to-ports="*"/></cross-domain-policy>
{11:52:47 am} - [OUTGOING] > <msg t="sys"><body action="apiOK" r="0"></body></msg>
{11:52:47 am} - [OUTGOING] > <msg t="sys"><body action="rndK" r="-1"><k>91db80a65d57</k></body></msg>
{11:52:47 am} - [OUTGOING] > %xt%sd%-1%100|Snowy Island|127.0.0.1|6113%
{11:52:47 am} - [OUTGOING] > %xt%l%-1%%279d5eebdfd6%%100,1%
{12:36:49 pm} - [OUTGOING] > <cross-domain-policy><allow-access-from domain="*" to-ports="*"/></cross-domain-policy>
{12:36:49 pm} - [OUTGOING] > <msg t="sys"><body action="apiOK" r="0"></body></msg>
{12:36:49 pm} - [OUTGOING] > <msg t="sys"><body action="rndK" r="-1"><k>1cfacccf8a74</k></body></msg>
{12:36:49 pm} - [OUTGOING] > %xt%l%-1%
{12:36:49 pm} - [OUTGOING] > %xt%js%-1%1%0%1%1%
{12:36:49 pm} - [OUTGOING] > %xt%lp%-1%100|Zaseth|45|1|0|0|0|0|0|0|0|0|0|0|1|1|0%99999%0%1440%1534675014%11%4%1%
{12:36:49 pm} - [OUTGOING] > %xt%ap%-1%100|Zaseth|45|1|0|0|0|0|0|0|0|0|335|380|1|1|0%
{12:36:49 pm} - [OUTGOING] > %xt%jr%-1%100%100|Zaseth|45|1|0|0|0|0|0|0|0|0|335|380|1|1|0%
{12:36:49 pm} - [OUTGOING] > %xt%ap%-1%0|Bot|45|1|122|0|0|276|0|0|514|0|100|100|1|1|876%
{12:36:49 pm} - [OUTGOING] > %xt%gps%-1%100%7|8%
{12:36:49 pm} - [OUTGOING] > %xt%gi%-1%1%
{12:36:49 pm} - [OUTGOING] > %xt%gb%-1%%
{12:36:49 pm} - [OUTGOING] > %xt%gn%-1%%
{12:36:49 pm} - [OUTGOING] > %xt%glr%-1%Waddler%
{12:36:49 pm} - [OUTGOING] > %xt%qpa%-1%%
{12:36:49 pm} - [OUTGOING] > %xt%gr%-1%
{12:36:49 pm} - [OUTGOING] > %xt%qpp%-1%%
{12:36:49 pm} - [OUTGOING] > %xt%gsbcd%-1%4%10%1%1%0|8|295|227|0|1000|0|7|425|203|0|1002|%
{12:36:49 pm} - [OUTGOING] > %xt%gps%-1%100%7|8%
{12:36:49 pm} - [OUTGOING] > %xt%qpa%-1%%
{12:36:49 pm} - [OUTGOING] > %xt%gmres%-1%%
{12:36:49 pm} - [OUTGOING] > %xt%ssbcd%-1%
{12:36:49 pm} - [OUTGOING] > %xt%qpp%-1%%
{12:36:49 pm} - [OUTGOING] > %xt%gsbcd%-1%4%10%1%1%%
{12:36:49 pm} - [OUTGOING] > %xt%gps%-1%100%7|8%
{12:36:49 pm} - [OUTGOING] > %xt%qpa%-1%%
{12:36:49 pm} - [OUTGOING] > %xt%gmres%-1%%
{12:36:49 pm} - [OUTGOING] > %xt%ssbcd%-1%
{12:36:49 pm} - [OUTGOING] > %xt%qpp%-1%%
{12:36:49 pm} - [OUTGOING] > %xt%gsbcd%-1%4%10%1%1%%
{12:36:49 pm} - [OUTGOING] > %xt%gps%-1%100%7|8%
{12:36:49 pm} - [OUTGOING] > %xt%qpa%-1%%
{12:36:49 pm} - [OUTGOING] > %xt%gmres%-1%%
{11:52:47 am} - [OUTGOING] > <cross-domain-policy><allow-access-from domain="*" to-ports="*"/></cross-domain-policy>
{11:52:47 am} - [OUTGOING] > <msg t="sys"><body action="apiOK" r="0"></body></msg>
{11:52:47 am} - [OUTGOING] > <msg t="sys"><body action="rndK" r="-1"><k>3613c8365fcb</k></body></msg>
{11:52:47 am} - [OUTGOING] > %xt%sd%-1%100|Snowy Island|127.0.0.1|6113%
{11:52:47 am} - [OUTGOING] > %xt%l%-1%%99848222d40e%%100,1%
{12:37:22 pm} - [OUTGOING] > <cross-domain-policy><allow-access-from domain="*" to-ports="*"/></cross-domain-policy>
{12:37:22 pm} - [OUTGOING] > <msg t="sys"><body action="apiOK" r="0"></body></msg>
{12:37:22 pm} - [OUTGOING] > <msg t="sys"><body action="rndK" r="-1"><k>dbec5c874317</k></body></msg>
{12:37:22 pm} - [OUTGOING] > %xt%l%-1%
{12:37:22 pm} - [OUTGOING] > %xt%js%-1%1%0%1%1%
{12:37:22 pm} - [OUTGOING] > %xt%lp%-1%100|Zaseth|45|1|0|0|0|0|0|0|0|0|0|0|1|1|0%99999%0%1440%1534675048%11%4%1%
{12:37:22 pm} - [OUTGOING] > %xt%ap%-1%100|Zaseth|45|1|0|0|0|0|0|0|0|0|339|228|1|1|0%
{12:37:22 pm} - [OUTGOING] > %xt%jr%-1%300%100|Zaseth|45|1|0|0|0|0|0|0|0|0|339|228|1|1|0%
{12:37:22 pm} - [OUTGOING] > %xt%ap%-1%0|Bot|45|1|122|0|0|276|0|0|514|0|100|100|1|1|876%
{12:37:22 pm} - [OUTGOING] > %xt%gps%-1%100%7|8%
{12:37:22 pm} - [OUTGOING] > %xt%gi%-1%1%
{12:37:22 pm} - [OUTGOING] > %xt%gb%-1%%
{12:37:22 pm} - [OUTGOING] > %xt%gn%-1%%
{12:37:22 pm} - [OUTGOING] > %xt%glr%-1%Waddler%
{12:37:22 pm} - [OUTGOING] > %xt%qpa%-1%%
{12:37:22 pm} - [OUTGOING] > %xt%gr%-1%
{12:37:22 pm} - [OUTGOING] > %xt%qpp%-1%%
{12:37:22 pm} - [OUTGOING] > %xt%gsbcd%-1%4%10%1%1%%
{12:37:22 pm} - [OUTGOING] > %xt%gps%-1%100%7|8%
{12:37:22 pm} - [OUTGOING] > %xt%qpa%-1%%
{12:37:22 pm} - [OUTGOING] > %xt%gmres%-1%%
{12:37:22 pm} - [OUTGOING] > %xt%ssbcd%-1%
{12:37:22 pm} - [OUTGOING] > %xt%ssbcd%-1%
{12:37:22 pm} - [OUTGOING] > %xt%h%-1%
{11:52:47 am} - [OUTGOING] > <cross-domain-policy><allow-access-from domain="*" to-ports="*"/></cross-domain-policy>
{11:52:47 am} - [OUTGOING] > <msg t="sys"><body action="apiOK" r="0"></body></msg>
{11:52:47 am} - [OUTGOING] > <msg t="sys"><body action="rndK" r="-1"><k>a5868bf6cf57</k></body></msg>
{11:52:47 am} - [OUTGOING] > %xt%sd%-1%100|Snowy Island|127.0.0.1|6113%
{11:52:47 am} - [OUTGOING] > %xt%l%-1%%caaf1bf83721%%100,1%
{12:38:48 pm} - [OUTGOING] > <cross-domain-policy><allow-access-from domain="*" to-ports="*"/></cross-domain-policy>
{12:38:48 pm} - [OUTGOING] > <msg t="sys"><body action="apiOK" r="0"></body></msg>
{12:38:48 pm} - [OUTGOING] > <msg t="sys"><body action="rndK" r="-1"><k>b964e5b55e6f</k></body></msg>
{12:38:48 pm} - [OUTGOING] > %xt%l%-1%
{12:38:48 pm} - [OUTGOING] > %xt%js%-1%1%0%1%1%
{12:38:48 pm} - [OUTGOING] > %xt%lp%-1%100|Zaseth|45|1|0|0|0|0|0|0|0|0|0|0|1|1|0%99999%0%1440%1534675133%11%4%1%
{12:38:48 pm} - [OUTGOING] > %xt%ap%-1%100|Zaseth|45|1|0|0|0|0|0|0|0|0|111|265|1|1|0%
{12:38:48 pm} - [OUTGOING] > %xt%jr%-1%110%100|Zaseth|45|1|0|0|0|0|0|0|0|0|111|265|1|1|0%
{12:38:48 pm} - [OUTGOING] > %xt%ap%-1%0|Bot|45|1|122|0|0|276|0|0|514|0|100|100|1|1|876%
{12:38:48 pm} - [OUTGOING] > %xt%gps%-1%100%7|8%
{12:38:48 pm} - [OUTGOING] > %xt%gi%-1%1%
{12:38:48 pm} - [OUTGOING] > %xt%gb%-1%%
{12:38:48 pm} - [OUTGOING] > %xt%gn%-1%%
{12:38:48 pm} - [OUTGOING] > %xt%glr%-1%Waddler%
{12:38:48 pm} - [OUTGOING] > %xt%qpa%-1%%
{12:38:48 pm} - [OUTGOING] > %xt%sp%-1%100%251%265%
{12:38:48 pm} - [OUTGOING] > %xt%sp%-1%100%201%273%
{12:38:48 pm} - [OUTGOING] > %xt%gr%-1%
{12:38:48 pm} - [OUTGOING] > %xt%qpp%-1%%
{12:38:48 pm} - [OUTGOING] > %xt%gsbcd%-1%4%10%1%1%%
{12:38:48 pm} - [OUTGOING] > %xt%gps%-1%100%7|8%
{12:38:48 pm} - [OUTGOING] > %xt%qpa%-1%%
{12:38:48 pm} - [OUTGOING] > %xt%gmres%-1%%
{12:38:48 pm} - [OUTGOING] > %xt%ssbcd%-1%
{12:38:48 pm} - [OUTGOING] > %xt%qpp%-1%%
{12:38:48 pm} - [OUTGOING] > %xt%gsbcd%-1%4%10%1%1%|0|8|325|227|0|1||0|7|179|161|0|3|%
{12:38:48 pm} - [OUTGOING] > %xt%gps%-1%100%7|8%
{12:38:48 pm} - [OUTGOING] > %xt%qpa%-1%%
{12:38:48 pm} - [OUTGOING] > %xt%gmres%-1%%
{11:52:47 am} - [OUTGOING] > <cross-domain-policy><allow-access-from domain="*" to-ports="*"/></cross-domain-policy>
{11:52:47 am} - [OUTGOING] > <msg t="sys"><body action="apiOK" r="0"></body></msg>
{11:52:47 am} - [OUTGOING] > <msg t="sys"><body action="rndK" r="-1"><k>66176b840aec</k></body></msg>
{11:52:47 am} - [OUTGOING] > %xt%sd%-1%100|Snowy Island|127.0.0.1|6113%
{11:52:47 am} - [OUTGOING] > %xt%l%-1%%69480ec5f065%%100,1%
{12:39:21 pm} - [OUTGOING] > <cross-domain-policy><allow-access-from domain="*" to-ports="*"/></cross-domain-policy>
{12:39:21 pm} - [OUTGOING] > <msg t="sys"><body action="apiOK" r="0"></body></msg>
{12:39:21 pm} - [OUTGOING] > <msg t="sys"><body action="rndK" r="-1"><k>b965ee982d8e</k></body></msg>
{12:39:21 pm} - [OUTGOING] > %xt%l%-1%
{12:39:21 pm} - [OUTGOING] > %xt%js%-1%1%0%1%1%
{12:39:21 pm} - [OUTGOING] > %xt%lp%-1%100|Zaseth|45|1|0|0|0|0|0|0|0|0|0|0|1|1|0%99999%0%1440%1534675171%11%4%1%
{12:39:21 pm} - [OUTGOING] > %xt%ap%-1%100|Zaseth|45|1|0|0|0|0|0|0|0|0|318|277|1|1|0%
{12:39:21 pm} - [OUTGOING] > %xt%ap%-1%0|Bot|45|1|122|0|0|276|0|0|514|0|100|100|1|1|876%
{12:39:21 pm} - [OUTGOING] > %xt%jr%-1%100%100|Zaseth|45|1|0|0|0|0|0|0|0|0|318|277|1|1|0%
{12:39:21 pm} - [OUTGOING] > %xt%gps%-1%100%7|8%
{12:39:21 pm} - [OUTGOING] > %xt%gi%-1%1%
{12:39:21 pm} - [OUTGOING] > %xt%gb%-1%%
{12:39:21 pm} - [OUTGOING] > %xt%gn%-1%%
{12:39:21 pm} - [OUTGOING] > %xt%glr%-1%Waddler%
{12:39:21 pm} - [OUTGOING] > %xt%qpa%-1%%
{12:39:21 pm} - [OUTGOING] > %xt%gr%-1%
{12:39:21 pm} - [OUTGOING] > %xt%qpp%-1%%
{12:39:21 pm} - [OUTGOING] > %xt%gsbcd%-1%4%10%1%1%|0|8|325|227|0|1||0|7|179|161|0|3|%
{12:39:21 pm} - [OUTGOING] > %xt%gps%-1%100%7|8%
{12:39:21 pm} - [OUTGOING] > %xt%qpa%-1%%
{12:39:21 pm} - [OUTGOING] > %xt%gmres%-1%%
{12:39:21 pm} - [OUTGOING] > %xt%ssbcd%-1%
{12:39:21 pm} - [OUTGOING] > %xt%qpp%-1%%
{12:39:21 pm} - [OUTGOING] > %xt%gsbcd%-1%4%10%1%1%|0|8|274|220|0|1%
{12:39:21 pm} - [OUTGOING] > %xt%gps%-1%100%7|8%
{12:39:21 pm} - [OUTGOING] > %xt%qpa%-1%%
{12:39:21 pm} - [OUTGOING] > %xt%gmres%-1%%
{12:39:21 pm} - [OUTGOING] > %xt%ssbcd%-1%
{12:39:21 pm} - [OUTGOING] > %xt%qpp%-1%%
{12:39:21 pm} - [OUTGOING] > %xt%gsbcd%-1%4%10%1%1%|0|7|232|202|0|1||0|8|418|241|0|3%
{12:39:21 pm} - [OUTGOING] > %xt%gps%-1%100%7|8%
{12:39:21 pm} - [OUTGOING] > %xt%qpa%-1%%
{12:39:21 pm} - [OUTGOING] > %xt%gmres%-1%%
{11:52:47 am} - [OUTGOING] > <cross-domain-policy><allow-access-from domain="*" to-ports="*"/></cross-domain-policy>
{11:52:47 am} - [OUTGOING] > <msg t="sys"><body action="apiOK" r="0"></body></msg>
{11:52:47 am} - [OUTGOING] > <msg t="sys"><body action="rndK" r="-1"><k>25ca2b1b7ee6</k></body></msg>
{11:52:47 am} - [OUTGOING] > %xt%sd%-1%100|Snowy Island|127.0.0.1|6113%
{11:52:47 am} - [OUTGOING] > %xt%l%-1%%a28e91d0687c%%100,1%
{12:40:33 pm} - [OUTGOING] > <cross-domain-policy><allow-access-from domain="*" to-ports="*"/></cross-domain-policy>
{12:40:33 pm} - [OUTGOING] > <msg t="sys"><body action="apiOK" r="0"></body></msg>
{12:40:33 pm} - [OUTGOING] > <msg t="sys"><body action="rndK" r="-1"><k>776c153b27d7</k></body></msg>
{12:40:33 pm} - [OUTGOING] > %xt%l%-1%
{12:40:33 pm} - [OUTGOING] > %xt%js%-1%1%0%1%1%
{12:40:33 pm} - [OUTGOING] > %xt%lp%-1%100|Zaseth|45|1|0|0|0|0|0|0|0|0|0|0|1|1|0%99999%0%1440%1534675238%11%4%1%
{12:40:33 pm} - [OUTGOING] > %xt%ap%-1%100|Zaseth|45|1|0|0|0|0|0|0|0|0|302|328|1|1|0%
{12:40:33 pm} - [OUTGOING] > %xt%jr%-1%300%100|Zaseth|45|1|0|0|0|0|0|0|0|0|302|328|1|1|0%
{12:40:33 pm} - [OUTGOING] > %xt%ap%-1%0|Bot|45|1|122|0|0|276|0|0|514|0|100|100|1|1|876%
{12:40:33 pm} - [OUTGOING] > %xt%gps%-1%100%7|8%
{12:40:33 pm} - [OUTGOING] > %xt%gi%-1%1%
{12:40:33 pm} - [OUTGOING] > %xt%gb%-1%%
{12:40:33 pm} - [OUTGOING] > %xt%gn%-1%%
{12:40:33 pm} - [OUTGOING] > %xt%glr%-1%Waddler%
{12:40:33 pm} - [OUTGOING] > %xt%qpa%-1%%
{12:40:33 pm} - [OUTGOING] > %xt%gr%-1%
{12:40:33 pm} - [OUTGOING] > %xt%qpp%-1%%
{12:40:33 pm} - [OUTGOING] > %xt%gsbcd%-1%4%10%1%1%|0|7|232|202|0|1||0|8|418|241|0|3%
{12:40:33 pm} - [OUTGOING] > %xt%gps%-1%100%7|8%
{12:40:33 pm} - [OUTGOING] > %xt%qpa%-1%%
{12:40:33 pm} - [OUTGOING] > %xt%gmres%-1%%
{12:40:33 pm} - [OUTGOING] > %xt%ssbcd%-1%
{12:40:33 pm} - [OUTGOING] > %xt%qpp%-1%%
{12:40:33 pm} - [OUTGOING] > %xt%gsbcd%-1%4%10%1%1%|0|7|261|195|0|1|0|8|485|266|0|%
{12:40:33 pm} - [OUTGOING] > %xt%gps%-1%100%7|8%
{12:40:33 pm} - [OUTGOING] > %xt%qpa%-1%%
{12:40:33 pm} - [OUTGOING] > %xt%gmres%-1%%
{11:52:47 am} - [OUTGOING] > <cross-domain-policy><allow-access-from domain="*" to-ports="*"/></cross-domain-policy>
{11:52:47 am} - [OUTGOING] > <msg t="sys"><body action="apiOK" r="0"></body></msg>
{11:52:47 am} - [OUTGOING] > <msg t="sys"><body action="rndK" r="-1"><k>d84156450a5f</k></body></msg>
{11:52:47 am} - [OUTGOING] > %xt%sd%-1%100|Snowy Island|127.0.0.1|6113%
{11:52:47 am} - [OUTGOING] > %xt%l%-1%%7e4fdc79c2b5%%100,1%
{12:41:08 pm} - [OUTGOING] > <cross-domain-policy><allow-access-from domain="*" to-ports="*"/></cross-domain-policy>
{12:41:08 pm} - [OUTGOING] > <msg t="sys"><body action="apiOK" r="0"></body></msg>
{12:41:08 pm} - [OUTGOING] > <msg t="sys"><body action="rndK" r="-1"><k>2f8e5dd38c68</k></body></msg>
{12:41:08 pm} - [OUTGOING] > %xt%l%-1%
{12:41:08 pm} - [OUTGOING] > %xt%js%-1%1%0%1%1%
{12:41:08 pm} - [OUTGOING] > %xt%lp%-1%100|Zaseth|45|1|0|0|0|0|0|0|0|0|0|0|1|1|0%99999%0%1440%1534675273%11%4%1%
{12:41:08 pm} - [OUTGOING] > %xt%ap%-1%100|Zaseth|45|1|0|0|0|0|0|0|0|0|120|148|1|1|0%
{12:41:08 pm} - [OUTGOING] > %xt%jr%-1%300%100|Zaseth|45|1|0|0|0|0|0|0|0|0|120|148|1|1|0%
{12:41:08 pm} - [OUTGOING] > %xt%ap%-1%0|Bot|45|1|122|0|0|276|0|0|514|0|100|100|1|1|876%
{12:41:08 pm} - [OUTGOING] > %xt%gps%-1%100%7|8%
{12:41:08 pm} - [OUTGOING] > %xt%gi%-1%1%
{12:41:08 pm} - [OUTGOING] > %xt%gb%-1%%
{12:41:08 pm} - [OUTGOING] > %xt%gn%-1%%
{12:41:08 pm} - [OUTGOING] > %xt%glr%-1%Waddler%
{12:41:08 pm} - [OUTGOING] > %xt%gr%-1%
{12:41:08 pm} - [OUTGOING] > %xt%qpp%-1%%
{12:41:08 pm} - [OUTGOING] > %xt%gsbcd%-1%4%10%1%1%|0|7|261|195|0|1|0|8|485|266|0|%
{12:41:08 pm} - [OUTGOING] > %xt%gps%-1%100%7|8%
{12:41:08 pm} - [OUTGOING] > %xt%qpa%-1%%
{12:41:08 pm} - [OUTGOING] > %xt%gmres%-1%%
{12:41:08 pm} - [OUTGOING] > %xt%ssbcd%-1%
{12:41:08 pm} - [OUTGOING] > %xt%qpp%-1%%
{12:41:08 pm} - [OUTGOING] > %xt%gsbcd%-1%4%10%1%1%|0|7|302|253|0|1|0|8|499|213|0|3%
{12:41:08 pm} - [OUTGOING] > %xt%gps%-1%100%7|8%
{12:41:08 pm} - [OUTGOING] > %xt%qpa%-1%%
{12:41:08 pm} - [OUTGOING] > %xt%gmres%-1%%
{12:41:08 pm} - [OUTGOING] > %xt%h%-1%
{12:41:08 pm} - [OUTGOING] > %xt%h%-1%
{11:52:47 am} - [OUTGOING] > <cross-domain-policy><allow-access-from domain="*" to-ports="*"/></cross-domain-policy>
{11:52:47 am} - [OUTGOING] > <msg t="sys"><body action="apiOK" r="0"></body></msg>
{11:52:47 am} - [OUTGOING] > <msg t="sys"><body action="rndK" r="-1"><k>14b6c2e42004</k></body></msg>
{11:52:47 am} - [OUTGOING] > %xt%sd%-1%100|Snowy Island|127.0.0.1|6113%
{11:52:47 am} - [OUTGOING] > %xt%l%-1%%7cc51b584a37%%100,1%
{12:43:25 pm} - [OUTGOING] > <cross-domain-policy><allow-access-from domain="*" to-ports="*"/></cross-domain-policy>
{12:43:25 pm} - [OUTGOING] > <msg t="sys"><body action="apiOK" r="0"></body></msg>
{12:43:25 pm} - [OUTGOING] > <msg t="sys"><body action="rndK" r="-1"><k>b5f016398ced</k></body></msg>
{12:43:25 pm} - [OUTGOING] > %xt%l%-1%
{12:43:25 pm} - [OUTGOING] > %xt%js%-1%1%0%1%1%
{12:43:25 pm} - [OUTGOING] > %xt%lp%-1%100|Zaseth|45|1|0|0|0|0|0|0|0|0|0|0|1|1|0%99999%0%1440%1534675410%11%4%1%
{12:43:25 pm} - [OUTGOING] > %xt%ap%-1%100|Zaseth|45|1|0|0|0|0|0|0|0|0|172|280|1|1|0%
{12:43:25 pm} - [OUTGOING] > %xt%jr%-1%100%100|Zaseth|45|1|0|0|0|0|0|0|0|0|172|280|1|1|0%
{12:43:25 pm} - [OUTGOING] > %xt%ap%-1%0|Bot|45|1|122|0|0|276|0|0|514|0|100|100|1|1|876%
{12:43:25 pm} - [OUTGOING] > %xt%gps%-1%100%7|8%
{12:43:25 pm} - [OUTGOING] > %xt%gi%-1%1%
{12:43:25 pm} - [OUTGOING] > %xt%gb%-1%%
{12:43:25 pm} - [OUTGOING] > %xt%gn%-1%%
{12:43:25 pm} - [OUTGOING] > %xt%glr%-1%Waddler%
{12:43:25 pm} - [OUTGOING] > %xt%qpa%-1%%
{12:43:25 pm} - [OUTGOING] > %xt%gr%-1%
{12:43:25 pm} - [OUTGOING] > %xt%qpp%-1%%
{12:43:25 pm} - [OUTGOING] > %xt%gsbcd%-1%4%10%1%1%|0|7|302|253|0|1|0|8|499|213|0|3%
{12:43:25 pm} - [OUTGOING] > %xt%gps%-1%100%7|8%
{12:43:25 pm} - [OUTGOING] > %xt%qpa%-1%%
{12:43:25 pm} - [OUTGOING] > %xt%gmres%-1%%
{12:43:25 pm} - [OUTGOING] > %xt%ssbcd%-1%
{12:43:25 pm} - [OUTGOING] > %xt%qpp%-1%%
{12:43:25 pm} - [OUTGOING] > %xt%gsbcd%-1%4%10%1%1%0|8|353|244|0|1%
{12:43:25 pm} - [OUTGOING] > %xt%gps%-1%100%7|8%
{12:43:25 pm} - [OUTGOING] > %xt%qpa%-1%%
{12:43:25 pm} - [OUTGOING] > %xt%gmres%-1%%
{12:43:25 pm} - [OUTGOING] > %xt%ssbcd%-1%
{12:43:25 pm} - [OUTGOING] > %xt%qpp%-1%%
{12:43:25 pm} - [OUTGOING] > %xt%gsbcd%-1%4%10%1%1%0|8|353|244|0|10|7|186|185|0|3%
{12:43:25 pm} - [OUTGOING] > %xt%gps%-1%100%7|8%
{12:43:25 pm} - [OUTGOING] > %xt%qpa%-1%%
{12:43:25 pm} - [OUTGOING] > %xt%gmres%-1%%
{12:43:25 pm} - [OUTGOING] > %xt%h%-1%
{11:52:47 am} - [OUTGOING] > <cross-domain-policy><allow-access-from domain="*" to-ports="*"/></cross-domain-policy>
{11:52:47 am} - [OUTGOING] > <msg t="sys"><body action="apiOK" r="0"></body></msg>
{11:52:47 am} - [OUTGOING] > <msg t="sys"><body action="rndK" r="-1"><k>fe166f6708cb</k></body></msg>
{11:52:47 am} - [OUTGOING] > %xt%sd%-1%100|Snowy Island|127.0.0.1|6113%
{11:52:47 am} - [OUTGOING] > %xt%l%-1%%757fb52685fe%%100,1%
{12:45:14 pm} - [OUTGOING] > <cross-domain-policy><allow-access-from domain="*" to-ports="*"/></cross-domain-policy>
{12:45:14 pm} - [OUTGOING] > <msg t="sys"><body action="apiOK" r="0"></body></msg>
{12:45:14 pm} - [OUTGOING] > <msg t="sys"><body action="rndK" r="-1"><k>9551e19e6a3a</k></body></msg>
{12:45:14 pm} - [OUTGOING] > %xt%l%-1%
{12:45:14 pm} - [OUTGOING] > %xt%js%-1%1%0%1%1%
{12:45:14 pm} - [OUTGOING] > %xt%lp%-1%100|Zaseth|45|1|0|0|0|0|0|0|0|0|0|0|1|1|0%99999%0%1440%1534675519%11%4%1%
{12:45:14 pm} - [OUTGOING] > %xt%ap%-1%100|Zaseth|45|1|0|0|0|0|0|0|0|0|145|283|1|1|0%
{12:45:14 pm} - [OUTGOING] > %xt%jr%-1%100%100|Zaseth|45|1|0|0|0|0|0|0|0|0|145|283|1|1|0%
{12:45:14 pm} - [OUTGOING] > %xt%ap%-1%0|Bot|45|1|122|0|0|276|0|0|514|0|100|100|1|1|876%
{12:45:14 pm} - [OUTGOING] > %xt%gps%-1%100%7|8%
{12:45:14 pm} - [OUTGOING] > %xt%gi%-1%1%
{12:45:14 pm} - [OUTGOING] > %xt%gb%-1%%
{12:45:14 pm} - [OUTGOING] > %xt%gn%-1%%
{12:45:14 pm} - [OUTGOING] > %xt%glr%-1%Waddler%
{12:45:14 pm} - [OUTGOING] > %xt%sp%-1%100%213%309%
{12:45:14 pm} - [OUTGOING] > %xt%sp%-1%100%200%297%
{12:45:14 pm} - [OUTGOING] > %xt%gr%-1%
{12:45:14 pm} - [OUTGOING] > %xt%qpp%-1%%
{12:45:14 pm} - [OUTGOING] > %xt%gsbcd%-1%4%10%1%1%0|8|353|244|0|10|7|186|185|0|3%
{12:45:14 pm} - [OUTGOING] > %xt%gps%-1%100%7|8%
{12:45:14 pm} - [OUTGOING] > %xt%qpa%-1%%
{12:45:14 pm} - [OUTGOING] > %xt%gmres%-1%%
{12:45:14 pm} - [OUTGOING] > %xt%ssbcd%-1%
{12:45:14 pm} - [OUTGOING] > %xt%qpp%-1%%
{12:45:14 pm} - [OUTGOING] > %xt%gsbcd%-1%4%10%1%1%%0|8|353|244|0|10%0|7|194|176|0|12%
{12:45:14 pm} - [OUTGOING] > %xt%gps%-1%100%7|8%
{12:45:14 pm} - [OUTGOING] > %xt%qpa%-1%%
{12:45:14 pm} - [OUTGOING] > %xt%gmres%-1%%
{12:45:14 pm} - [OUTGOING] > %xt%ssbcd%-1%
{12:45:14 pm} - [OUTGOING] > %xt%qpp%-1%%
{12:45:14 pm} - [OUTGOING] > %xt%gsbcd%-1%4%10%1%1%%0|8|353|244|0|10%0|7|532|180|0|13%
{12:45:14 pm} - [OUTGOING] > %xt%gps%-1%100%7|8%
{12:45:14 pm} - [OUTGOING] > %xt%qpa%-1%%
{12:45:14 pm} - [OUTGOING] > %xt%gmres%-1%%
{12:45:14 pm} - [OUTGOING] > %xt%ssbcd%-1%
{12:45:14 pm} - [OUTGOING] > %xt%qpp%-1%%
{12:45:14 pm} - [OUTGOING] > %xt%gsbcd%-1%4%10%1%1%%0|8|216|157|0|14%0|7|532|180|0|13%
{12:45:14 pm} - [OUTGOING] > %xt%gps%-1%100%7|8%
{12:45:14 pm} - [OUTGOING] > %xt%qpa%-1%%
{12:45:14 pm} - [OUTGOING] > %xt%gmres%-1%%
{12:45:14 pm} - [OUTGOING] > %xt%sp%-1%100%301%297%
{12:45:14 pm} - [OUTGOING] > %xt%ap%-1%100|Zaseth|45|1|0|0|0|0|0|0|0|0|120|320|1|1|0%
{12:45:14 pm} - [OUTGOING] > %xt%jr%-1%801%100|Zaseth|45|1|0|0|0|0|0|0|0|0|120|320|1|1|0%
{12:45:14 pm} - [OUTGOING] > %xt%ap%-1%0|Bot|45|1|122|0|0|276|0|0|514|0|100|100|1|1|876%
{12:45:14 pm} - [OUTGOING] > %xt%sp%-1%100%476%274%
{12:45:14 pm} - [OUTGOING] > %xt%sp%-1%100%381%305%
{12:45:14 pm} - [OUTGOING] > %xt%sp%-1%100%378%305%
{12:45:14 pm} - [OUTGOING] > %xt%sp%-1%100%378%305%
{12:45:14 pm} - [OUTGOING] > %xt%sf%-1%100%22%
{12:45:14 pm} - [OUTGOING] > %xt%ss%-1%100%2%
{12:45:14 pm} - [OUTGOING] > %xt%ss%-1%100%21%
{12:45:14 pm} - [OUTGOING] > %xt%h%-1%
{12:45:14 pm} - [OUTGOING] > %xt%sb%-1%100%657%66%
{12:45:14 pm} - [OUTGOING] > %xt%sb%-1%100%656%77%
{12:45:14 pm} - [OUTGOING] > %xt%sb%-1%100%660%75%
{12:45:14 pm} - [OUTGOING] > %xt%sb%-1%100%658%74%
{12:45:14 pm} - [OUTGOING] > %xt%sb%-1%100%653%73%
{12:45:14 pm} - [OUTGOING] > %xt%sb%-1%100%649%71%
{12:45:14 pm} - [OUTGOING] > %xt%sb%-1%100%647%70%
{12:45:14 pm} - [OUTGOING] > %xt%sb%-1%100%644%75%
{12:45:14 pm} - [OUTGOING] > %xt%sb%-1%100%653%73%
{12:45:14 pm} - [OUTGOING] > %xt%sb%-1%100%658%68%
{12:45:14 pm} - [OUTGOING] > %xt%sb%-1%100%642%79%
{12:45:14 pm} - [OUTGOING] > %xt%sb%-1%100%660%84%
{12:45:14 pm} - [OUTGOING] > %xt%sp%-1%100%67%414%
{12:45:14 pm} - [OUTGOING] > %xt%sp%-1%100%300%303%
{12:45:14 pm} - [OUTGOING] > %xt%h%-1%
{11:52:47 am} - [OUTGOING] > <cross-domain-policy><allow-access-from domain="*" to-ports="*"/></cross-domain-policy>
{11:52:47 am} - [OUTGOING] > <msg t="sys"><body action="apiOK" r="0"></body></msg>
{11:52:47 am} - [OUTGOING] > <msg t="sys"><body action="rndK" r="-1"><k>41c5e36e21a4</k></body></msg>
{11:52:47 am} - [OUTGOING] > %xt%sd%-1%100|Snowy Island|127.0.0.1|6113%
{11:52:47 am} - [OUTGOING] > %xt%l%-1%%1b2885dcb8db%%100,1%
{12:47:42 pm} - [OUTGOING] > <cross-domain-policy><allow-access-from domain="*" to-ports="*"/></cross-domain-policy>
{12:47:42 pm} - [OUTGOING] > <msg t="sys"><body action="apiOK" r="0"></body></msg>
{12:47:42 pm} - [OUTGOING] > <msg t="sys"><body action="rndK" r="-1"><k>731b394df046</k></body></msg>
{12:47:42 pm} - [OUTGOING] > %xt%l%-1%
{12:47:42 pm} - [OUTGOING] > %xt%js%-1%1%0%1%1%
{12:47:42 pm} - [OUTGOING] > %xt%lp%-1%100|Zaseth|45|1|0|0|0|0|0|0|0|0|0|0|1|1|0%99999%0%1440%1534675668%11%4%1%
{12:47:42 pm} - [OUTGOING] > %xt%ap%-1%100|Zaseth|45|1|0|0|0|0|0|0|0|0|101|111|1|1|0%
{12:47:42 pm} - [OUTGOING] > %xt%ap%-1%0|Bot|45|1|122|0|0|276|0|0|514|0|100|100|1|1|876%
{12:47:42 pm} - [OUTGOING] > %xt%jr%-1%100%100|Zaseth|45|1|0|0|0|0|0|0|0|0|101|111|1|1|0%
{12:47:42 pm} - [OUTGOING] > %xt%gps%-1%100%7|8%
{12:47:42 pm} - [OUTGOING] > %xt%gi%-1%1%
{12:47:42 pm} - [OUTGOING] > %xt%gb%-1%%
{12:47:42 pm} - [OUTGOING] > %xt%gn%-1%%
{12:47:42 pm} - [OUTGOING] > %xt%glr%-1%Waddler%
{12:47:42 pm} - [OUTGOING] > %xt%qpa%-1%%
{12:47:42 pm} - [OUTGOING] > %xt%gr%-1%
{12:47:42 pm} - [OUTGOING] > %xt%qpp%-1%%
{12:47:42 pm} - [OUTGOING] > %xt%gsbcd%-1%4%10%1%1%%0|8|216|157|0|14%0|7|532|180|0|13%
{12:47:42 pm} - [OUTGOING] > %xt%gps%-1%100%7|8%
{12:47:42 pm} - [OUTGOING] > %xt%qpa%-1%%
{12:47:42 pm} - [OUTGOING] > %xt%gmres%-1%%
{12:47:42 pm} - [OUTGOING] > %xt%ap%-1%100|Zaseth|45|1|0|0|0|0|0|0|0|0|373|295|1|1|0%
{12:47:42 pm} - [OUTGOING] > %xt%jr%-1%801%100|Zaseth|45|1|0|0|0|0|0|0|0|0|373|295|1|1|0%
{12:47:42 pm} - [OUTGOING] > %xt%ap%-1%0|Bot|45|1|122|0|0|276|0|0|514|0|100|100|1|1|876%
{12:47:42 pm} - [OUTGOING] > %xt%sb%-1%100%656%73%
{12:47:42 pm} - [OUTGOING] > %xt%sb%-1%100%649%79%
{12:47:42 pm} - [OUTGOING] > %xt%sb%-1%100%652%74%
{12:47:42 pm} - [OUTGOING] > %xt%sb%-1%100%651%71%
{12:47:42 pm} - [OUTGOING] > %xt%sb%-1%100%645%78%
{12:47:42 pm} - [OUTGOING] > %xt%sb%-1%100%653%85%
{12:47:42 pm} - [OUTGOING] > %xt%sb%-1%100%645%82%
{12:47:42 pm} - [OUTGOING] > %xt%sb%-1%100%649%79%
{12:47:42 pm} - [OUTGOING] > %xt%sb%-1%100%642%73%
{12:47:42 pm} - [OUTGOING] > %xt%sb%-1%100%650%79%
{12:47:42 pm} - [OUTGOING] > %xt%sb%-1%100%646%79%
{12:47:42 pm} - [OUTGOING] > %xt%aabs%-1%13%
{12:47:42 pm} - [OUTGOING] > %xt%gr%-1%
{12:47:42 pm} - [OUTGOING] > %xt%qpp%-1%%
{12:47:42 pm} - [OUTGOING] > %xt%gsbcd%-1%4%10%1%1%%0|8|216|157|0|14%0|7|532|180|0|13%
{12:47:42 pm} - [OUTGOING] > %xt%gps%-1%100%7|8|13%
{12:47:42 pm} - [OUTGOING] > %xt%qpa%-1%%
{12:47:42 pm} - [OUTGOING] > %xt%gmres%-1%%
{12:47:42 pm} - [OUTGOING] > %xt%ssbcd%-1%
{12:47:42 pm} - [OUTGOING] > %xt%qpp%-1%%
{12:47:42 pm} - [OUTGOING] > %xt%gsbcd%-1%4%10%1%1%%0|8|216|157|0|14%0|7|532|180|0|13%0|13|382|241|0|16%
{12:47:42 pm} - [OUTGOING] > %xt%gps%-1%100%7|8|13%
{12:47:42 pm} - [OUTGOING] > %xt%qpa%-1%%
{12:47:42 pm} - [OUTGOING] > %xt%gmres%-1%%
{12:47:42 pm} - [OUTGOING] > %xt%sp%-1%100%297%222%
{12:47:42 pm} - [OUTGOING] > %xt%sp%-1%100%310%267%
{12:47:42 pm} - [OUTGOING] > %xt%sp%-1%100%300%286%
{12:47:42 pm} - [OUTGOING] > %xt%ap%-1%100|Zaseth|45|1|0|0|0|0|0|0|0|0|304|308|1|1|0%
{12:47:42 pm} - [OUTGOING] > %xt%ap%-1%0|Bot|45|1|122|0|0|276|0|0|514|0|100|100|1|1|876%
{12:47:42 pm} - [OUTGOING] > %xt%jr%-1%100%100|Zaseth|45|1|0|0|0|0|0|0|0|0|304|308|1|1|0%
{12:47:42 pm} - [OUTGOING] > %xt%sp%-1%100%342%327%
{12:47:42 pm} - [OUTGOING] > %xt%gr%-1%
{12:47:42 pm} - [OUTGOING] > %xt%qpp%-1%%
{12:47:42 pm} - [OUTGOING] > %xt%gsbcd%-1%4%10%1%1%%0|8|216|157|0|14%0|7|532|180|0|13%0|13|382|241|0|16%
{12:47:42 pm} - [OUTGOING] > %xt%gps%-1%100%7|8|13%
{12:47:42 pm} - [OUTGOING] > %xt%qpa%-1%%
{12:47:42 pm} - [OUTGOING] > %xt%gmres%-1%%
{12:47:42 pm} - [OUTGOING] > %xt%sp%-1%100%402%390%
{12:47:42 pm} - [OUTGOING] > %xt%h%-1%
{12:52:57 pm} - [OUTGOING] > <cross-domain-policy><allow-access-from domain="*" to-ports="*"/></cross-domain-policy>
{12:52:57 pm} - [OUTGOING] > <msg t="sys"><body action="apiOK" r="0"></body></msg>
{12:52:57 pm} - [OUTGOING] > <msg t="sys"><body action="rndK" r="-1"><k>8990cfaa4d98</k></body></msg>
{12:52:57 pm} - [OUTGOING] > %xt%sd%-1%100|Snowy Island|127.0.0.1|6113%
{12:52:57 pm} - [OUTGOING] > %xt%l%-1%%46f0fab7f0ca%%100,1%
{12:52:56 pm} - [OUTGOING] > <cross-domain-policy><allow-access-from domain="*" to-ports="*"/></cross-domain-policy>
{12:52:56 pm} - [OUTGOING] > <msg t="sys"><body action="apiOK" r="0"></body></msg>
{12:52:56 pm} - [OUTGOING] > <msg t="sys"><body action="rndK" r="-1"><k>58b55a6b06d7</k></body></msg>
{12:52:56 pm} - [OUTGOING] > %xt%l%-1%
{12:52:56 pm} - [OUTGOING] > %xt%js%-1%1%0%1%1%
{12:52:56 pm} - [OUTGOING] > %xt%ap%-1%100|Zaseth|45|1|0|0|0|0|0|0|0|0|107|222|1|1|0%
{12:52:56 pm} - [OUTGOING] > %xt%lp%-1%100|Zaseth|45|1|0|0|0|0|0|0|0|0|0|0|1|1|0%99999%0%1440%1534675984%11%4%1%
{12:52:56 pm} - [OUTGOING] > %xt%jr%-1%400%100|Zaseth|45|1|0|0|0|0|0|0|0|0|107|222|1|1|0%
{12:52:56 pm} - [OUTGOING] > %xt%ap%-1%0|Bot|45|1|122|0|0|276|0|0|514|0|100|100|1|1|876%
{12:52:56 pm} - [OUTGOING] > %xt%gps%-1%100%7|8|13%
{12:52:56 pm} - [OUTGOING] > %xt%gi%-1%1%
{12:52:56 pm} - [OUTGOING] > %xt%gb%-1%%
{12:52:56 pm} - [OUTGOING] > %xt%gn%-1%%
{12:52:56 pm} - [OUTGOING] > %xt%glr%-1%Waddler%
{12:52:56 pm} - [OUTGOING] > %xt%sp%-1%100%319%218%
{12:52:57 pm} - [OUTGOING] > <cross-domain-policy><allow-access-from domain="*" to-ports="*"/></cross-domain-policy>
{12:52:57 pm} - [OUTGOING] > <msg t="sys"><body action="apiOK" r="0"></body></msg>
{12:52:57 pm} - [OUTGOING] > <msg t="sys"><body action="rndK" r="-1"><k>8e8cd7249843</k></body></msg>
{12:52:57 pm} - [OUTGOING] > %xt%sd%-1%100|Snowy Island|127.0.0.1|6113%
{12:52:57 pm} - [OUTGOING] > %xt%l%-1%%783c1ed050cb%%100,1%
{12:53:27 pm} - [OUTGOING] > <cross-domain-policy><allow-access-from domain="*" to-ports="*"/></cross-domain-policy>
{12:53:27 pm} - [OUTGOING] > <msg t="sys"><body action="apiOK" r="0"></body></msg>
{12:53:27 pm} - [OUTGOING] > <msg t="sys"><body action="rndK" r="-1"><k>2fac717c2373</k></body></msg>
{12:53:27 pm} - [OUTGOING] > %xt%l%-1%
{12:53:27 pm} - [OUTGOING] > %xt%js%-1%1%0%1%1%
{12:53:27 pm} - [OUTGOING] > %xt%lp%-1%100|Zaseth|45|1|0|0|0|0|0|0|0|0|0|0|1|1|0%99999%0%1440%1534676013%11%4%1%
{12:53:27 pm} - [OUTGOING] > %xt%ap%-1%100|Zaseth|45|1|0|0|0|0|0|0|0|0|158|195|1|1|0%
{12:53:27 pm} - [OUTGOING] > %xt%jr%-1%400%100|Zaseth|45|1|0|0|0|0|0|0|0|0|158|195|1|1|0%
{12:53:27 pm} - [OUTGOING] > %xt%ap%-1%0|Bot|45|1|122|0|0|276|0|0|514|0|100|100|1|1|876%
{12:53:27 pm} - [OUTGOING] > %xt%gps%-1%100%7|8|13%
{12:53:27 pm} - [OUTGOING] > %xt%gi%-1%1%
{12:53:27 pm} - [OUTGOING] > %xt%gb%-1%%
{12:53:27 pm} - [OUTGOING] > %xt%gn%-1%%
{12:53:27 pm} - [OUTGOING] > %xt%glr%-1%Waddler%
{12:53:27 pm} - [OUTGOING] > %xt%qpa%-1%%
{12:54:00 pm} - [OUTGOING] > <cross-domain-policy><allow-access-from domain="*" to-ports="*"/></cross-domain-policy>
{12:54:00 pm} - [OUTGOING] > <msg t="sys"><body action="apiOK" r="0"></body></msg>
{12:54:00 pm} - [OUTGOING] > <msg t="sys"><body action="rndK" r="-1"><k>897bfa338c6f</k></body></msg>
{12:54:00 pm} - [OUTGOING] > %xt%sd%-1%100|Snowy Island|127.0.0.1|6113%
{12:54:00 pm} - [OUTGOING] > %xt%l%-1%%a54c6d710a1f%%100,1%
{12:54:18 pm} - [OUTGOING] > <cross-domain-policy><allow-access-from domain="*" to-ports="*"/></cross-domain-policy>
{12:54:18 pm} - [OUTGOING] > <msg t="sys"><body action="apiOK" r="0"></body></msg>
{12:54:18 pm} - [OUTGOING] > <msg t="sys"><body action="rndK" r="-1"><k>06c8ab89bce1</k></body></msg>
{12:54:18 pm} - [OUTGOING] > %xt%sd%-1%100|Snowy Island|127.0.0.1|6113%
{12:54:18 pm} - [OUTGOING] > %xt%l%-1%%7ccae749845a%%100,1%
{12:54:19 pm} - [OUTGOING] > <cross-domain-policy><allow-access-from domain="*" to-ports="*"/></cross-domain-policy>
{12:54:19 pm} - [OUTGOING] > <msg t="sys"><body action="apiOK" r="0"></body></msg>
{12:54:19 pm} - [OUTGOING] > <msg t="sys"><body action="rndK" r="-1"><k>d849c3ae0750</k></body></msg>
{12:54:19 pm} - [OUTGOING] > %xt%l%-1%
{12:54:19 pm} - [OUTGOING] > %xt%js%-1%1%0%1%1%
{12:54:19 pm} - [OUTGOING] > %xt%lp%-1%100|Zaseth|45|1|0|0|0|0|0|0|0|0|0|0|1|1|0%99999%0%1440%1534676064%11%4%1%
{12:54:19 pm} - [OUTGOING] > %xt%ap%-1%100|Zaseth|45|1|0|0|0|0|0|0|0|0|354|309|1|1|0%
{12:54:19 pm} - [OUTGOING] > %xt%jr%-1%100%100|Zaseth|45|1|0|0|0|0|0|0|0|0|354|309|1|1|0%
{12:54:19 pm} - [OUTGOING] > %xt%ap%-1%0|Bot|45|1|122|0|0|276|0|0|514|0|100|100|1|1|876%
{12:54:19 pm} - [OUTGOING] > %xt%gps%-1%100%7|8|13%
{12:54:19 pm} - [OUTGOING] > %xt%gi%-1%1%
{12:54:19 pm} - [OUTGOING] > %xt%gb%-1%%
{12:54:19 pm} - [OUTGOING] > %xt%gn%-1%%
{12:54:19 pm} - [OUTGOING] > %xt%aabs%-1%16%
{12:54:19 pm} - [OUTGOING] > %xt%gr%-1%
{12:54:19 pm} - [OUTGOING] > %xt%qpp%-1%%
{12:54:19 pm} - [OUTGOING] > %xt%gsbcd%-1%4%10%1%1%%0|8|216|157|0|14%0|7|532|180|0|13%0|13|382|241|0|16%
{12:54:19 pm} - [OUTGOING] > %xt%gps%-1%100%7|8|13|16%
{12:54:19 pm} - [OUTGOING] > %xt%qpa%-1%%
{12:54:19 pm} - [OUTGOING] > %xt%gmres%-1%%
{12:54:19 pm} - [OUTGOING] > %xt%ssbcd%-1%
{12:54:19 pm} - [OUTGOING] > %xt%qpp%-1%%
{12:54:19 pm} - [OUTGOING] > %xt%gsbcd%-1%4%10%1%1%%0|8|216|157|0|14%0|7|532|180|0|13%0|13|382|241|0|16%0|16|229|287|0|18%
{12:54:19 pm} - [OUTGOING] > %xt%gps%-1%100%7|8|13|16%
{12:54:19 pm} - [OUTGOING] > %xt%qpa%-1%%
{12:54:19 pm} - [OUTGOING] > %xt%gmres%-1%%
{12:54:19 pm} - [OUTGOING] > %xt%sp%-1%100%405%307%
{12:54:19 pm} - [OUTGOING] > %xt%gr%-1%
{12:54:19 pm} - [OUTGOING] > %xt%qpp%-1%%
{12:54:18 pm} - [OUTGOING] > <cross-domain-policy><allow-access-from domain="*" to-ports="*"/></cross-domain-policy>
{12:54:18 pm} - [OUTGOING] > <msg t="sys"><body action="apiOK" r="0"></body></msg>
{12:54:18 pm} - [OUTGOING] > <msg t="sys"><body action="rndK" r="-1"><k>31293d983071</k></body></msg>
{12:54:18 pm} - [OUTGOING] > %xt%sd%-1%100|Snowy Island|127.0.0.1|6113%
{12:54:18 pm} - [OUTGOING] > %xt%l%-1%%5469955b26a7%%100,1%
{12:55:14 pm} - [OUTGOING] > <cross-domain-policy><allow-access-from domain="*" to-ports="*"/></cross-domain-policy>
{12:55:14 pm} - [OUTGOING] > <msg t="sys"><body action="apiOK" r="0"></body></msg>
{12:55:14 pm} - [OUTGOING] > <msg t="sys"><body action="rndK" r="-1"><k>8b3d105b4baf</k></body></msg>
{12:55:14 pm} - [OUTGOING] > %xt%l%-1%
{12:55:14 pm} - [OUTGOING] > %xt%js%-1%1%0%1%1%
{12:55:14 pm} - [OUTGOING] > %xt%lp%-1%100|Zaseth|45|1|0|0|0|0|0|0|0|0|0|0|1|1|0%99999%0%1440%1534676120%11%4%1%
{12:55:14 pm} - [OUTGOING] > %xt%ap%-1%100|Zaseth|45|1|0|0|0|0|0|0|0|0|275|350|1|1|0%
{12:55:14 pm} - [OUTGOING] > %xt%jr%-1%110%100|Zaseth|45|1|0|0|0|0|0|0|0|0|275|350|1|1|0%
{12:55:14 pm} - [OUTGOING] > %xt%ap%-1%0|Bot|45|1|122|0|0|276|0|0|514|0|100|100|1|1|876%
{12:55:14 pm} - [OUTGOING] > %xt%gps%-1%100%7|8|13|16%
{12:55:14 pm} - [OUTGOING] > %xt%gi%-1%1%
{12:55:14 pm} - [OUTGOING] > %xt%gb%-1%%
{12:55:14 pm} - [OUTGOING] > %xt%gn%-1%%
{12:55:14 pm} - [OUTGOING] > %xt%glr%-1%Waddler%
{12:55:14 pm} - [OUTGOING] > %xt%gr%-1%
{12:55:14 pm} - [OUTGOING] > %xt%qpp%-1%%
{12:54:18 pm} - [OUTGOING] > <cross-domain-policy><allow-access-from domain="*" to-ports="*"/></cross-domain-policy>
{12:54:18 pm} - [OUTGOING] > <msg t="sys"><body action="apiOK" r="0"></body></msg>
{12:54:18 pm} - [OUTGOING] > <msg t="sys"><body action="rndK" r="-1"><k>21866681a1cb</k></body></msg>
{12:54:18 pm} - [OUTGOING] > %xt%sd%-1%100|Snowy Island|127.0.0.1|6113%
{12:54:18 pm} - [OUTGOING] > %xt%l%-1%%8da476408472%%100,1%
{12:55:47 pm} - [OUTGOING] > <cross-domain-policy><allow-access-from domain="*" to-ports="*"/></cross-domain-policy>
{12:55:47 pm} - [OUTGOING] > <msg t="sys"><body action="apiOK" r="0"></body></msg>
{12:55:47 pm} - [OUTGOING] > <msg t="sys"><body action="rndK" r="-1"><k>3cd6c8d5430b</k></body></msg>
{12:55:47 pm} - [OUTGOING] > %xt%l%-1%
{12:55:47 pm} - [OUTGOING] > %xt%js%-1%1%0%1%1%
{12:55:47 pm} - [OUTGOING] > %xt%lp%-1%100|Zaseth|45|1|0|0|0|0|0|0|0|0|0|0|1|1|0%99999%0%1440%1534676154%11%4%1%
{12:55:47 pm} - [OUTGOING] > %xt%ap%-1%100|Zaseth|45|1|0|0|0|0|0|0|0|0|244|207|1|1|0%
{12:55:47 pm} - [OUTGOING] > %xt%jr%-1%110%100|Zaseth|45|1|0|0|0|0|0|0|0|0|244|207|1|1|0%
{12:55:47 pm} - [OUTGOING] > %xt%ap%-1%0|Bot|45|1|122|0|0|276|0|0|514|0|100|100|1|1|876%
{12:55:47 pm} - [OUTGOING] > %xt%gps%-1%100%7|8|13|16%
{12:55:47 pm} - [OUTGOING] > %xt%gi%-1%1%
{12:55:47 pm} - [OUTGOING] > %xt%gb%-1%%
{12:55:47 pm} - [OUTGOING] > %xt%gn%-1%%
{12:55:47 pm} - [OUTGOING] > %xt%glr%-1%Waddler%
{12:55:47 pm} - [OUTGOING] > %xt%gr%-1%
{12:55:47 pm} - [OUTGOING] > %xt%qpp%-1%%
{12:54:18 pm} - [OUTGOING] > <cross-domain-policy><allow-access-from domain="*" to-ports="*"/></cross-domain-policy>
{12:54:18 pm} - [OUTGOING] > <msg t="sys"><body action="apiOK" r="0"></body></msg>
{12:54:18 pm} - [OUTGOING] > <msg t="sys"><body action="rndK" r="-1"><k>c2a213b78550</k></body></msg>
{12:54:18 pm} - [OUTGOING] > %xt%sd%-1%100|Snowy Island|127.0.0.1|6113%
{12:54:18 pm} - [OUTGOING] > %xt%l%-1%%75316b0587a3%%100,1%
{12:56:53 pm} - [OUTGOING] > <cross-domain-policy><allow-access-from domain="*" to-ports="*"/></cross-domain-policy>
{12:56:53 pm} - [OUTGOING] > <msg t="sys"><body action="apiOK" r="0"></body></msg>
{12:56:53 pm} - [OUTGOING] > <msg t="sys"><body action="rndK" r="-1"><k>8f18289e60c9</k></body></msg>
{12:56:53 pm} - [OUTGOING] > %xt%l%-1%
{12:56:53 pm} - [OUTGOING] > %xt%js%-1%1%0%1%1%
{12:56:53 pm} - [OUTGOING] > %xt%lp%-1%100|Zaseth|45|1|0|0|0|0|0|0|0|0|0|0|1|1|0%99999%0%1440%1534676218%11%4%1%
{12:56:53 pm} - [OUTGOING] > %xt%ap%-1%100|Zaseth|45|1|0|0|0|0|0|0|0|0|277|139|1|1|0%
{12:56:53 pm} - [OUTGOING] > %xt%jr%-1%300%100|Zaseth|45|1|0|0|0|0|0|0|0|0|277|139|1|1|0%
{12:56:53 pm} - [OUTGOING] > %xt%ap%-1%0|Bot|45|1|122|0|0|276|0|0|514|0|100|100|1|1|876%
{12:56:53 pm} - [OUTGOING] > %xt%gps%-1%100%7|8|13|16%
{12:56:53 pm} - [OUTGOING] > %xt%gi%-1%1%
{12:56:53 pm} - [OUTGOING] > %xt%gb%-1%%
{12:56:53 pm} - [OUTGOING] > %xt%gn%-1%%
{12:56:53 pm} - [OUTGOING] > %xt%glr%-1%Waddler%
{12:56:53 pm} - [OUTGOING] > %xt%qpa%-1%%
{12:56:53 pm} - [OUTGOING] > %xt%sp%-1%100%381%290%
{12:56:53 pm} - [OUTGOING] > %xt%sp%-1%100%418%321%
{12:56:53 pm} - [OUTGOING] > %xt%gr%-1%
{12:56:53 pm} - [OUTGOING] > %xt%qpp%-1%%
{12:54:18 pm} - [OUTGOING] > <cross-domain-policy><allow-access-from domain="*" to-ports="*"/></cross-domain-policy>
{12:54:18 pm} - [OUTGOING] > <msg t="sys"><body action="apiOK" r="0"></body></msg>
{12:54:18 pm} - [OUTGOING] > <msg t="sys"><body action="rndK" r="-1"><k>6205ed443bb3</k></body></msg>
{12:54:18 pm} - [OUTGOING] > %xt%sd%-1%100|Snowy Island|127.0.0.1|6113%
{12:54:18 pm} - [OUTGOING] > %xt%l%-1%%4e85c3b40521%%100,1%
{12:57:36 pm} - [OUTGOING] > <cross-domain-policy><allow-access-from domain="*" to-ports="*"/></cross-domain-policy>
{12:57:36 pm} - [OUTGOING] > <msg t="sys"><body action="apiOK" r="0"></body></msg>
{12:57:36 pm} - [OUTGOING] > <msg t="sys"><body action="rndK" r="-1"><k>36319eb9ad84</k></body></msg>
{12:57:36 pm} - [OUTGOING] > %xt%l%-1%
{12:57:36 pm} - [OUTGOING] > %xt%js%-1%1%0%1%1%
{12:57:36 pm} - [OUTGOING] > %xt%lp%-1%100|Zaseth|45|1|0|0|0|0|0|0|0|0|0|0|1|1|0%99999%0%1440%1534676261%11%4%1%
{12:57:36 pm} - [OUTGOING] > %xt%ap%-1%100|Zaseth|45|1|0|0|0|0|0|0|0|0|152|226|1|1|0%
{12:57:36 pm} - [OUTGOING] > %xt%jr%-1%110%100|Zaseth|45|1|0|0|0|0|0|0|0|0|152|226|1|1|0%
{12:57:36 pm} - [OUTGOING] > %xt%ap%-1%0|Bot|45|1|122|0|0|276|0|0|514|0|100|100|1|1|876%
{12:57:36 pm} - [OUTGOING] > %xt%gps%-1%100%7|8|13|16%
{12:57:36 pm} - [OUTGOING] > %xt%gi%-1%1%
{12:57:36 pm} - [OUTGOING] > %xt%gb%-1%%
{12:57:36 pm} - [OUTGOING] > %xt%gn%-1%%
{12:57:36 pm} - [OUTGOING] > %xt%glr%-1%Waddler%
{12:57:36 pm} - [OUTGOING] > %xt%gr%-1%
{12:57:36 pm} - [OUTGOING] > %xt%qpp%-1%%
{12:58:52 pm} - [OUTGOING] > <cross-domain-policy><allow-access-from domain="*" to-ports="*"/></cross-domain-policy>
{12:58:52 pm} - [OUTGOING] > <msg t="sys"><body action="apiOK" r="0"></body></msg>
{12:58:52 pm} - [OUTGOING] > <msg t="sys"><body action="rndK" r="-1"><k>83cc026c70ee</k></body></msg>
{12:58:52 pm} - [OUTGOING] > %xt%sd%-1%100|Snowy Island|127.0.0.1|6113%
{12:58:52 pm} - [OUTGOING] > %xt%l%-1%%78ee66548a53%%100,1%
{1:12:44 pm} - [OUTGOING] > <cross-domain-policy><allow-access-from domain="*" to-ports="*"/></cross-domain-policy>
{1:12:44 pm} - [OUTGOING] > <msg t="sys"><body action="apiOK" r="0"></body></msg>
{1:12:44 pm} - [OUTGOING] > <msg t="sys"><body action="rndK" r="-1"><k>23badf2b0d61</k></body></msg>
{1:12:44 pm} - [OUTGOING] > %xt%l%-1%
{1:12:44 pm} - [OUTGOING] > %xt%js%-1%1%0%1%1%
{1:12:44 pm} - [OUTGOING] > %xt%lp%-1%100|Zaseth|45|1|0|0|0|0|0|0|0|0|0|0|1|1|0%99999%0%1440%1534677171%11%4%1%
{1:12:44 pm} - [OUTGOING] > %xt%ap%-1%100|Zaseth|45|1|0|0|0|0|0|0|0|0|217|133|1|1|0%
{1:12:44 pm} - [OUTGOING] > %xt%jr%-1%100%100|Zaseth|45|1|0|0|0|0|0|0|0|0|217|133|1|1|0%
{1:12:44 pm} - [OUTGOING] > %xt%ap%-1%0|Bot|45|1|122|0|0|276|0|0|514|0|100|100|1|1|876%
{1:12:44 pm} - [OUTGOING] > %xt%gps%-1%100%7|8|13|16%
{1:12:44 pm} - [OUTGOING] > %xt%gi%-1%1%
{1:12:44 pm} - [OUTGOING] > %xt%gb%-1%%
{1:12:44 pm} - [OUTGOING] > %xt%gn%-1%%
{1:12:44 pm} - [OUTGOING] > %xt%glr%-1%Waddler%
{1:12:44 pm} - [OUTGOING] > %xt%qpa%-1%%
{1:12:44 pm} - [OUTGOING] > %xt%sp%-1%100%353%386%
{1:12:44 pm} - [OUTGOING] > %xt%sp%-1%100%421%375%
{1:12:44 pm} - [OUTGOING] > %xt%aabs%-1%13%
{1:12:44 pm} - [OUTGOING] > %xt%sp%-1%100%390%354%
{1:12:44 pm} - [OUTGOING] > %xt%gr%-1%
{1:12:44 pm} - [OUTGOING] > %xt%qpp%-1%%
{1:12:44 pm} - [OUTGOING] > %xt%gsbcd%-1%4%10%1%1%%0|8|216|157|0|14%0|7|532|180|0|13%0|13|382|241|0|16%0|16|229|287|0|18%
{1:12:44 pm} - [OUTGOING] > %xt%gps%-1%100%7|8|13|16|13%
{1:12:44 pm} - [OUTGOING] > %xt%qpa%-1%%
{1:12:44 pm} - [OUTGOING] > %xt%gmres%-1%%
{1:12:44 pm} - [OUTGOING] > %xt%aabs%-1%16%
{1:12:44 pm} - [OUTGOING] > %xt%aabs%-1%17%
{1:12:44 pm} - [OUTGOING] > %xt%qpp%-1%%
{1:12:44 pm} - [OUTGOING] > %xt%gsbcd%-1%4%10%1%1%%0|8|216|157|0|14%0|7|532|180|0|13%0|13|382|241|0|16%0|16|229|287|0|18%
{1:12:44 pm} - [OUTGOING] > %xt%gps%-1%100%7|8|13|16|13|16|17%
{1:12:44 pm} - [OUTGOING] > %xt%qpa%-1%%
{1:12:44 pm} - [OUTGOING] > %xt%gmres%-1%%
{1:12:44 pm} - [OUTGOING] > %xt%ssbcd%-1%
{1:12:44 pm} - [OUTGOING] > %xt%sp%-1%100%351%341%
{1:12:44 pm} - [OUTGOING] > %xt%gr%-1%
{1:12:44 pm} - [OUTGOING] > %xt%sp%-1%100%276%283%
{1:12:44 pm} - [OUTGOING] > %xt%sp%-1%100%266%331%
{1:12:44 pm} - [OUTGOING] > %xt%sp%-1%100%280%365%
{1:12:44 pm} - [OUTGOING] > %xt%h%-1%
{1:12:44 pm} - [OUTGOING] > %xt%gr%-1%
{1:12:44 pm} - [OUTGOING] > %xt%qpp%-1%%
{1:12:44 pm} - [OUTGOING] > %xt%gsbcd%-1%4%10%1%1%%0|8|216|157|0|14%0|7|532|180|0|13%0|13|382|241|0|16%0|16|229|287|0|18%0|17|477|329|0|20%
{1:12:44 pm} - [OUTGOING] > %xt%gps%-1%100%7|8|13|16|13|16|17%
{1:12:44 pm} - [OUTGOING] > %xt%qpa%-1%%
{1:12:44 pm} - [OUTGOING] > %xt%gmres%-1%%
{1:12:44 pm} - [OUTGOING] > %xt%ssbcd%-1%
{1:12:44 pm} - [OUTGOING] > %xt%qpp%-1%%
{1:12:44 pm} - [OUTGOING] > %xt%gsbcd%-1%1%1%6%4%%0|8|216|157|0|14%0|7|532|180|0|13%0|13|382|241|0|16%0|16|229|287|0|18%0|17|477|329|0|20%
{1:12:44 pm} - [OUTGOING] > %xt%gps%-1%100%7|8|13|16|13|16|17%
{1:12:44 pm} - [OUTGOING] > %xt%qpa%-1%%
{1:12:44 pm} - [OUTGOING] > %xt%gmres%-1%%
{1:12:44 pm} - [OUTGOING] > %xt%sp%-1%100%355%333%
{1:12:44 pm} - [OUTGOING] > %xt%sp%-1%100%411%336%
{1:12:44 pm} - [OUTGOING] > %xt%sp%-1%100%359%315%
{1:12:44 pm} - [OUTGOING] > %xt%sp%-1%100%431%300%
{1:12:44 pm} - [OUTGOING] > %xt%sp%-1%100%347%289%
{1:12:44 pm} - [OUTGOING] > %xt%sp%-1%100%394%275%
{1:12:44 pm} - [OUTGOING] > %xt%sp%-1%100%421%301%
{1:12:44 pm} - [OUTGOING] > %xt%h%-1%
{1:12:44 pm} - [OUTGOING] > %xt%gr%-1%
{1:12:44 pm} - [OUTGOING] > %xt%gr%-1%
{1:12:44 pm} - [OUTGOING] > %xt%gr%-1%
