{11:20:31 am} - [UNKNOWN PACKET] > %xt%s%iCP#sd%-1%Lalalala.%
{11:20:36 am} - [UNKNOWN PACKET] > %xt%s%l#mst%-1%
{11:20:36 am} - [UNKNOWN PACKET] > %xt%s%l#mg%-1%
{11:20:36 am} - [UNKNOWN PACKET] > %xt%s%p#pgu%-1%
{11:20:36 am} - [UNKNOWN PACKET] > %xt%s%f#epfgr%-1%
{11:20:36 am} - [UNKNOWN PACKET] > %xt%s%f#epfgr%-1%
{11:20:36 am} - [UNKNOWN PACKET] > %xt%s%f#epfgf%-1%
{11:20:31 am} - [UNKNOWN PACKET] > %xt%s%iCP#sd%-1%Lalalala.%
{11:20:36 am} - [UNKNOWN PACKET] > %xt%s%l#mst%-1%
{11:20:36 am} - [UNKNOWN PACKET] > %xt%s%l#mg%-1%
{11:20:36 am} - [UNKNOWN PACKET] > %xt%s%p#pgu%-1%
{11:20:36 am} - [UNKNOWN PACKET] > %xt%s%f#epfgr%-1%
{11:20:36 am} - [UNKNOWN PACKET] > %xt%s%f#epfgf%-1%
{11:20:31 am} - [UNKNOWN PACKET] > %xt%s%iCP#sd%-1%Lalalala.%
{11:20:36 am} - [UNKNOWN PACKET] > %xt%s%l#mst%-1%
{11:20:36 am} - [UNKNOWN PACKET] > %xt%s%l#mg%-1%
{11:20:36 am} - [UNKNOWN PACKET] > %xt%s%p#pgu%-1%
{11:20:36 am} - [UNKNOWN PACKET] > %xt%s%f#epfgr%-1%
{11:20:36 am} - [UNKNOWN PACKET] > %xt%s%f#epfgr%-1%
{11:20:36 am} - [UNKNOWN PACKET] > %xt%s%f#epfgf%-1%
{11:20:31 am} - [UNKNOWN PACKET] > %xt%s%iCP#sd%-1%Lalalala.%
{11:20:36 am} - [UNKNOWN PACKET] > %xt%s%l#mst%-1%
{11:20:36 am} - [UNKNOWN PACKET] > %xt%s%l#mg%-1%
{11:20:36 am} - [UNKNOWN PACKET] > %xt%s%p#pgu%-1%
{11:20:36 am} - [UNKNOWN PACKET] > %xt%s%f#epfgr%-1%
{11:20:36 am} - [UNKNOWN PACKET] > %xt%s%f#epfga%-1%
{11:20:36 am} - [UNKNOWN PACKET] > %xt%s%f#epfgr%-1%
{11:20:36 am} - [UNKNOWN PACKET] > %xt%s%f#epfgf%-1%
{11:20:31 am} - [UNKNOWN PACKET] > %xt%s%iCP#sd%-1%Lalalala.%
{11:23:58 am} - [UNKNOWN PACKET] > %xt%s%l#mst%-1%
{11:23:58 am} - [UNKNOWN PACKET] > %xt%s%l#mg%-1%
{11:23:58 am} - [UNKNOWN PACKET] > %xt%s%p#pgu%-1%
{11:23:58 am} - [UNKNOWN PACKET] > %xt%s%f#epfgr%-1%
{11:23:58 am} - [UNKNOWN PACKET] > %xt%s%f#epfga%-1%
{11:23:58 am} - [UNKNOWN PACKET] > %xt%s%f#epfgr%-1%
{11:23:58 am} - [UNKNOWN PACKET] > %xt%s%f#epfgf%-1%
{11:20:31 am} - [UNKNOWN PACKET] > %xt%s%iCP#sd%-1%Lalalala.%
{11:24:25 am} - [UNKNOWN PACKET] > %xt%s%l#mst%-1%
{11:24:25 am} - [UNKNOWN PACKET] > %xt%s%l#mg%-1%
{11:24:25 am} - [UNKNOWN PACKET] > %xt%s%p#pgu%-1%
{11:24:25 am} - [UNKNOWN PACKET] > %xt%s%f#epfgr%-1%
{11:24:25 am} - [UNKNOWN PACKET] > %xt%s%f#epfgr%-1%
{11:24:25 am} - [UNKNOWN PACKET] > %xt%s%f#epfgf%-1%
{11:24:25 am} - [UNKNOWN PACKET] > %xt%s%l#mst%-1%
{11:24:25 am} - [UNKNOWN PACKET] > %xt%s%l#mg%-1%
{11:24:25 am} - [UNKNOWN PACKET] > %xt%s%p#pgu%-1%
{11:24:25 am} - [UNKNOWN PACKET] > %xt%s%f#epfgr%-1%
{11:24:25 am} - [UNKNOWN PACKET] > %xt%s%f#epfgr%-1%
{11:24:25 am} - [UNKNOWN PACKET] > %xt%s%f#epfgf%-1%
{11:26:43 am} - [UNKNOWN PACKET] > %xt%s%iCP#sd%-1%Lalalala.%
{11:26:45 am} - [UNKNOWN PACKET] > %xt%s%l#mst%-1%
{11:26:45 am} - [UNKNOWN PACKET] > %xt%s%l#mg%-1%
{11:26:45 am} - [UNKNOWN PACKET] > %xt%s%p#pgu%-1%
{11:26:45 am} - [UNKNOWN PACKET] > %xt%s%f#epfgr%-1%
{11:26:45 am} - [UNKNOWN PACKET] > %xt%s%f#epfgf%-1%
{11:27:49 am} - [UNKNOWN PACKET] > %xt%s%iCP#sd%-1%Lalalala.%
{11:27:50 am} - [UNKNOWN PACKET] > %xt%s%l#mst%-1%
{11:27:50 am} - [UNKNOWN PACKET] > %xt%s%l#mg%-1%
{11:27:50 am} - [UNKNOWN PACKET] > %xt%s%p#pgu%-1%
{11:27:50 am} - [UNKNOWN PACKET] > %xt%s%f#epfga%-1%
{11:27:50 am} - [UNKNOWN PACKET] > %xt%s%f#epfgr%-1%
{11:27:50 am} - [UNKNOWN PACKET] > %xt%s%f#epfgf%-1%
{11:27:49 am} - [UNKNOWN PACKET] > %xt%s%iCP#sd%-1%Lalalala.%
{11:28:45 am} - [UNKNOWN PACKET] > %xt%s%l#mst%-1%
{11:28:45 am} - [UNKNOWN PACKET] > %xt%s%l#mg%-1%
{11:28:45 am} - [UNKNOWN PACKET] > %xt%s%p#pgu%-1%
{11:28:45 am} - [UNKNOWN PACKET] > %xt%s%f#epfgr%-1%
{11:28:45 am} - [UNKNOWN PACKET] > %xt%s%f#epfgf%-1%
{11:27:49 am} - [UNKNOWN PACKET] > %xt%s%iCP#sd%-1%Lalalala.%
{11:29:54 am} - [UNKNOWN PACKET] > %xt%s%l#mst%-1%
{11:29:54 am} - [UNKNOWN PACKET] > %xt%s%l#mg%-1%
{11:29:54 am} - [UNKNOWN PACKET] > %xt%s%f#epfgr%-1%
{11:29:54 am} - [UNKNOWN PACKET] > %xt%s%f#epfgf%-1%
{11:27:49 am} - [UNKNOWN PACKET] > %xt%s%iCP#sd%-1%Lalalala.%
{11:34:28 am} - [UNKNOWN PACKET] > %xt%s%l#mst%-1%
{11:34:28 am} - [UNKNOWN PACKET] > %xt%s%l#mg%-1%
{11:34:28 am} - [UNKNOWN PACKET] > %xt%s%p#pgu%-1%
{11:34:28 am} - [UNKNOWN PACKET] > %xt%s%f#epfgr%-1%
{11:34:28 am} - [UNKNOWN PACKET] > %xt%s%f#epfgf%-1%
{11:27:49 am} - [UNKNOWN PACKET] > %xt%s%iCP#sd%-1%Lalalala.%
{11:35:02 am} - [UNKNOWN PACKET] > %xt%s%l#mst%-1%
{11:35:02 am} - [UNKNOWN PACKET] > %xt%s%l#mg%-1%
{11:35:02 am} - [UNKNOWN PACKET] > %xt%s%f#epfga%-1%
{11:35:02 am} - [UNKNOWN PACKET] > %xt%s%f#epfgr%-1%
{11:35:02 am} - [UNKNOWN PACKET] > %xt%s%f#epfgr%-1%
{11:35:02 am} - [UNKNOWN PACKET] > %xt%s%f#epfgf%-1%
{11:44:55 am} - [UNKNOWN PACKET] > %xt%s%iCP#sd%-1%Lalalala.%
{11:44:56 am} - [UNKNOWN PACKET] > %xt%s%l#mst%-1%
{11:44:56 am} - [UNKNOWN PACKET] > %xt%s%l#mg%-1%
{11:44:56 am} - [UNKNOWN PACKET] > %xt%s%p#pgu%-1%
{11:44:56 am} - [UNKNOWN PACKET] > %xt%s%f#epfgr%-1%
{11:44:56 am} - [UNKNOWN PACKET] > %xt%s%f#epfga%-1%
{11:44:56 am} - [UNKNOWN PACKET] > %xt%s%f#epfgr%-1%
{11:44:56 am} - [UNKNOWN PACKET] > %xt%s%f#epfgf%-1%
{11:44:55 am} - [UNKNOWN PACKET] > %xt%s%iCP#sd%-1%Lalalala.%
{11:49:42 am} - [UNKNOWN PACKET] > %xt%s%iCP#sd%-1%Lalalala.%
{11:52:47 am} - [UNKNOWN PACKET] > %xt%s%iCP#sd%-1%Lalalala.%
{11:52:51 am} - [UNKNOWN PACKET] > %xt%s%l#mst%-1%
{11:52:51 am} - [UNKNOWN PACKET] > %xt%s%l#mg%-1%
{11:52:51 am} - [UNKNOWN PACKET] > %xt%s%p#pgu%-1%
{11:52:51 am} - [UNKNOWN PACKET] > %xt%s%f#epfga%-1%
{11:52:51 am} - [UNKNOWN PACKET] > %xt%s%f#epfgr%-1%
{11:52:51 am} - [UNKNOWN PACKET] > %xt%s%f#epfgr%-1%
{11:52:51 am} - [UNKNOWN PACKET] > %xt%s%f#epfgf%-1%
{11:52:51 am} - [UNKNOWN PACKET] > %xt%s%st#ssbcd%-1%1%1%1%1%0|7|253|198|0|1%0|8|429|239|0|3%
{11:52:47 am} - [UNKNOWN PACKET] > %xt%s%iCP#sd%-1%Lalalala.%
{11:55:33 am} - [UNKNOWN PACKET] > %xt%s%l#mst%-1%
{11:55:33 am} - [UNKNOWN PACKET] > %xt%s%l#mg%-1%
{11:55:33 am} - [UNKNOWN PACKET] > %xt%s%p#pgu%-1%
{11:55:33 am} - [UNKNOWN PACKET] > %xt%s%f#epfgr%-1%
{11:55:33 am} - [UNKNOWN PACKET] > %xt%s%f#epfga%-1%
{11:55:33 am} - [UNKNOWN PACKET] > %xt%s%f#epfgr%-1%
{11:55:33 am} - [UNKNOWN PACKET] > %xt%s%f#epfgf%-1%
{11:52:47 am} - [UNKNOWN PACKET] > %xt%s%iCP#sd%-1%Lalalala.%
{11:56:24 am} - [UNKNOWN PACKET] > %xt%s%l#mst%-1%
{11:56:24 am} - [UNKNOWN PACKET] > %xt%s%l#mg%-1%
{11:56:24 am} - [UNKNOWN PACKET] > %xt%s%p#pgu%-1%
{11:56:24 am} - [UNKNOWN PACKET] > %xt%s%f#epfgr%-1%
{11:56:24 am} - [UNKNOWN PACKET] > %xt%s%f#epfga%-1%
{11:56:24 am} - [UNKNOWN PACKET] > %xt%s%f#epfgr%-1%
{11:56:24 am} - [UNKNOWN PACKET] > %xt%s%f#epfgf%-1%
{11:52:47 am} - [UNKNOWN PACKET] > %xt%s%iCP#sd%-1%Lalalala.%
{11:56:24 am} - [UNKNOWN PACKET] > %xt%s%l#mst%-1%
{11:56:24 am} - [UNKNOWN PACKET] > %xt%s%l#mg%-1%
{11:56:24 am} - [UNKNOWN PACKET] > %xt%s%p#pgu%-1%
{11:56:24 am} - [UNKNOWN PACKET] > %xt%s%f#epfgr%-1%
{11:56:24 am} - [UNKNOWN PACKET] > %xt%s%f#epfgf%-1%
{11:52:47 am} - [UNKNOWN PACKET] > %xt%s%iCP#sd%-1%Lalalala.%
{12:09:24 pm} - [UNKNOWN PACKET] > %xt%s%l#mst%-1%
{12:09:24 pm} - [UNKNOWN PACKET] > %xt%s%l#mg%-1%
{12:09:24 pm} - [UNKNOWN PACKET] > %xt%s%f#epfgr%-1%
{12:09:24 pm} - [UNKNOWN PACKET] > %xt%s%f#epfgf%-1%
{11:52:47 am} - [UNKNOWN PACKET] > %xt%s%iCP#sd%-1%Lalalala.%
{12:10:42 pm} - [UNKNOWN PACKET] > %xt%s%l#mst%-1%
{12:10:42 pm} - [UNKNOWN PACKET] > %xt%s%l#mg%-1%
{12:10:42 pm} - [UNKNOWN PACKET] > %xt%s%p#pgu%-1%
{12:10:42 pm} - [UNKNOWN PACKET] > %xt%s%f#epfgr%-1%
{12:10:42 pm} - [UNKNOWN PACKET] > %xt%s%f#epfgf%-1%
{11:52:47 am} - [UNKNOWN PACKET] > %xt%s%iCP#sd%-1%Lalalala.%
{12:11:30 pm} - [UNKNOWN PACKET] > %xt%s%l#mst%-1%
{12:11:30 pm} - [UNKNOWN PACKET] > %xt%s%l#mg%-1%
{12:11:30 pm} - [UNKNOWN PACKET] > %xt%s%p#pgu%-1%
{12:11:30 pm} - [UNKNOWN PACKET] > %xt%s%f#epfgr%-1%
{12:11:30 pm} - [UNKNOWN PACKET] > %xt%s%f#epfga%-1%
{12:11:30 pm} - [UNKNOWN PACKET] > %xt%s%f#epfgf%-1%
{11:52:47 am} - [UNKNOWN PACKET] > %xt%s%iCP#sd%-1%Lalalala.%
{12:13:41 pm} - [UNKNOWN PACKET] > %xt%s%l#mst%-1%
{12:13:41 pm} - [UNKNOWN PACKET] > %xt%s%l#mg%-1%
{12:13:41 pm} - [UNKNOWN PACKET] > %xt%s%p#pgu%-1%
{12:13:41 pm} - [UNKNOWN PACKET] > %xt%s%f#epfgr%-1%
{12:13:41 pm} - [UNKNOWN PACKET] > %xt%s%f#epfga%-1%
{12:13:41 pm} - [UNKNOWN PACKET] > %xt%s%f#epfgr%-1%
{12:13:41 pm} - [UNKNOWN PACKET] > %xt%s%f#epfgf%-1%
{12:13:41 pm} - [UNKNOWN PACKET] > %xt%s%f#epfgr%-1%
{12:13:41 pm} - [UNKNOWN PACKET] > %xt%s%f#epfgr%-1%
{12:13:41 pm} - [UNKNOWN PACKET] > %xt%s%st#sse%-1%13%
{11:52:47 am} - [UNKNOWN PACKET] > %xt%s%iCP#sd%-1%Lalalala.%
{12:31:23 pm} - [UNKNOWN PACKET] > %xt%s%l#mst%-1%
{12:31:23 pm} - [UNKNOWN PACKET] > %xt%s%l#mg%-1%
{12:31:23 pm} - [UNKNOWN PACKET] > %xt%s%p#pgu%-1%
{12:31:23 pm} - [UNKNOWN PACKET] > %xt%s%f#epfgr%-1%
{12:31:23 pm} - [UNKNOWN PACKET] > %xt%s%f#epfgf%-1%
{11:52:47 am} - [UNKNOWN PACKET] > %xt%s%iCP#sd%-1%Lalalala.%
{12:32:12 pm} - [UNKNOWN PACKET] > %xt%s%l#mst%-1%
{12:32:12 pm} - [UNKNOWN PACKET] > %xt%s%l#mg%-1%
{12:32:12 pm} - [UNKNOWN PACKET] > %xt%s%p#pgu%-1%
{12:32:12 pm} - [UNKNOWN PACKET] > %xt%s%f#epfga%-1%
{12:32:12 pm} - [UNKNOWN PACKET] > %xt%s%f#epfgr%-1%
{12:32:12 pm} - [UNKNOWN PACKET] > %xt%s%f#epfgr%-1%
{12:32:12 pm} - [UNKNOWN PACKET] > %xt%s%f#epfgf%-1%
{11:52:47 am} - [UNKNOWN PACKET] > %xt%s%iCP#sd%-1%Lalalala.%
{12:32:47 pm} - [UNKNOWN PACKET] > %xt%s%l#mst%-1%
{12:32:47 pm} - [UNKNOWN PACKET] > %xt%s%l#mg%-1%
{12:32:47 pm} - [UNKNOWN PACKET] > %xt%s%f#epfgr%-1%
{12:32:47 pm} - [UNKNOWN PACKET] > %xt%s%f#epfgf%-1%
{11:52:47 am} - [UNKNOWN PACKET] > %xt%s%iCP#sd%-1%Lalalala.%
{12:34:12 pm} - [UNKNOWN PACKET] > %xt%s%l#mst%-1%
{12:34:12 pm} - [UNKNOWN PACKET] > %xt%s%l#mg%-1%
{12:34:12 pm} - [UNKNOWN PACKET] > %xt%s%p#pgu%-1%
{12:34:12 pm} - [UNKNOWN PACKET] > %xt%s%f#epfgr%-1%
{12:34:12 pm} - [UNKNOWN PACKET] > %xt%s%f#epfgf%-1%
{11:52:47 am} - [UNKNOWN PACKET] > %xt%s%iCP#sd%-1%Lalalala.%
{12:34:58 pm} - [UNKNOWN PACKET] > %xt%s%l#mst%-1%
{12:34:58 pm} - [UNKNOWN PACKET] > %xt%s%l#mg%-1%
{12:34:58 pm} - [UNKNOWN PACKET] > %xt%s%p#pgu%-1%
{12:34:58 pm} - [UNKNOWN PACKET] > %xt%s%f#epfgr%-1%
{12:34:58 pm} - [UNKNOWN PACKET] > %xt%s%f#epfgf%-1%
{11:52:47 am} - [UNKNOWN PACKET] > %xt%s%iCP#sd%-1%Lalalala.%
{12:36:05 pm} - [UNKNOWN PACKET] > %xt%s%l#mst%-1%
{12:36:05 pm} - [UNKNOWN PACKET] > %xt%s%l#mg%-1%
{12:36:05 pm} - [UNKNOWN PACKET] > %xt%s%p#pgu%-1%
{12:36:05 pm} - [UNKNOWN PACKET] > %xt%s%f#epfgr%-1%
{12:36:05 pm} - [UNKNOWN PACKET] > %xt%s%f#epfga%-1%
{12:36:05 pm} - [UNKNOWN PACKET] > %xt%s%f#epfgr%-1%
{12:36:05 pm} - [UNKNOWN PACKET] > %xt%s%f#epfgf%-1%
{11:52:47 am} - [UNKNOWN PACKET] > %xt%s%iCP#sd%-1%Lalalala.%
{12:36:49 pm} - [UNKNOWN PACKET] > %xt%s%l#mst%-1%
{12:36:49 pm} - [UNKNOWN PACKET] > %xt%s%l#mg%-1%
{12:36:49 pm} - [UNKNOWN PACKET] > %xt%s%p#pgu%-1%
{12:36:49 pm} - [UNKNOWN PACKET] > %xt%s%f#epfga%-1%
{12:36:49 pm} - [UNKNOWN PACKET] > %xt%s%f#epfgr%-1%
{12:36:49 pm} - [UNKNOWN PACKET] > %xt%s%f#epfgf%-1%
{11:52:47 am} - [UNKNOWN PACKET] > %xt%s%iCP#sd%-1%Lalalala.%
{12:37:22 pm} - [UNKNOWN PACKET] > %xt%s%l#mst%-1%
{12:37:22 pm} - [UNKNOWN PACKET] > %xt%s%l#mg%-1%
{12:37:22 pm} - [UNKNOWN PACKET] > %xt%s%p#pgu%-1%
{12:37:22 pm} - [UNKNOWN PACKET] > %xt%s%f#epfga%-1%
{12:37:22 pm} - [UNKNOWN PACKET] > %xt%s%f#epfgr%-1%
{12:37:22 pm} - [UNKNOWN PACKET] > %xt%s%f#epfgf%-1%
{11:52:47 am} - [UNKNOWN PACKET] > %xt%s%iCP#sd%-1%Lalalala.%
{12:38:48 pm} - [UNKNOWN PACKET] > %xt%s%l#mst%-1%
{12:38:48 pm} - [UNKNOWN PACKET] > %xt%s%l#mg%-1%
{12:38:48 pm} - [UNKNOWN PACKET] > %xt%s%p#pgu%-1%
{12:38:48 pm} - [UNKNOWN PACKET] > %xt%s%f#epfgr%-1%
{12:38:48 pm} - [UNKNOWN PACKET] > %xt%s%f#epfga%-1%
{12:38:48 pm} - [UNKNOWN PACKET] > %xt%s%f#epfgr%-1%
{12:38:48 pm} - [UNKNOWN PACKET] > %xt%s%f#epfgf%-1%
{11:52:47 am} - [UNKNOWN PACKET] > %xt%s%iCP#sd%-1%Lalalala.%
{12:39:21 pm} - [UNKNOWN PACKET] > %xt%s%l#mst%-1%
{12:39:21 pm} - [UNKNOWN PACKET] > %xt%s%l#mg%-1%
{12:39:21 pm} - [UNKNOWN PACKET] > %xt%s%p#pgu%-1%
{12:39:21 pm} - [UNKNOWN PACKET] > %xt%s%f#epfgr%-1%
{12:39:21 pm} - [UNKNOWN PACKET] > %xt%s%f#epfgf%-1%
{11:52:47 am} - [UNKNOWN PACKET] > %xt%s%iCP#sd%-1%Lalalala.%
{12:40:33 pm} - [UNKNOWN PACKET] > %xt%s%l#mst%-1%
{12:40:33 pm} - [UNKNOWN PACKET] > %xt%s%l#mg%-1%
{12:40:33 pm} - [UNKNOWN PACKET] > %xt%s%p#pgu%-1%
{12:40:33 pm} - [UNKNOWN PACKET] > %xt%s%f#epfgr%-1%
{12:40:33 pm} - [UNKNOWN PACKET] > %xt%s%f#epfgf%-1%
{11:52:47 am} - [UNKNOWN PACKET] > %xt%s%iCP#sd%-1%Lalalala.%
{12:41:08 pm} - [UNKNOWN PACKET] > %xt%s%l#mst%-1%
{12:41:08 pm} - [UNKNOWN PACKET] > %xt%s%l#mg%-1%
{12:41:08 pm} - [UNKNOWN PACKET] > %xt%s%f#epfgr%-1%
{12:41:08 pm} - [UNKNOWN PACKET] > %xt%s%f#epfgr%-1%
{12:41:08 pm} - [UNKNOWN PACKET] > %xt%s%f#epfgf%-1%
{11:52:47 am} - [UNKNOWN PACKET] > %xt%s%iCP#sd%-1%Lalalala.%
{12:43:25 pm} - [UNKNOWN PACKET] > %xt%s%l#mst%-1%
{12:43:25 pm} - [UNKNOWN PACKET] > %xt%s%l#mg%-1%
{12:43:25 pm} - [UNKNOWN PACKET] > %xt%s%p#pgu%-1%
{12:43:25 pm} - [UNKNOWN PACKET] > %xt%s%f#epfgr%-1%
{12:43:25 pm} - [UNKNOWN PACKET] > %xt%s%f#epfga%-1%
{12:43:25 pm} - [UNKNOWN PACKET] > %xt%s%f#epfgr%-1%
{12:43:25 pm} - [UNKNOWN PACKET] > %xt%s%f#epfgf%-1%
{11:52:47 am} - [UNKNOWN PACKET] > %xt%s%iCP#sd%-1%Lalalala.%
{12:45:14 pm} - [UNKNOWN PACKET] > %xt%s%l#mst%-1%
{12:45:14 pm} - [UNKNOWN PACKET] > %xt%s%l#mg%-1%
{12:45:14 pm} - [UNKNOWN PACKET] > %xt%s%p#pgu%-1%
{12:45:14 pm} - [UNKNOWN PACKET] > %xt%s%f#epfga%-1%
{12:45:14 pm} - [UNKNOWN PACKET] > %xt%s%f#epfgf%-1%
{12:45:14 pm} - [UNKNOWN PACKET] > %xt%s%f#epfgr%-1%
{12:45:14 pm} - [UNKNOWN PACKET] > %xt%s%st#sse%-1%13%
{11:52:47 am} - [UNKNOWN PACKET] > %xt%s%iCP#sd%-1%Lalalala.%
{12:47:42 pm} - [UNKNOWN PACKET] > %xt%s%l#mst%-1%
{12:47:42 pm} - [UNKNOWN PACKET] > %xt%s%l#mg%-1%
{12:47:42 pm} - [UNKNOWN PACKET] > %xt%s%p#pgu%-1%
{12:47:42 pm} - [UNKNOWN PACKET] > %xt%s%f#epfgr%-1%
{12:47:42 pm} - [UNKNOWN PACKET] > %xt%s%f#epfga%-1%
{12:47:42 pm} - [UNKNOWN PACKET] > %xt%s%f#epfgr%-1%
{12:47:42 pm} - [UNKNOWN PACKET] > %xt%s%f#epfgf%-1%
{12:47:42 pm} - [UNKNOWN PACKET] > %xt%s%f#epfgr%-1%
{12:47:42 pm} - [UNKNOWN PACKET] > %xt%s%f#epfgr%-1%
{12:52:57 pm} - [UNKNOWN PACKET] > %xt%s%iCP#sd%-1%Lalalala.%
{12:52:56 pm} - [UNKNOWN PACKET] > %xt%s%l#mst%-1%
{12:52:56 pm} - [UNKNOWN PACKET] > %xt%s%l#mg%-1%
{12:52:56 pm} - [UNKNOWN PACKET] > %xt%s%p#pgu%-1%
{12:52:56 pm} - [UNKNOWN PACKET] > %xt%s%f#epfgr%-1%
{12:52:56 pm} - [UNKNOWN PACKET] > %xt%s%f#epfgf%-1%
{12:52:57 pm} - [UNKNOWN PACKET] > %xt%s%iCP#sd%-1%Lalalala.%
{12:53:27 pm} - [UNKNOWN PACKET] > %xt%s%l#mst%-1%
{12:53:27 pm} - [UNKNOWN PACKET] > %xt%s%l#mg%-1%
{12:53:27 pm} - [UNKNOWN PACKET] > %xt%s%p#pgu%-1%
{12:53:27 pm} - [UNKNOWN PACKET] > %xt%s%f#epfgr%-1%
{12:53:27 pm} - [UNKNOWN PACKET] > %xt%s%f#epfga%-1%
{12:53:27 pm} - [UNKNOWN PACKET] > %xt%s%f#epfgr%-1%
{12:53:27 pm} - [UNKNOWN PACKET] > %xt%s%f#epfgf%-1%
{12:54:00 pm} - [UNKNOWN PACKET] > %xt%s%iCP#sd%-1%Lalalala.%
{12:54:18 pm} - [UNKNOWN PACKET] > %xt%s%iCP#sd%-1%Lalalala.%
{12:54:19 pm} - [UNKNOWN PACKET] > %xt%s%l#mst%-1%
{12:54:19 pm} - [UNKNOWN PACKET] > %xt%s%l#mg%-1%
{12:54:19 pm} - [UNKNOWN PACKET] > %xt%s%p#pgu%-1%
{12:54:19 pm} - [UNKNOWN PACKET] > %xt%s%f#epfgr%-1%
{12:54:19 pm} - [UNKNOWN PACKET] > %xt%s%f#epfgf%-1%
{12:54:18 pm} - [UNKNOWN PACKET] > %xt%s%iCP#sd%-1%Lalalala.%
{12:55:14 pm} - [UNKNOWN PACKET] > %xt%s%l#mst%-1%
{12:55:14 pm} - [UNKNOWN PACKET] > %xt%s%l#mg%-1%
{12:55:14 pm} - [UNKNOWN PACKET] > %xt%s%p#pgu%-1%
{12:55:14 pm} - [UNKNOWN PACKET] > %xt%s%f#epfgr%-1%
{12:55:14 pm} - [UNKNOWN PACKET] > %xt%s%f#epfgf%-1%
{12:54:18 pm} - [UNKNOWN PACKET] > %xt%s%iCP#sd%-1%Lalalala.%
{12:55:47 pm} - [UNKNOWN PACKET] > %xt%s%l#mst%-1%
{12:55:47 pm} - [UNKNOWN PACKET] > %xt%s%l#mg%-1%
{12:55:47 pm} - [UNKNOWN PACKET] > %xt%s%p#pgu%-1%
{12:55:47 pm} - [UNKNOWN PACKET] > %xt%s%f#epfgr%-1%
{12:55:47 pm} - [UNKNOWN PACKET] > %xt%s%f#epfgr%-1%
{12:55:47 pm} - [UNKNOWN PACKET] > %xt%s%f#epfgf%-1%
{12:54:18 pm} - [UNKNOWN PACKET] > %xt%s%iCP#sd%-1%Lalalala.%
{12:56:53 pm} - [UNKNOWN PACKET] > %xt%s%l#mst%-1%
{12:56:53 pm} - [UNKNOWN PACKET] > %xt%s%l#mg%-1%
{12:56:53 pm} - [UNKNOWN PACKET] > %xt%s%p#pgu%-1%
{12:56:53 pm} - [UNKNOWN PACKET] > %xt%s%f#epfgr%-1%
{12:56:53 pm} - [UNKNOWN PACKET] > %xt%s%f#epfga%-1%
{12:56:53 pm} - [UNKNOWN PACKET] > %xt%s%f#epfgr%-1%
{12:56:53 pm} - [UNKNOWN PACKET] > %xt%s%f#epfgf%-1%
{12:54:18 pm} - [UNKNOWN PACKET] > %xt%s%iCP#sd%-1%Lalalala.%
{12:57:36 pm} - [UNKNOWN PACKET] > %xt%s%l#mst%-1%
{12:57:36 pm} - [UNKNOWN PACKET] > %xt%s%l#mg%-1%
{12:57:36 pm} - [UNKNOWN PACKET] > %xt%s%p#pgu%-1%
{12:57:36 pm} - [UNKNOWN PACKET] > %xt%s%f#epfgr%-1%
{12:57:36 pm} - [UNKNOWN PACKET] > %xt%s%f#epfgf%-1%
{12:58:52 pm} - [UNKNOWN PACKET] > %xt%s%iCP#sd%-1%Lalalala.%
{1:12:44 pm} - [UNKNOWN PACKET] > %xt%s%l#mst%-1%
{1:12:44 pm} - [UNKNOWN PACKET] > %xt%s%l#mg%-1%
{1:12:44 pm} - [UNKNOWN PACKET] > %xt%s%p#pgu%-1%
{1:12:44 pm} - [UNKNOWN PACKET] > %xt%s%f#epfga%-1%
{1:12:44 pm} - [UNKNOWN PACKET] > %xt%s%f#epfgf%-1%
